[10:23:02] INFO     (0:00:00) =======================================================                      
           INFO     (0:00:00)          Unfolding Schrodinger Bridge                                        
           INFO     (0:00:00) =======================================================                      
           INFO     (0:00:00) Command used:                                                                
                    train_physics.py --corrupt BSBUnfold_Z2Jet_KL01_iter5M_6x256_SelfCond --n-gpu-per-node 
                    1 --beta-max 0.1 --sample-name Z_2j --num-itr 5000000 --kl 0.1 --hidden-dim 256        
                    --nresnet 6 --cond-x1                                                                  
           INFO     (0:00:00) Experiment ID: BSBUnfold_Z2Jet_KL01_iter5M_6x256_SelfCond                    
gen_train.shape (1500000, 22)
rec_train.shape (1500000, 22)
gen_test.shape (400000, 22)
rec_test.shape (400000, 22)
[10:23:03] INFO     (0:00:01) Saved options pickle to                                                      
                    results/BSBUnfold_Z2Jet_KL01_iter5M_6x256_SelfCond/options.pkl!                        
[10:23:04] INFO     (0:00:02) [Diffusion] Built I2SB diffusion: steps=1000!                                
           INFO     (0:00:02) [Diffusion] Number of trainable parameters: 2155030!                         
[10:23:05] INFO     (0:00:03) [Opt] Built AdamW optimizer optim_dict={'lr': 0.001, 'weight_decay': 0.0}!   
           INFO     (0:00:03) [Opt] Built lr step scheduler sched_dict={'step_size': 500, 'gamma': 0.99}!  
[10:23:07] INFO     (0:00:05) train_it 1/5000000 | lr:1.00e-03 | loss:+13.2615                             
           INFO     (0:00:05) Saved latest(it=0) checkpoint to                                             
                    opt.ckpt_path=PosixPath('results/BSBUnfold_Z2Jet_KL01_iter5M_6x256_SelfCond')!         
[10:24:23] INFO     (0:01:21) train_it 5001/5000000 | lr:9.04e-04 | loss:+3.6008                           
[10:25:42] INFO     (0:02:40) train_it 10001/5000000 | lr:8.18e-04 | loss:+2.6014                          
[10:26:57] INFO     (0:03:54) train_it 15001/5000000 | lr:7.40e-04 | loss:+2.3481                          
           INFO     (0:03:55) Saved latest(it=15000) checkpoint to                                         
                    opt.ckpt_path=PosixPath('results/BSBUnfold_Z2Jet_KL01_iter5M_6x256_SelfCond')!         
[10:28:12] INFO     (0:05:10) train_it 20001/5000000 | lr:6.69e-04 | loss:+2.1863                          
[10:29:28] INFO     (0:06:26) train_it 25001/5000000 | lr:6.05e-04 | loss:+2.0852                          
[10:30:43] INFO     (0:07:40) train_it 30001/5000000 | lr:5.47e-04 | loss:+2.0075                          
           INFO     (0:07:41) Saved latest(it=30000) checkpoint to                                         
                    opt.ckpt_path=PosixPath('results/BSBUnfold_Z2Jet_KL01_iter5M_6x256_SelfCond')!         
[10:31:58] INFO     (0:08:56) train_it 35001/5000000 | lr:4.95e-04 | loss:+1.9539                          
[10:33:16] INFO     (0:10:14) train_it 40001/5000000 | lr:4.48e-04 | loss:+1.9126                          
[10:34:31] INFO     (0:11:29) train_it 45001/5000000 | lr:4.05e-04 | loss:+1.8813                          
[10:34:32] INFO     (0:11:30) Saved latest(it=45000) checkpoint to                                         
                    opt.ckpt_path=PosixPath('results/BSBUnfold_Z2Jet_KL01_iter5M_6x256_SelfCond')!         
[10:35:48] INFO     (0:12:46) train_it 50001/5000000 | lr:3.66e-04 | loss:+1.8380                          
[10:37:11] INFO     (0:14:09) train_it 55001/5000000 | lr:3.31e-04 | loss:+1.8033                          
[10:38:27] INFO     (0:15:25) train_it 60001/5000000 | lr:2.99e-04 | loss:+1.7790                          
           INFO     (0:15:25) Saved latest(it=60000) checkpoint to                                         
                    opt.ckpt_path=PosixPath('results/BSBUnfold_Z2Jet_KL01_iter5M_6x256_SelfCond')!         
[10:39:42] INFO     (0:16:40) train_it 65001/5000000 | lr:2.71e-04 | loss:+1.7503                          
[10:40:56] INFO     (0:17:54) train_it 70001/5000000 | lr:2.45e-04 | loss:+1.7264                          
[10:42:11] INFO     (0:19:09) train_it 75001/5000000 | lr:2.21e-04 | loss:+1.7057                          
[10:42:12] INFO     (0:19:10) Saved latest(it=75000) checkpoint to                                         
                    opt.ckpt_path=PosixPath('results/BSBUnfold_Z2Jet_KL01_iter5M_6x256_SelfCond')!         
[10:43:28] INFO     (0:20:25) train_it 80001/5000000 | lr:2.00e-04 | loss:+1.6995                          
[10:44:43] INFO     (0:21:41) train_it 85001/5000000 | lr:1.81e-04 | loss:+1.6786                          
[10:45:57] INFO     (0:22:55) train_it 90001/5000000 | lr:1.64e-04 | loss:+1.6629                          
[10:45:59] INFO     (0:22:57) Saved latest(it=90000) checkpoint to                                         
                    opt.ckpt_path=PosixPath('results/BSBUnfold_Z2Jet_KL01_iter5M_6x256_SelfCond')!         
[10:47:21] INFO     (0:24:19) train_it 95001/5000000 | lr:1.48e-04 | loss:+1.6616                          
[10:48:42] INFO     (0:25:40) train_it 100001/5000000 | lr:1.34e-04 | loss:+1.6423                         
[10:50:02] INFO     (0:27:00) train_it 105001/5000000 | lr:1.21e-04 | loss:+1.6376                         
[10:50:04] INFO     (0:27:02) Saved latest(it=105000) checkpoint to                                        
                    opt.ckpt_path=PosixPath('results/BSBUnfold_Z2Jet_KL01_iter5M_6x256_SelfCond')!         
[10:51:26] INFO     (0:28:23) train_it 110001/5000000 | lr:1.10e-04 | loss:+1.6282                         
[10:52:47] INFO     (0:29:44) train_it 115001/5000000 | lr:9.91e-05 | loss:+1.6093                         
[10:54:09] INFO     (0:31:06) train_it 120001/5000000 | lr:8.96e-05 | loss:+1.6060                         
[10:54:10] INFO     (0:31:08) Saved latest(it=120000) checkpoint to                                        
                    opt.ckpt_path=PosixPath('results/BSBUnfold_Z2Jet_KL01_iter5M_6x256_SelfCond')!         
[10:55:30] INFO     (0:32:28) train_it 125001/5000000 | lr:8.11e-05 | loss:+1.5954                         
[10:56:51] INFO     (0:33:49) train_it 130001/5000000 | lr:7.33e-05 | loss:+1.5986                         
[10:58:13] INFO     (0:35:11) train_it 135001/5000000 | lr:6.63e-05 | loss:+1.5840                         
[10:58:14] INFO     (0:35:12) Saved latest(it=135000) checkpoint to                                        
                    opt.ckpt_path=PosixPath('results/BSBUnfold_Z2Jet_KL01_iter5M_6x256_SelfCond')!         
[10:59:35] INFO     (0:36:33) train_it 140001/5000000 | lr:6.00e-05 | loss:+1.5833                         
[11:00:55] INFO     (0:37:53) train_it 145001/5000000 | lr:5.42e-05 | loss:+1.5747                         
[11:02:10] INFO     (0:39:08) train_it 150001/5000000 | lr:4.90e-05 | loss:+1.5752                         
[11:02:11] INFO     (0:39:09) Saved latest(it=150000) checkpoint to                                        
                    opt.ckpt_path=PosixPath('results/BSBUnfold_Z2Jet_KL01_iter5M_6x256_SelfCond')!         
[11:03:30] INFO     (0:40:28) train_it 155001/5000000 | lr:4.44e-05 | loss:+1.5680                         
[11:04:53] INFO     (0:41:51) train_it 160001/5000000 | lr:4.01e-05 | loss:+1.5730                         
[11:06:16] INFO     (0:43:14) train_it 165001/5000000 | lr:3.63e-05 | loss:+1.5664                         
[11:06:17] INFO     (0:43:15) Saved latest(it=165000) checkpoint to                                        
                    opt.ckpt_path=PosixPath('results/BSBUnfold_Z2Jet_KL01_iter5M_6x256_SelfCond')!         
[11:07:40] INFO     (0:44:38) train_it 170001/5000000 | lr:3.28e-05 | loss:+1.5652                         
[11:09:01] INFO     (0:45:59) train_it 175001/5000000 | lr:2.97e-05 | loss:+1.5596                         
[11:10:23] INFO     (0:47:21) train_it 180001/5000000 | lr:2.68e-05 | loss:+1.5526                         
[11:10:24] INFO     (0:47:22) Saved latest(it=180000) checkpoint to                                        
                    opt.ckpt_path=PosixPath('results/BSBUnfold_Z2Jet_KL01_iter5M_6x256_SelfCond')!         
[11:11:45] INFO     (0:48:43) train_it 185001/5000000 | lr:2.43e-05 | loss:+1.5529                         
[11:13:05] INFO     (0:50:03) train_it 190001/5000000 | lr:2.19e-05 | loss:+1.5592                         
[11:14:20] INFO     (0:51:18) train_it 195001/5000000 | lr:1.98e-05 | loss:+1.5520                         
[11:14:21] INFO     (0:51:19) Saved latest(it=195000) checkpoint to                                        
                    opt.ckpt_path=PosixPath('results/BSBUnfold_Z2Jet_KL01_iter5M_6x256_SelfCond')!         
[11:15:37] INFO     (0:52:35) train_it 200001/5000000 | lr:1.80e-05 | loss:+1.5561                         
[11:16:52] INFO     (0:53:50) train_it 205001/5000000 | lr:1.62e-05 | loss:+1.5487                         
[11:18:08] INFO     (0:55:06) train_it 210001/5000000 | lr:1.47e-05 | loss:+1.5444                         
[11:18:09] INFO     (0:55:07) Saved latest(it=210000) checkpoint to                                        
                    opt.ckpt_path=PosixPath('results/BSBUnfold_Z2Jet_KL01_iter5M_6x256_SelfCond')!         
[11:19:25] INFO     (0:56:23) train_it 215001/5000000 | lr:1.33e-05 | loss:+1.5402                         
[11:20:41] INFO     (0:57:39) train_it 220001/5000000 | lr:1.20e-05 | loss:+1.5366                         
[11:21:57] INFO     (0:58:55) train_it 225001/5000000 | lr:1.09e-05 | loss:+1.5489                         
[11:21:58] INFO     (0:58:56) Saved latest(it=225000) checkpoint to                                        
                    opt.ckpt_path=PosixPath('results/BSBUnfold_Z2Jet_KL01_iter5M_6x256_SelfCond')!         
[11:23:15] INFO     (1:00:13) train_it 230001/5000000 | lr:9.82e-06 | loss:+1.5452                         
[11:24:31] INFO     (1:01:29) train_it 235001/5000000 | lr:8.88e-06 | loss:+1.5394                         
[11:25:46] INFO     (1:02:44) train_it 240001/5000000 | lr:8.03e-06 | loss:+1.5410                         
[11:25:47] INFO     (1:02:45) Saved latest(it=240000) checkpoint to                                        
                    opt.ckpt_path=PosixPath('results/BSBUnfold_Z2Jet_KL01_iter5M_6x256_SelfCond')!         
[11:27:03] INFO     (1:04:01) train_it 245001/5000000 | lr:7.27e-06 | loss:+1.5385                         
[11:28:19] INFO     (1:05:17) train_it 250001/5000000 | lr:6.57e-06 | loss:+1.5423                         
[11:29:35] INFO     (1:06:33) train_it 255001/5000000 | lr:5.94e-06 | loss:+1.5418                         
[11:29:36] INFO     (1:06:34) Saved latest(it=255000) checkpoint to                                        
                    opt.ckpt_path=PosixPath('results/BSBUnfold_Z2Jet_KL01_iter5M_6x256_SelfCond')!         
[11:30:55] INFO     (1:07:53) train_it 260001/5000000 | lr:5.37e-06 | loss:+1.5376                         
[11:32:11] INFO     (1:09:09) train_it 265001/5000000 | lr:4.86e-06 | loss:+1.5376                         
[11:33:26] INFO     (1:10:24) train_it 270001/5000000 | lr:4.40e-06 | loss:+1.5420                         
[11:33:27] INFO     (1:10:25) Saved latest(it=270000) checkpoint to                                        
                    opt.ckpt_path=PosixPath('results/BSBUnfold_Z2Jet_KL01_iter5M_6x256_SelfCond')!         
[11:34:43] INFO     (1:11:41) train_it 275001/5000000 | lr:3.98e-06 | loss:+1.5413                         
[11:35:59] INFO     (1:12:57) train_it 280001/5000000 | lr:3.60e-06 | loss:+1.5337                         
[11:37:15] INFO     (1:14:13) train_it 285001/5000000 | lr:3.25e-06 | loss:+1.5358                         
           INFO     (1:14:13) Saved latest(it=285000) checkpoint to                                        
                    opt.ckpt_path=PosixPath('results/BSBUnfold_Z2Jet_KL01_iter5M_6x256_SelfCond')!         
[11:38:31] INFO     (1:15:29) train_it 290001/5000000 | lr:2.94e-06 | loss:+1.5395                         
[11:39:47] INFO     (1:16:45) train_it 295001/5000000 | lr:2.66e-06 | loss:+1.5364                         
[11:41:06] INFO     (1:18:03) train_it 300001/5000000 | lr:2.41e-06 | loss:+1.5370                         
           INFO     (1:18:04) Saved latest(it=300000) checkpoint to                                        
                    opt.ckpt_path=PosixPath('results/BSBUnfold_Z2Jet_KL01_iter5M_6x256_SelfCond')!         
[11:42:22] INFO     (1:19:20) train_it 305001/5000000 | lr:2.18e-06 | loss:+1.5391                         
[11:43:38] INFO     (1:20:36) train_it 310001/5000000 | lr:1.97e-06 | loss:+1.5356                         
[11:44:54] INFO     (1:21:52) train_it 315001/5000000 | lr:1.78e-06 | loss:+1.5365                         
[11:44:55] INFO     (1:21:53) Saved latest(it=315000) checkpoint to                                        
                    opt.ckpt_path=PosixPath('results/BSBUnfold_Z2Jet_KL01_iter5M_6x256_SelfCond')!         
[11:46:11] INFO     (1:23:09) train_it 320001/5000000 | lr:1.61e-06 | loss:+1.5385                         
[11:47:27] INFO     (1:24:25) train_it 325001/5000000 | lr:1.46e-06 | loss:+1.5344                         
[11:48:43] INFO     (1:25:41) train_it 330001/5000000 | lr:1.32e-06 | loss:+1.5370                         
[11:48:44] INFO     (1:25:42) Saved latest(it=330000) checkpoint to                                        
                    opt.ckpt_path=PosixPath('results/BSBUnfold_Z2Jet_KL01_iter5M_6x256_SelfCond')!         
[11:50:00] INFO     (1:26:58) train_it 335001/5000000 | lr:1.19e-06 | loss:+1.5371                         
[11:51:16] INFO     (1:28:14) train_it 340001/5000000 | lr:1.08e-06 | loss:+1.5363                         
[11:52:36] INFO     (1:29:34) train_it 345001/5000000 | lr:9.73e-07 | loss:+1.5331                         
[11:52:37] INFO     (1:29:35) Saved latest(it=345000) checkpoint to                                        
                    opt.ckpt_path=PosixPath('results/BSBUnfold_Z2Jet_KL01_iter5M_6x256_SelfCond')!         
[11:53:55] INFO     (1:30:53) train_it 350001/5000000 | lr:8.80e-07 | loss:+1.5336                         
[11:55:11] INFO     (1:32:09) train_it 355001/5000000 | lr:7.96e-07 | loss:+1.5320                         
[11:56:26] INFO     (1:33:24) train_it 360001/5000000 | lr:7.20e-07 | loss:+1.5368                         
           INFO     (1:33:24) Saved latest(it=360000) checkpoint to                                        
                    opt.ckpt_path=PosixPath('results/BSBUnfold_Z2Jet_KL01_iter5M_6x256_SelfCond')!         
[11:57:42] INFO     (1:34:40) train_it 365001/5000000 | lr:6.51e-07 | loss:+1.5318                         
[11:58:57] INFO     (1:35:55) train_it 370001/5000000 | lr:5.89e-07 | loss:+1.5333                         
[12:00:15] INFO     (1:37:12) train_it 375001/5000000 | lr:5.33e-07 | loss:+1.5357                         
[12:00:16] INFO     (1:37:14) Saved latest(it=375000) checkpoint to                                        
                    opt.ckpt_path=PosixPath('results/BSBUnfold_Z2Jet_KL01_iter5M_6x256_SelfCond')!         
[12:01:31] INFO     (1:38:29) train_it 380001/5000000 | lr:4.82e-07 | loss:+1.5326                         
[12:02:47] INFO     (1:39:45) train_it 385001/5000000 | lr:4.36e-07 | loss:+1.5341                         
[12:04:04] INFO     (1:41:01) train_it 390001/5000000 | lr:3.94e-07 | loss:+1.5330                         
           INFO     (1:41:02) Saved latest(it=390000) checkpoint to                                        
                    opt.ckpt_path=PosixPath('results/BSBUnfold_Z2Jet_KL01_iter5M_6x256_SelfCond')!         
[12:05:20] INFO     (1:42:18) train_it 395001/5000000 | lr:3.56e-07 | loss:+1.5387                         
[12:06:36] INFO     (1:43:34) train_it 400001/5000000 | lr:3.22e-07 | loss:+1.5358                         
[12:07:51] INFO     (1:44:49) train_it 405001/5000000 | lr:2.91e-07 | loss:+1.5371                         
[12:07:53] INFO     (1:44:50) Saved latest(it=405000) checkpoint to                                        
                    opt.ckpt_path=PosixPath('results/BSBUnfold_Z2Jet_KL01_iter5M_6x256_SelfCond')!         
[12:09:08] INFO     (1:46:06) train_it 410001/5000000 | lr:2.64e-07 | loss:+1.5340                         
[12:10:26] INFO     (1:47:24) train_it 415001/5000000 | lr:2.38e-07 | loss:+1.5343                         
[12:11:41] INFO     (1:48:39) train_it 420001/5000000 | lr:2.16e-07 | loss:+1.5293                         
[12:11:42] INFO     (1:48:40) Saved latest(it=420000) checkpoint to                                        
                    opt.ckpt_path=PosixPath('results/BSBUnfold_Z2Jet_KL01_iter5M_6x256_SelfCond')!         
[12:12:58] INFO     (1:49:56) train_it 425001/5000000 | lr:1.95e-07 | loss:+1.5308                         
[12:14:13] INFO     (1:51:11) train_it 430001/5000000 | lr:1.76e-07 | loss:+1.5326                         
[12:15:29] INFO     (1:52:27) train_it 435001/5000000 | lr:1.59e-07 | loss:+1.5310                         
           INFO     (1:52:27) Saved latest(it=435000) checkpoint to                                        
                    opt.ckpt_path=PosixPath('results/BSBUnfold_Z2Jet_KL01_iter5M_6x256_SelfCond')!         
[12:16:45] INFO     (1:53:42) train_it 440001/5000000 | lr:1.44e-07 | loss:+1.5334                         
[12:18:00] INFO     (1:54:58) train_it 445001/5000000 | lr:1.30e-07 | loss:+1.5307                         
[12:19:17] INFO     (1:56:15) train_it 450001/5000000 | lr:1.18e-07 | loss:+1.5326                         
           INFO     (1:56:15) Saved latest(it=450000) checkpoint to                                        
                    opt.ckpt_path=PosixPath('results/BSBUnfold_Z2Jet_KL01_iter5M_6x256_SelfCond')!         
[12:20:33] INFO     (1:57:31) train_it 455001/5000000 | lr:1.07e-07 | loss:+1.5307                         
[12:21:49] INFO     (1:58:47) train_it 460001/5000000 | lr:9.65e-08 | loss:+1.5290                         
[12:23:05] INFO     (2:00:03) train_it 465001/5000000 | lr:8.72e-08 | loss:+1.5325                         
[12:23:06] INFO     (2:00:04) Saved latest(it=465000) checkpoint to                                        
                    opt.ckpt_path=PosixPath('results/BSBUnfold_Z2Jet_KL01_iter5M_6x256_SelfCond')!         
[12:24:22] INFO     (2:01:20) train_it 470001/5000000 | lr:7.89e-08 | loss:+1.5351                         
[12:25:39] INFO     (2:02:37) train_it 475001/5000000 | lr:7.14e-08 | loss:+1.5353                         
[12:27:00] INFO     (2:03:58) train_it 480001/5000000 | lr:6.45e-08 | loss:+1.5338                         
[12:27:01] INFO     (2:03:59) Saved latest(it=480000) checkpoint to                                        
                    opt.ckpt_path=PosixPath('results/BSBUnfold_Z2Jet_KL01_iter5M_6x256_SelfCond')!         
[12:28:20] INFO     (2:05:18) train_it 485001/5000000 | lr:5.84e-08 | loss:+1.5339                         
[12:29:35] INFO     (2:06:33) train_it 490001/5000000 | lr:5.28e-08 | loss:+1.5341                         
[12:30:52] INFO     (2:07:50) train_it 495001/5000000 | lr:4.77e-08 | loss:+1.5315                         
[12:30:53] INFO     (2:07:51) Saved latest(it=495000) checkpoint to                                        
                    opt.ckpt_path=PosixPath('results/BSBUnfold_Z2Jet_KL01_iter5M_6x256_SelfCond')!         
[12:32:09] INFO     (2:09:07) train_it 500001/5000000 | lr:4.32e-08 | loss:+1.5321                         
[12:33:26] INFO     (2:10:24) train_it 505001/5000000 | lr:3.90e-08 | loss:+1.5343                         
[12:34:46] INFO     (2:11:44) train_it 510001/5000000 | lr:3.53e-08 | loss:+1.5327                         
[12:34:48] INFO     (2:11:46) Saved latest(it=510000) checkpoint to                                        
                    opt.ckpt_path=PosixPath('results/BSBUnfold_Z2Jet_KL01_iter5M_6x256_SelfCond')!         
[12:36:08] INFO     (2:13:06) train_it 515001/5000000 | lr:3.19e-08 | loss:+1.5286                         
[12:37:30] INFO     (2:14:28) train_it 520001/5000000 | lr:2.89e-08 | loss:+1.5324                         
[12:38:50] INFO     (2:15:48) train_it 525001/5000000 | lr:2.61e-08 | loss:+1.5324                         
[12:38:52] INFO     (2:15:49) Saved latest(it=525000) checkpoint to                                        
                    opt.ckpt_path=PosixPath('results/BSBUnfold_Z2Jet_KL01_iter5M_6x256_SelfCond')!         
[12:40:13] INFO     (2:17:11) train_it 530001/5000000 | lr:2.36e-08 | loss:+1.5333                         
[12:41:33] INFO     (2:18:31) train_it 535001/5000000 | lr:2.14e-08 | loss:+1.5341                         
[12:42:54] INFO     (2:19:52) train_it 540001/5000000 | lr:1.93e-08 | loss:+1.5339                         
[12:42:55] INFO     (2:19:53) Saved latest(it=540000) checkpoint to                                        
                    opt.ckpt_path=PosixPath('results/BSBUnfold_Z2Jet_KL01_iter5M_6x256_SelfCond')!         
[12:44:16] INFO     (2:21:14) train_it 545001/5000000 | lr:1.75e-08 | loss:+1.5357                         
[12:45:37] INFO     (2:22:35) train_it 550001/5000000 | lr:1.58e-08 | loss:+1.5351                         
[12:46:58] INFO     (2:23:56) train_it 555001/5000000 | lr:1.43e-08 | loss:+1.5339                         
[12:46:59] INFO     (2:23:57) Saved latest(it=555000) checkpoint to                                        
                    opt.ckpt_path=PosixPath('results/BSBUnfold_Z2Jet_KL01_iter5M_6x256_SelfCond')!         
[12:48:14] INFO     (2:25:12) train_it 560001/5000000 | lr:1.29e-08 | loss:+1.5334                         
[12:49:30] INFO     (2:26:28) train_it 565001/5000000 | lr:1.17e-08 | loss:+1.5360                         
[12:50:47] INFO     (2:27:45) train_it 570001/5000000 | lr:1.06e-08 | loss:+1.5330                         
           INFO     (2:27:45) Saved latest(it=570000) checkpoint to                                        
                    opt.ckpt_path=PosixPath('results/BSBUnfold_Z2Jet_KL01_iter5M_6x256_SelfCond')!         
[12:52:04] INFO     (2:29:02) train_it 575001/5000000 | lr:9.56e-09 | loss:+1.5289                         
[12:53:20] INFO     (2:30:18) train_it 580001/5000000 | lr:8.65e-09 | loss:+1.5355                         
[12:54:35] INFO     (2:31:33) train_it 585001/5000000 | lr:7.82e-09 | loss:+1.5346                         
[12:54:37] INFO     (2:31:35) Saved latest(it=585000) checkpoint to                                        
                    opt.ckpt_path=PosixPath('results/BSBUnfold_Z2Jet_KL01_iter5M_6x256_SelfCond')!         
[12:55:54] INFO     (2:32:52) train_it 590001/5000000 | lr:7.07e-09 | loss:+1.5347                         
[12:57:09] INFO     (2:34:07) train_it 595001/5000000 | lr:6.40e-09 | loss:+1.5289                         
[12:58:26] INFO     (2:35:24) train_it 600001/5000000 | lr:5.78e-09 | loss:+1.5334                         
[12:58:27] INFO     (2:35:25) Saved latest(it=600000) checkpoint to                                        
                    opt.ckpt_path=PosixPath('results/BSBUnfold_Z2Jet_KL01_iter5M_6x256_SelfCond')!         
[12:59:42] INFO     (2:36:40) train_it 605001/5000000 | lr:5.23e-09 | loss:+1.5321                         
[13:00:59] INFO     (2:37:57) train_it 610001/5000000 | lr:4.73e-09 | loss:+1.5314                         
[13:02:20] INFO     (2:39:18) train_it 615001/5000000 | lr:4.28e-09 | loss:+1.5294                         
[13:02:22] INFO     (2:39:20) Saved latest(it=615000) checkpoint to                                        
                    opt.ckpt_path=PosixPath('results/BSBUnfold_Z2Jet_KL01_iter5M_6x256_SelfCond')!         
[13:03:44] INFO     (2:40:42) train_it 620001/5000000 | lr:3.87e-09 | loss:+1.5397                         
[13:05:00] INFO     (2:41:58) train_it 625001/5000000 | lr:3.50e-09 | loss:+1.5319                         
[13:06:16] INFO     (2:43:14) train_it 630001/5000000 | lr:3.16e-09 | loss:+1.5313                         
[13:06:17] INFO     (2:43:15) Saved latest(it=630000) checkpoint to                                        
                    opt.ckpt_path=PosixPath('results/BSBUnfold_Z2Jet_KL01_iter5M_6x256_SelfCond')!         
[13:07:33] INFO     (2:44:31) train_it 635001/5000000 | lr:2.86e-09 | loss:+1.5347                         
[13:08:49] INFO     (2:45:47) train_it 640001/5000000 | lr:2.59e-09 | loss:+1.5373                         
[13:10:05] INFO     (2:47:03) train_it 645001/5000000 | lr:2.34e-09 | loss:+1.5341                         
[13:10:06] INFO     (2:47:04) Saved latest(it=645000) checkpoint to                                        
                    opt.ckpt_path=PosixPath('results/BSBUnfold_Z2Jet_KL01_iter5M_6x256_SelfCond')!         
[13:11:22] INFO     (2:48:20) train_it 650001/5000000 | lr:2.12e-09 | loss:+1.5338                         
[13:12:37] INFO     (2:49:35) train_it 655001/5000000 | lr:1.91e-09 | loss:+1.5358                         
[13:13:53] INFO     (2:50:51) train_it 660001/5000000 | lr:1.73e-09 | loss:+1.5317                         
[13:13:54] INFO     (2:50:52) Saved latest(it=660000) checkpoint to                                        
                    opt.ckpt_path=PosixPath('results/BSBUnfold_Z2Jet_KL01_iter5M_6x256_SelfCond')!         
[13:15:10] INFO     (2:52:08) train_it 665001/5000000 | lr:1.57e-09 | loss:+1.5334                         
[13:16:26] INFO     (2:53:24) train_it 670001/5000000 | lr:1.42e-09 | loss:+1.5384                         
[13:17:41] INFO     (2:54:39) train_it 675001/5000000 | lr:1.28e-09 | loss:+1.5345                         
[13:17:43] INFO     (2:54:41) Saved latest(it=675000) checkpoint to                                        
                    opt.ckpt_path=PosixPath('results/BSBUnfold_Z2Jet_KL01_iter5M_6x256_SelfCond')!         
[13:18:58] INFO     (2:55:56) train_it 680001/5000000 | lr:1.16e-09 | loss:+1.5342                         
[13:20:14] INFO     (2:57:12) train_it 685001/5000000 | lr:1.05e-09 | loss:+1.5366                         
[13:21:30] INFO     (2:58:28) train_it 690001/5000000 | lr:9.47e-10 | loss:+1.5369                         
[13:21:32] INFO     (2:58:30) Saved latest(it=690000) checkpoint to                                        
                    opt.ckpt_path=PosixPath('results/BSBUnfold_Z2Jet_KL01_iter5M_6x256_SelfCond')!         
[13:22:48] INFO     (2:59:46) train_it 695001/5000000 | lr:8.57e-10 | loss:+1.5392                         
[13:24:04] INFO     (3:01:01) train_it 700001/5000000 | lr:7.75e-10 | loss:+1.5376                         
[13:25:19] INFO     (3:02:17) train_it 705001/5000000 | lr:7.01e-10 | loss:+1.5330                         
[13:25:20] INFO     (3:02:18) Saved latest(it=705000) checkpoint to                                        
                    opt.ckpt_path=PosixPath('results/BSBUnfold_Z2Jet_KL01_iter5M_6x256_SelfCond')!         
[13:26:36] INFO     (3:03:34) train_it 710001/5000000 | lr:6.34e-10 | loss:+1.5338                         
[13:27:51] INFO     (3:04:49) train_it 715001/5000000 | lr:5.73e-10 | loss:+1.5358                         
[13:29:08] INFO     (3:06:06) train_it 720001/5000000 | lr:5.18e-10 | loss:+1.5318                         
[13:29:09] INFO     (3:06:07) Saved latest(it=720000) checkpoint to                                        
                    opt.ckpt_path=PosixPath('results/BSBUnfold_Z2Jet_KL01_iter5M_6x256_SelfCond')!         
[13:30:25] INFO     (3:07:23) train_it 725001/5000000 | lr:4.69e-10 | loss:+1.5332                         
[13:31:41] INFO     (3:08:39) train_it 730001/5000000 | lr:4.24e-10 | loss:+1.5364                         
[13:32:57] INFO     (3:09:55) train_it 735001/5000000 | lr:3.83e-10 | loss:+1.5380                         
[13:32:58] INFO     (3:09:56) Saved latest(it=735000) checkpoint to                                        
                    opt.ckpt_path=PosixPath('results/BSBUnfold_Z2Jet_KL01_iter5M_6x256_SelfCond')!         
[13:34:14] INFO     (3:11:12) train_it 740001/5000000 | lr:3.47e-10 | loss:+1.5333                         
[13:35:30] INFO     (3:12:28) train_it 745001/5000000 | lr:3.14e-10 | loss:+1.5353                         
[13:36:49] INFO     (3:13:47) train_it 750001/5000000 | lr:2.84e-10 | loss:+1.5297                         
[13:36:50] INFO     (3:13:48) Saved latest(it=750000) checkpoint to                                        
                    opt.ckpt_path=PosixPath('results/BSBUnfold_Z2Jet_KL01_iter5M_6x256_SelfCond')!         
[13:38:11] INFO     (3:15:09) train_it 755001/5000000 | lr:2.57e-10 | loss:+1.5334                         
[13:39:31] INFO     (3:16:29) train_it 760001/5000000 | lr:2.32e-10 | loss:+1.5387                         
[13:40:52] INFO     (3:17:50) train_it 765001/5000000 | lr:2.10e-10 | loss:+1.5319                         
[13:40:53] INFO     (3:17:51) Saved latest(it=765000) checkpoint to                                        
                    opt.ckpt_path=PosixPath('results/BSBUnfold_Z2Jet_KL01_iter5M_6x256_SelfCond')!         
[13:42:14] INFO     (3:19:12) train_it 770001/5000000 | lr:1.90e-10 | loss:+1.5324                         
[13:43:34] INFO     (3:20:32) train_it 775001/5000000 | lr:1.72e-10 | loss:+1.5354                         
[13:44:54] INFO     (3:21:52) train_it 780001/5000000 | lr:1.55e-10 | loss:+1.5388                         
[13:44:57] INFO     (3:21:55) Saved latest(it=780000) checkpoint to                                        
                    opt.ckpt_path=PosixPath('results/BSBUnfold_Z2Jet_KL01_iter5M_6x256_SelfCond')!         
[13:46:17] INFO     (3:23:15) train_it 785001/5000000 | lr:1.40e-10 | loss:+1.5308                         
[13:47:33] INFO     (3:24:31) train_it 790001/5000000 | lr:1.27e-10 | loss:+1.5345                         
[13:48:48] INFO     (3:25:46) train_it 795001/5000000 | lr:1.15e-10 | loss:+1.5335                         
[13:48:50] INFO     (3:25:48) Saved latest(it=795000) checkpoint to                                        
                    opt.ckpt_path=PosixPath('results/BSBUnfold_Z2Jet_KL01_iter5M_6x256_SelfCond')!         
[13:50:06] INFO     (3:27:04) train_it 800001/5000000 | lr:1.04e-10 | loss:+1.5308                         
[13:51:23] INFO     (3:28:21) train_it 805001/5000000 | lr:9.39e-11 | loss:+1.5334                         
[13:52:44] INFO     (3:29:42) train_it 810001/5000000 | lr:8.49e-11 | loss:+1.5379                         
[13:52:47] INFO     (3:29:45) Saved latest(it=810000) checkpoint to                                        
                    opt.ckpt_path=PosixPath('results/BSBUnfold_Z2Jet_KL01_iter5M_6x256_SelfCond')!         
[13:54:08] INFO     (3:31:06) train_it 815001/5000000 | lr:7.68e-11 | loss:+1.5357                         
[13:55:30] INFO     (3:32:28) train_it 820001/5000000 | lr:6.95e-11 | loss:+1.5373                         
[13:56:52] INFO     (3:33:50) train_it 825001/5000000 | lr:6.28e-11 | loss:+1.5373                         
[13:56:54] INFO     (3:33:52) Saved latest(it=825000) checkpoint to                                        
                    opt.ckpt_path=PosixPath('results/BSBUnfold_Z2Jet_KL01_iter5M_6x256_SelfCond')!         
[13:58:15] INFO     (3:35:13) train_it 830001/5000000 | lr:5.68e-11 | loss:+1.5332                         
[13:59:36] INFO     (3:36:34) train_it 835001/5000000 | lr:5.14e-11 | loss:+1.5263                         
[14:00:53] INFO     (3:37:51) train_it 840001/5000000 | lr:4.65e-11 | loss:+1.5373                         
[14:00:54] INFO     (3:37:52) Saved latest(it=840000) checkpoint to                                        
                    opt.ckpt_path=PosixPath('results/BSBUnfold_Z2Jet_KL01_iter5M_6x256_SelfCond')!         
[14:02:09] INFO     (3:39:07) train_it 845001/5000000 | lr:4.20e-11 | loss:+1.5346                         
[14:03:25] INFO     (3:40:23) train_it 850001/5000000 | lr:3.80e-11 | loss:+1.5304                         
[14:04:41] INFO     (3:41:39) train_it 855001/5000000 | lr:3.44e-11 | loss:+1.5290                         
[14:04:42] INFO     (3:41:40) Saved latest(it=855000) checkpoint to                                        
                    opt.ckpt_path=PosixPath('results/BSBUnfold_Z2Jet_KL01_iter5M_6x256_SelfCond')!         
[14:05:58] INFO     (3:42:56) train_it 860001/5000000 | lr:3.11e-11 | loss:+1.5319                         
[14:07:14] INFO     (3:44:12) train_it 865001/5000000 | lr:2.81e-11 | loss:+1.5322                         
[14:08:30] INFO     (3:45:28) train_it 870001/5000000 | lr:2.54e-11 | loss:+1.5335                         
[14:08:31] INFO     (3:45:29) Saved latest(it=870000) checkpoint to                                        
                    opt.ckpt_path=PosixPath('results/BSBUnfold_Z2Jet_KL01_iter5M_6x256_SelfCond')!         
[14:09:46] INFO     (3:46:44) train_it 875001/5000000 | lr:2.30e-11 | loss:+1.5360                         
[14:11:02] INFO     (3:48:00) train_it 880001/5000000 | lr:2.08e-11 | loss:+1.5363                         
[14:12:18] INFO     (3:49:16) train_it 885001/5000000 | lr:1.88e-11 | loss:+1.5326                         
[14:12:19] INFO     (3:49:17) Saved latest(it=885000) checkpoint to                                        
                    opt.ckpt_path=PosixPath('results/BSBUnfold_Z2Jet_KL01_iter5M_6x256_SelfCond')!         
[14:13:38] INFO     (3:50:36) train_it 890001/5000000 | lr:1.70e-11 | loss:+1.5335                         
[14:14:54] INFO     (3:51:52) train_it 895001/5000000 | lr:1.54e-11 | loss:+1.5332                         
[14:16:09] INFO     (3:53:07) train_it 900001/5000000 | lr:1.39e-11 | loss:+1.5344                         
[14:16:11] INFO     (3:53:09) Saved latest(it=900000) checkpoint to                                        
                    opt.ckpt_path=PosixPath('results/BSBUnfold_Z2Jet_KL01_iter5M_6x256_SelfCond')!         
[14:17:27] INFO     (3:54:25) train_it 905001/5000000 | lr:1.26e-11 | loss:+1.5400                         
[14:18:43] INFO     (3:55:41) train_it 910001/5000000 | lr:1.14e-11 | loss:+1.5380                         
[14:20:02] INFO     (3:57:00) train_it 915001/5000000 | lr:1.03e-11 | loss:+1.5316                         
[14:20:04] INFO     (3:57:02) Saved latest(it=915000) checkpoint to                                        
                    opt.ckpt_path=PosixPath('results/BSBUnfold_Z2Jet_KL01_iter5M_6x256_SelfCond')!         
[14:21:25] INFO     (3:58:23) train_it 920001/5000000 | lr:9.31e-12 | loss:+1.5326                         
[14:22:46] INFO     (3:59:44) train_it 925001/5000000 | lr:8.42e-12 | loss:+1.5324                         
[14:24:04] INFO     (4:01:02) train_it 930001/5000000 | lr:7.61e-12 | loss:+1.5352                         
[14:24:07] INFO     (4:01:05) Saved latest(it=930000) checkpoint to                                        
                    opt.ckpt_path=PosixPath('results/BSBUnfold_Z2Jet_KL01_iter5M_6x256_SelfCond')!         
[14:25:24] INFO     (4:02:22) train_it 935001/5000000 | lr:6.88e-12 | loss:+1.5325                         
[14:26:41] INFO     (4:03:39) train_it 940001/5000000 | lr:6.23e-12 | loss:+1.5302                         
[14:28:01] INFO     (4:04:59) train_it 945001/5000000 | lr:5.63e-12 | loss:+1.5302                         
[14:28:03] INFO     (4:05:01) Saved latest(it=945000) checkpoint to                                        
                    opt.ckpt_path=PosixPath('results/BSBUnfold_Z2Jet_KL01_iter5M_6x256_SelfCond')!         
[14:29:24] INFO     (4:06:22) train_it 950001/5000000 | lr:5.09e-12 | loss:+1.5320                         
[14:30:44] INFO     (4:07:42) train_it 955001/5000000 | lr:4.60e-12 | loss:+1.5360                         
[14:32:05] INFO     (4:09:03) train_it 960001/5000000 | lr:4.16e-12 | loss:+1.5305                         
[14:32:06] INFO     (4:09:04) Saved latest(it=960000) checkpoint to                                        
                    opt.ckpt_path=PosixPath('results/BSBUnfold_Z2Jet_KL01_iter5M_6x256_SelfCond')!         
[14:33:23] INFO     (4:10:21) train_it 965001/5000000 | lr:3.77e-12 | loss:+1.5388                         
[14:34:39] INFO     (4:11:36) train_it 970001/5000000 | lr:3.41e-12 | loss:+1.5370                         
[14:35:56] INFO     (4:12:54) train_it 975001/5000000 | lr:3.08e-12 | loss:+1.5348                         
[14:35:57] INFO     (4:12:55) Saved latest(it=975000) checkpoint to                                        
                    opt.ckpt_path=PosixPath('results/BSBUnfold_Z2Jet_KL01_iter5M_6x256_SelfCond')!         
[14:37:17] INFO     (4:14:15) train_it 980001/5000000 | lr:2.79e-12 | loss:+1.5380                         
[14:38:38] INFO     (4:15:36) train_it 985001/5000000 | lr:2.52e-12 | loss:+1.5357                         
[14:39:59] INFO     (4:16:57) train_it 990001/5000000 | lr:2.28e-12 | loss:+1.5253                         
           INFO     (4:16:57) Saved latest(it=990000) checkpoint to                                        
                    opt.ckpt_path=PosixPath('results/BSBUnfold_Z2Jet_KL01_iter5M_6x256_SelfCond')!         
[14:41:21] INFO     (4:18:19) train_it 995001/5000000 | lr:2.06e-12 | loss:+1.5352                         
[14:42:42] INFO     (4:19:40) train_it 1000001/5000000 | lr:1.86e-12 | loss:+1.5355                        
[14:44:03] INFO     (4:21:01) train_it 1005001/5000000 | lr:1.69e-12 | loss:+1.5270                        
[14:44:05] INFO     (4:21:03) Saved latest(it=1005000) checkpoint to                                       
                    opt.ckpt_path=PosixPath('results/BSBUnfold_Z2Jet_KL01_iter5M_6x256_SelfCond')!         
[14:45:25] INFO     (4:22:23) train_it 1010001/5000000 | lr:1.52e-12 | loss:+1.5360                        
[14:46:44] INFO     (4:23:42) train_it 1015001/5000000 | lr:1.38e-12 | loss:+1.5322                        
[14:48:00] INFO     (4:24:58) train_it 1020001/5000000 | lr:1.25e-12 | loss:+1.5310                        
[14:48:04] INFO     (4:25:02) Saved latest(it=1020000) checkpoint to                                       
                    opt.ckpt_path=PosixPath('results/BSBUnfold_Z2Jet_KL01_iter5M_6x256_SelfCond')!         
[14:49:24] INFO     (4:26:22) train_it 1025001/5000000 | lr:1.13e-12 | loss:+1.5342                        
[14:50:45] INFO     (4:27:43) train_it 1030001/5000000 | lr:1.02e-12 | loss:+1.5268                        
[14:52:05] INFO     (4:29:03) train_it 1035001/5000000 | lr:9.22e-13 | loss:+1.5316                        
[14:52:07] INFO     (4:29:05) Saved latest(it=1035000) checkpoint to                                       
                    opt.ckpt_path=PosixPath('results/BSBUnfold_Z2Jet_KL01_iter5M_6x256_SelfCond')!         
[14:53:27] INFO     (4:30:25) train_it 1040001/5000000 | lr:8.34e-13 | loss:+1.5333                        
[14:54:47] INFO     (4:31:45) train_it 1045001/5000000 | lr:7.54e-13 | loss:+1.5376                        
[14:56:08] INFO     (4:33:06) train_it 1050001/5000000 | lr:6.82e-13 | loss:+1.5414                        
[14:56:09] INFO     (4:33:07) Saved latest(it=1050000) checkpoint to                                       
                    opt.ckpt_path=PosixPath('results/BSBUnfold_Z2Jet_KL01_iter5M_6x256_SelfCond')!         
[14:57:30] INFO     (4:34:28) train_it 1055001/5000000 | lr:6.17e-13 | loss:+1.5308                        
[14:58:50] INFO     (4:35:48) train_it 1060001/5000000 | lr:5.58e-13 | loss:+1.5299                        
[15:00:10] INFO     (4:37:08) train_it 1065001/5000000 | lr:5.05e-13 | loss:+1.5298                        
[15:00:12] INFO     (4:37:10) Saved latest(it=1065000) checkpoint to                                       
                    opt.ckpt_path=PosixPath('results/BSBUnfold_Z2Jet_KL01_iter5M_6x256_SelfCond')!         
[15:01:33] INFO     (4:38:31) train_it 1070001/5000000 | lr:4.56e-13 | loss:+1.5363                        
[15:02:53] INFO     (4:39:51) train_it 1075001/5000000 | lr:4.13e-13 | loss:+1.5333                        
[15:04:14] INFO     (4:41:12) train_it 1080001/5000000 | lr:3.73e-13 | loss:+1.5304                        
[15:04:15] INFO     (4:41:13) Saved latest(it=1080000) checkpoint to                                       
                    opt.ckpt_path=PosixPath('results/BSBUnfold_Z2Jet_KL01_iter5M_6x256_SelfCond')!         
[15:05:32] INFO     (4:42:30) train_it 1085001/5000000 | lr:3.38e-13 | loss:+1.5307                        
[15:06:48] INFO     (4:43:46) train_it 1090001/5000000 | lr:3.05e-13 | loss:+1.5331                        
[15:08:04] INFO     (4:45:02) train_it 1095001/5000000 | lr:2.76e-13 | loss:+1.5275                        
[15:08:06] INFO     (4:45:04) Saved latest(it=1095000) checkpoint to                                       
                    opt.ckpt_path=PosixPath('results/BSBUnfold_Z2Jet_KL01_iter5M_6x256_SelfCond')!         
[15:09:26] INFO     (4:46:24) train_it 1100001/5000000 | lr:2.50e-13 | loss:+1.5340                        
[15:10:47] INFO     (4:47:45) train_it 1105001/5000000 | lr:2.26e-13 | loss:+1.5273                        
[15:12:07] INFO     (4:49:05) train_it 1110001/5000000 | lr:2.04e-13 | loss:+1.5295                        
[15:12:08] INFO     (4:49:06) Saved latest(it=1110000) checkpoint to                                       
                    opt.ckpt_path=PosixPath('results/BSBUnfold_Z2Jet_KL01_iter5M_6x256_SelfCond')!         
[15:13:29] INFO     (4:50:27) train_it 1115001/5000000 | lr:1.85e-13 | loss:+1.5363                        
[15:14:50] INFO     (4:51:48) train_it 1120001/5000000 | lr:1.67e-13 | loss:+1.5363                        
[15:16:11] INFO     (4:53:09) train_it 1125001/5000000 | lr:1.51e-13 | loss:+1.5351                        
[15:16:12] INFO     (4:53:10) Saved latest(it=1125000) checkpoint to                                       
                    opt.ckpt_path=PosixPath('results/BSBUnfold_Z2Jet_KL01_iter5M_6x256_SelfCond')!         
[15:17:32] INFO     (4:54:30) train_it 1130001/5000000 | lr:1.37e-13 | loss:+1.5313                        
[15:18:53] INFO     (4:55:51) train_it 1135001/5000000 | lr:1.24e-13 | loss:+1.5358                        
[15:20:13] INFO     (4:57:11) train_it 1140001/5000000 | lr:1.12e-13 | loss:+1.5333                        
[15:20:15] INFO     (4:57:13) Saved latest(it=1140000) checkpoint to                                       
                    opt.ckpt_path=PosixPath('results/BSBUnfold_Z2Jet_KL01_iter5M_6x256_SelfCond')!         
[15:21:36] INFO     (4:58:34) train_it 1145001/5000000 | lr:1.01e-13 | loss:+1.5336                        
[15:22:56] INFO     (4:59:54) train_it 1150001/5000000 | lr:9.14e-14 | loss:+1.5320                        
[15:24:15] INFO     (5:01:12) train_it 1155001/5000000 | lr:8.27e-14 | loss:+1.5358                        
[15:24:16] INFO     (5:01:14) Saved latest(it=1155000) checkpoint to                                       
                    opt.ckpt_path=PosixPath('results/BSBUnfold_Z2Jet_KL01_iter5M_6x256_SelfCond')!         
[15:25:36] INFO     (5:02:34) train_it 1160001/5000000 | lr:7.48e-14 | loss:+1.5292                        
[15:26:57] INFO     (5:03:55) train_it 1165001/5000000 | lr:6.76e-14 | loss:+1.5322                        
[15:28:17] INFO     (5:05:15) train_it 1170001/5000000 | lr:6.11e-14 | loss:+1.5385                        
[15:28:18] INFO     (5:05:16) Saved latest(it=1170000) checkpoint to                                       
                    opt.ckpt_path=PosixPath('results/BSBUnfold_Z2Jet_KL01_iter5M_6x256_SelfCond')!         
[15:29:37] INFO     (5:06:35) train_it 1175001/5000000 | lr:5.53e-14 | loss:+1.5321                        
[15:30:53] INFO     (5:07:50) train_it 1180001/5000000 | lr:5.00e-14 | loss:+1.5332                        
[15:32:10] INFO     (5:09:08) train_it 1185001/5000000 | lr:4.52e-14 | loss:+1.5300                        
[15:32:12] INFO     (5:09:10) Saved latest(it=1185000) checkpoint to                                       
                    opt.ckpt_path=PosixPath('results/BSBUnfold_Z2Jet_KL01_iter5M_6x256_SelfCond')!         
[15:33:29] INFO     (5:10:27) train_it 1190001/5000000 | lr:4.09e-14 | loss:+1.5341                        
[15:34:45] INFO     (5:11:43) train_it 1195001/5000000 | lr:3.70e-14 | loss:+1.5300                        
[15:36:04] INFO     (5:13:02) train_it 1200001/5000000 | lr:3.35e-14 | loss:+1.5361                        
[15:36:05] INFO     (5:13:03) Saved latest(it=1200000) checkpoint to                                       
                    opt.ckpt_path=PosixPath('results/BSBUnfold_Z2Jet_KL01_iter5M_6x256_SelfCond')!         
[15:37:26] INFO     (5:14:24) train_it 1205001/5000000 | lr:3.03e-14 | loss:+1.5325                        
[15:38:46] INFO     (5:15:44) train_it 1210001/5000000 | lr:2.74e-14 | loss:+1.5361                        
[15:40:07] INFO     (5:17:05) train_it 1215001/5000000 | lr:2.47e-14 | loss:+1.5366                        
[15:40:09] INFO     (5:17:07) Saved latest(it=1215000) checkpoint to                                       
                    opt.ckpt_path=PosixPath('results/BSBUnfold_Z2Jet_KL01_iter5M_6x256_SelfCond')!         
[15:41:30] INFO     (5:18:28) train_it 1220001/5000000 | lr:2.24e-14 | loss:+1.5321                        
[15:42:50] INFO     (5:19:48) train_it 1225001/5000000 | lr:2.02e-14 | loss:+1.5326                        
[15:44:07] INFO     (5:21:05) train_it 1230001/5000000 | lr:1.83e-14 | loss:+1.5361                        
[15:44:09] INFO     (5:21:07) Saved latest(it=1230000) checkpoint to                                       
                    opt.ckpt_path=PosixPath('results/BSBUnfold_Z2Jet_KL01_iter5M_6x256_SelfCond')!         
[15:45:24] INFO     (5:22:22) train_it 1235001/5000000 | lr:1.66e-14 | loss:+1.5365                        
[15:46:40] INFO     (5:23:38) train_it 1240001/5000000 | lr:1.50e-14 | loss:+1.5314                        
[15:47:57] INFO     (5:24:55) train_it 1245001/5000000 | lr:1.35e-14 | loss:+1.5289                        
[15:47:59] INFO     (5:24:57) Saved latest(it=1245000) checkpoint to                                       
                    opt.ckpt_path=PosixPath('results/BSBUnfold_Z2Jet_KL01_iter5M_6x256_SelfCond')!         
[15:49:19] INFO     (5:26:17) train_it 1250001/5000000 | lr:1.22e-14 | loss:+1.5286                        
[15:50:39] INFO     (5:27:37) train_it 1255001/5000000 | lr:1.11e-14 | loss:+1.5336                        
[15:52:00] INFO     (5:28:57) train_it 1260001/5000000 | lr:1.00e-14 | loss:+1.5356                        
[15:52:01] INFO     (5:28:59) Saved latest(it=1260000) checkpoint to                                       
                    opt.ckpt_path=PosixPath('results/BSBUnfold_Z2Jet_KL01_iter5M_6x256_SelfCond')!         
[15:53:22] INFO     (5:30:20) train_it 1265001/5000000 | lr:9.06e-15 | loss:+1.5370                        
[15:54:42] INFO     (5:31:40) train_it 1270001/5000000 | lr:8.19e-15 | loss:+1.5303                        
[15:56:03] INFO     (5:33:01) train_it 1275001/5000000 | lr:7.41e-15 | loss:+1.5348                        
[15:56:04] INFO     (5:33:02) Saved latest(it=1275000) checkpoint to                                       
                    opt.ckpt_path=PosixPath('results/BSBUnfold_Z2Jet_KL01_iter5M_6x256_SelfCond')!         
[15:57:25] INFO     (5:34:23) train_it 1280001/5000000 | lr:6.70e-15 | loss:+1.5292                        
[15:58:46] INFO     (5:35:44) train_it 1285001/5000000 | lr:6.06e-15 | loss:+1.5343                        
[16:00:04] INFO     (5:37:02) train_it 1290001/5000000 | lr:5.48e-15 | loss:+1.5292                        
[16:00:05] INFO     (5:37:03) Saved latest(it=1290000) checkpoint to                                       
                    opt.ckpt_path=PosixPath('results/BSBUnfold_Z2Jet_KL01_iter5M_6x256_SelfCond')!         
[16:01:20] INFO     (5:38:18) train_it 1295001/5000000 | lr:4.96e-15 | loss:+1.5290                        
[16:02:36] INFO     (5:39:34) train_it 1300001/5000000 | lr:4.48e-15 | loss:+1.5389                        
[16:03:51] INFO     (5:40:49) train_it 1305001/5000000 | lr:4.05e-15 | loss:+1.5317                        
[16:03:53] INFO     (5:40:51) Saved latest(it=1305000) checkpoint to                                       
                    opt.ckpt_path=PosixPath('results/BSBUnfold_Z2Jet_KL01_iter5M_6x256_SelfCond')!         
[16:05:08] INFO     (5:42:06) train_it 1310001/5000000 | lr:3.67e-15 | loss:+1.5350                        
[16:06:27] INFO     (5:43:25) train_it 1315001/5000000 | lr:3.32e-15 | loss:+1.5365                        
[16:07:47] INFO     (5:44:45) train_it 1320001/5000000 | lr:3.00e-15 | loss:+1.5302                        
[16:07:48] INFO     (5:44:46) Saved latest(it=1320000) checkpoint to                                       
                    opt.ckpt_path=PosixPath('results/BSBUnfold_Z2Jet_KL01_iter5M_6x256_SelfCond')!         
[16:09:06] INFO     (5:46:04) train_it 1325001/5000000 | lr:2.71e-15 | loss:+1.5318                        
[16:10:21] INFO     (5:47:19) train_it 1330001/5000000 | lr:2.45e-15 | loss:+1.5295                        
[16:11:37] INFO     (5:48:35) train_it 1335001/5000000 | lr:2.22e-15 | loss:+1.5362                        
[16:11:38] INFO     (5:48:36) Saved latest(it=1335000) checkpoint to                                       
                    opt.ckpt_path=PosixPath('results/BSBUnfold_Z2Jet_KL01_iter5M_6x256_SelfCond')!         
[16:12:54] INFO     (5:49:52) train_it 1340001/5000000 | lr:2.01e-15 | loss:+1.5336                        
[16:14:09] INFO     (5:51:07) train_it 1345001/5000000 | lr:1.81e-15 | loss:+1.5331                        
[16:15:25] INFO     (5:52:23) train_it 1350001/5000000 | lr:1.64e-15 | loss:+1.5319                        
[16:15:28] INFO     (5:52:26) Saved latest(it=1350000) checkpoint to                                       
                    opt.ckpt_path=PosixPath('results/BSBUnfold_Z2Jet_KL01_iter5M_6x256_SelfCond')!         
[16:16:43] INFO     (5:53:41) train_it 1355001/5000000 | lr:1.48e-15 | loss:+1.5363                        
[16:18:00] INFO     (5:54:58) train_it 1360001/5000000 | lr:1.34e-15 | loss:+1.5307                        
[16:19:15] INFO     (5:56:13) train_it 1365001/5000000 | lr:1.21e-15 | loss:+1.5325                        
[16:19:17] INFO     (5:56:15) Saved latest(it=1365000) checkpoint to                                       
                    opt.ckpt_path=PosixPath('results/BSBUnfold_Z2Jet_KL01_iter5M_6x256_SelfCond')!         
[16:20:32] INFO     (5:57:30) train_it 1370001/5000000 | lr:1.10e-15 | loss:+1.5348                        
[16:21:48] INFO     (5:58:46) train_it 1375001/5000000 | lr:9.93e-16 | loss:+1.5300                        
[16:23:03] INFO     (6:00:01) train_it 1380001/5000000 | lr:8.98e-16 | loss:+1.5395                        
[16:23:07] INFO     (6:00:05) Saved latest(it=1380000) checkpoint to                                       
                    opt.ckpt_path=PosixPath('results/BSBUnfold_Z2Jet_KL01_iter5M_6x256_SelfCond')!         
[16:24:23] INFO     (6:01:21) train_it 1385001/5000000 | lr:8.12e-16 | loss:+1.5338                        
[16:25:38] INFO     (6:02:36) train_it 1390001/5000000 | lr:7.34e-16 | loss:+1.5274                        
[16:26:54] INFO     (6:03:51) train_it 1395001/5000000 | lr:6.64e-16 | loss:+1.5360                        
[16:26:55] INFO     (6:03:53) Saved latest(it=1395000) checkpoint to                                       
                    opt.ckpt_path=PosixPath('results/BSBUnfold_Z2Jet_KL01_iter5M_6x256_SelfCond')!         
[16:28:11] INFO     (6:05:08) train_it 1400001/5000000 | lr:6.01e-16 | loss:+1.5359                        
[16:29:26] INFO     (6:06:24) train_it 1405001/5000000 | lr:5.43e-16 | loss:+1.5331                        
[16:30:42] INFO     (6:07:40) train_it 1410001/5000000 | lr:4.91e-16 | loss:+1.5316                        
[16:30:48] INFO     (6:07:46) Saved latest(it=1410000) checkpoint to                                       
                    opt.ckpt_path=PosixPath('results/BSBUnfold_Z2Jet_KL01_iter5M_6x256_SelfCond')!         
[16:32:08] INFO     (6:09:06) train_it 1415001/5000000 | lr:4.44e-16 | loss:+1.5343                        
[16:33:29] INFO     (6:10:27) train_it 1420001/5000000 | lr:4.02e-16 | loss:+1.5347                        
[16:34:46] INFO     (6:11:44) train_it 1425001/5000000 | lr:3.63e-16 | loss:+1.5346                        
[16:34:47] INFO     (6:11:45) Saved latest(it=1425000) checkpoint to                                       
                    opt.ckpt_path=PosixPath('results/BSBUnfold_Z2Jet_KL01_iter5M_6x256_SelfCond')!         
[16:36:03] INFO     (6:13:01) train_it 1430001/5000000 | lr:3.29e-16 | loss:+1.5337                        
[16:37:18] INFO     (6:14:16) train_it 1435001/5000000 | lr:2.97e-16 | loss:+1.5330                        
[16:38:34] INFO     (6:15:32) train_it 1440001/5000000 | lr:2.69e-16 | loss:+1.5321                        
[16:38:37] INFO     (6:15:34) Saved latest(it=1440000) checkpoint to                                       
                    opt.ckpt_path=PosixPath('results/BSBUnfold_Z2Jet_KL01_iter5M_6x256_SelfCond')!         
[16:39:53] INFO     (6:16:51) train_it 1445001/5000000 | lr:2.43e-16 | loss:+1.5329                        
[16:41:09] INFO     (6:18:07) train_it 1450001/5000000 | lr:2.20e-16 | loss:+1.5341                        
[16:42:29] INFO     (6:19:27) train_it 1455001/5000000 | lr:1.99e-16 | loss:+1.5337                        
[16:42:30] INFO     (6:19:28) Saved latest(it=1455000) checkpoint to                                       
                    opt.ckpt_path=PosixPath('results/BSBUnfold_Z2Jet_KL01_iter5M_6x256_SelfCond')!         
[16:43:46] INFO     (6:20:44) train_it 1460001/5000000 | lr:1.80e-16 | loss:+1.5327                        
[16:45:02] INFO     (6:22:00) train_it 1465001/5000000 | lr:1.63e-16 | loss:+1.5293                        
[16:46:18] INFO     (6:23:16) train_it 1470001/5000000 | lr:1.47e-16 | loss:+1.5355                        
[16:46:19] INFO     (6:23:17) Saved latest(it=1470000) checkpoint to                                       
                    opt.ckpt_path=PosixPath('results/BSBUnfold_Z2Jet_KL01_iter5M_6x256_SelfCond')!         
[16:47:34] INFO     (6:24:32) train_it 1475001/5000000 | lr:1.33e-16 | loss:+1.5361                        
[16:48:50] INFO     (6:25:48) train_it 1480001/5000000 | lr:1.20e-16 | loss:+1.5316                        
[16:50:06] INFO     (6:27:04) train_it 1485001/5000000 | lr:1.09e-16 | loss:+1.5386                        
[16:50:07] INFO     (6:27:05) Saved latest(it=1485000) checkpoint to                                       
                    opt.ckpt_path=PosixPath('results/BSBUnfold_Z2Jet_KL01_iter5M_6x256_SelfCond')!         
[16:51:27] INFO     (6:28:25) train_it 1490001/5000000 | lr:9.84e-17 | loss:+1.5354                        
[16:52:45] INFO     (6:29:43) train_it 1495001/5000000 | lr:8.90e-17 | loss:+1.5334                        
[16:54:00] INFO     (6:30:58) train_it 1500001/5000000 | lr:8.05e-17 | loss:+1.5322                        
[16:54:02] INFO     (6:31:00) Saved latest(it=1500000) checkpoint to                                       
                    opt.ckpt_path=PosixPath('results/BSBUnfold_Z2Jet_KL01_iter5M_6x256_SelfCond')!         
[16:55:22] INFO     (6:32:20) train_it 1505001/5000000 | lr:7.28e-17 | loss:+1.5350                        
[16:56:41] INFO     (6:33:38) train_it 1510001/5000000 | lr:6.58e-17 | loss:+1.5310                        
[16:57:59] INFO     (6:34:57) train_it 1515001/5000000 | lr:5.95e-17 | loss:+1.5323                        
[16:58:01] INFO     (6:34:59) Saved latest(it=1515000) checkpoint to                                       
                    opt.ckpt_path=PosixPath('results/BSBUnfold_Z2Jet_KL01_iter5M_6x256_SelfCond')!         
[16:59:16] INFO     (6:36:14) train_it 1520001/5000000 | lr:5.38e-17 | loss:+1.5314                        
[17:00:32] INFO     (6:37:30) train_it 1525001/5000000 | lr:4.87e-17 | loss:+1.5398                        
[17:01:46] INFO     (6:38:44) train_it 1530001/5000000 | lr:4.40e-17 | loss:+1.5360                        
[17:01:48] INFO     (6:38:46) Saved latest(it=1530000) checkpoint to                                       
                    opt.ckpt_path=PosixPath('results/BSBUnfold_Z2Jet_KL01_iter5M_6x256_SelfCond')!         
[17:03:03] INFO     (6:40:01) train_it 1535001/5000000 | lr:3.98e-17 | loss:+1.5363                        
[17:04:19] INFO     (6:41:17) train_it 1540001/5000000 | lr:3.60e-17 | loss:+1.5358                        
[17:05:35] INFO     (6:42:33) train_it 1545001/5000000 | lr:3.26e-17 | loss:+1.5359                        
[17:05:37] INFO     (6:42:34) Saved latest(it=1545000) checkpoint to                                       
                    opt.ckpt_path=PosixPath('results/BSBUnfold_Z2Jet_KL01_iter5M_6x256_SelfCond')!         
[17:06:52] INFO     (6:43:50) train_it 1550001/5000000 | lr:2.95e-17 | loss:+1.5354                        
[17:08:08] INFO     (6:45:06) train_it 1555001/5000000 | lr:2.66e-17 | loss:+1.5322                        
[17:09:23] INFO     (6:46:21) train_it 1560001/5000000 | lr:2.41e-17 | loss:+1.5352                        
[17:09:26] INFO     (6:46:24) Saved latest(it=1560000) checkpoint to                                       
                    opt.ckpt_path=PosixPath('results/BSBUnfold_Z2Jet_KL01_iter5M_6x256_SelfCond')!         
[17:10:41] INFO     (6:47:39) train_it 1565001/5000000 | lr:2.18e-17 | loss:+1.5337                        
[17:11:57] INFO     (6:48:55) train_it 1570001/5000000 | lr:1.97e-17 | loss:+1.5348                        
[17:13:13] INFO     (6:50:11) train_it 1575001/5000000 | lr:1.78e-17 | loss:+1.5311                        
[17:13:14] INFO     (6:50:12) Saved latest(it=1575000) checkpoint to                                       
                    opt.ckpt_path=PosixPath('results/BSBUnfold_Z2Jet_KL01_iter5M_6x256_SelfCond')!         
[17:14:29] INFO     (6:51:27) train_it 1580001/5000000 | lr:1.61e-17 | loss:+1.5392                        
[17:15:45] INFO     (6:52:43) train_it 1585001/5000000 | lr:1.46e-17 | loss:+1.5283                        
[17:17:00] INFO     (6:53:58) train_it 1590001/5000000 | lr:1.32e-17 | loss:+1.5333                        
[17:17:01] INFO     (6:53:59) Saved latest(it=1590000) checkpoint to                                       
                    opt.ckpt_path=PosixPath('results/BSBUnfold_Z2Jet_KL01_iter5M_6x256_SelfCond')!         
[17:18:16] INFO     (6:55:14) train_it 1595001/5000000 | lr:1.19e-17 | loss:+1.5290                        
[17:19:32] INFO     (6:56:30) train_it 1600001/5000000 | lr:1.08e-17 | loss:+1.5379                        
[17:20:48] INFO     (6:57:46) train_it 1605001/5000000 | lr:9.75e-18 | loss:+1.5284                        
[17:20:49] INFO     (6:57:47) Saved latest(it=1605000) checkpoint to                                       
                    opt.ckpt_path=PosixPath('results/BSBUnfold_Z2Jet_KL01_iter5M_6x256_SelfCond')!         
[17:22:08] INFO     (6:59:06) train_it 1610001/5000000 | lr:8.82e-18 | loss:+1.5275                        
[17:23:25] INFO     (7:00:23) train_it 1615001/5000000 | lr:7.97e-18 | loss:+1.5367                        
[17:24:41] INFO     (7:01:39) train_it 1620001/5000000 | lr:7.21e-18 | loss:+1.5275                        
[17:24:43] INFO     (7:01:41) Saved latest(it=1620000) checkpoint to                                       
                    opt.ckpt_path=PosixPath('results/BSBUnfold_Z2Jet_KL01_iter5M_6x256_SelfCond')!         
[17:25:59] INFO     (7:02:57) train_it 1625001/5000000 | lr:6.52e-18 | loss:+1.5313                        
[17:27:14] INFO     (7:04:12) train_it 1630001/5000000 | lr:5.90e-18 | loss:+1.5352                        
[17:28:30] INFO     (7:05:27) train_it 1635001/5000000 | lr:5.33e-18 | loss:+1.5289                        
           INFO     (7:05:28) Saved latest(it=1635000) checkpoint to                                       
                    opt.ckpt_path=PosixPath('results/BSBUnfold_Z2Jet_KL01_iter5M_6x256_SelfCond')!         
[17:29:46] INFO     (7:06:44) train_it 1640001/5000000 | lr:4.82e-18 | loss:+1.5305                        
[17:31:04] INFO     (7:08:02) train_it 1645001/5000000 | lr:4.36e-18 | loss:+1.5388                        
[17:32:20] INFO     (7:09:18) train_it 1650001/5000000 | lr:3.95e-18 | loss:+1.5386                        
[17:32:21] INFO     (7:09:19) Saved latest(it=1650000) checkpoint to                                       
                    opt.ckpt_path=PosixPath('results/BSBUnfold_Z2Jet_KL01_iter5M_6x256_SelfCond')!         
[17:33:36] INFO     (7:10:34) train_it 1655001/5000000 | lr:3.57e-18 | loss:+1.5309                        
[17:34:52] INFO     (7:11:50) train_it 1660001/5000000 | lr:3.23e-18 | loss:+1.5322                        
[17:36:13] INFO     (7:13:11) train_it 1665001/5000000 | lr:2.92e-18 | loss:+1.5338                        
[17:36:14] INFO     (7:13:12) Saved latest(it=1665000) checkpoint to                                       
                    opt.ckpt_path=PosixPath('results/BSBUnfold_Z2Jet_KL01_iter5M_6x256_SelfCond')!         
[17:37:34] INFO     (7:14:32) train_it 1670001/5000000 | lr:2.64e-18 | loss:+1.5341                        
[17:38:53] INFO     (7:15:51) train_it 1675001/5000000 | lr:2.39e-18 | loss:+1.5310                        
[17:40:10] INFO     (7:17:08) train_it 1680001/5000000 | lr:2.16e-18 | loss:+1.5325                        
[17:40:11] INFO     (7:17:09) Saved latest(it=1680000) checkpoint to                                       
                    opt.ckpt_path=PosixPath('results/BSBUnfold_Z2Jet_KL01_iter5M_6x256_SelfCond')!         
[17:41:27] INFO     (7:18:25) train_it 1685001/5000000 | lr:1.95e-18 | loss:+1.5374                        
[17:42:43] INFO     (7:19:41) train_it 1690001/5000000 | lr:1.77e-18 | loss:+1.5390                        
[17:43:58] INFO     (7:20:56) train_it 1695001/5000000 | lr:1.60e-18 | loss:+1.5314                        
[17:44:01] INFO     (7:20:59) Saved latest(it=1695000) checkpoint to                                       
                    opt.ckpt_path=PosixPath('results/BSBUnfold_Z2Jet_KL01_iter5M_6x256_SelfCond')!         
[17:45:17] INFO     (7:22:15) train_it 1700001/5000000 | lr:1.44e-18 | loss:+1.5349                        
[17:46:32] INFO     (7:23:30) train_it 1705001/5000000 | lr:1.31e-18 | loss:+1.5345                        
[17:47:47] INFO     (7:24:45) train_it 1710001/5000000 | lr:1.18e-18 | loss:+1.5341                        
[17:47:49] INFO     (7:24:47) Saved latest(it=1710000) checkpoint to                                       
                    opt.ckpt_path=PosixPath('results/BSBUnfold_Z2Jet_KL01_iter5M_6x256_SelfCond')!         
[17:49:05] INFO     (7:26:03) train_it 1715001/5000000 | lr:1.07e-18 | loss:+1.5292                        
[17:50:20] INFO     (7:27:18) train_it 1720001/5000000 | lr:9.66e-19 | loss:+1.5320                        
[17:51:36] INFO     (7:28:34) train_it 1725001/5000000 | lr:8.74e-19 | loss:+1.5342                        
[17:51:37] INFO     (7:28:35) Saved latest(it=1725000) checkpoint to                                       
                    opt.ckpt_path=PosixPath('results/BSBUnfold_Z2Jet_KL01_iter5M_6x256_SelfCond')!         
[17:52:52] INFO     (7:29:50) train_it 1730001/5000000 | lr:7.90e-19 | loss:+1.5314                        
[17:54:08] INFO     (7:31:06) train_it 1735001/5000000 | lr:7.15e-19 | loss:+1.5294                        
[17:55:24] INFO     (7:32:22) train_it 1740001/5000000 | lr:6.46e-19 | loss:+1.5354                        
[17:55:28] INFO     (7:32:26) Saved latest(it=1740000) checkpoint to                                       
                    opt.ckpt_path=PosixPath('results/BSBUnfold_Z2Jet_KL01_iter5M_6x256_SelfCond')!         
[17:56:43] INFO     (7:33:41) train_it 1745001/5000000 | lr:5.85e-19 | loss:+1.5331                        
[17:58:03] INFO     (7:35:01) train_it 1750001/5000000 | lr:5.29e-19 | loss:+1.5361                        
[17:59:23] INFO     (7:36:21) train_it 1755001/5000000 | lr:4.78e-19 | loss:+1.5338                        
[17:59:24] INFO     (7:36:22) Saved latest(it=1755000) checkpoint to                                       
                    opt.ckpt_path=PosixPath('results/BSBUnfold_Z2Jet_KL01_iter5M_6x256_SelfCond')!         
[18:00:45] INFO     (7:37:43) train_it 1760001/5000000 | lr:4.32e-19 | loss:+1.5376                        
[18:02:05] INFO     (7:39:03) train_it 1765001/5000000 | lr:3.91e-19 | loss:+1.5306                        
[18:03:26] INFO     (7:40:24) train_it 1770001/5000000 | lr:3.54e-19 | loss:+1.5340                        
[18:03:27] INFO     (7:40:25) Saved latest(it=1770000) checkpoint to                                       
                    opt.ckpt_path=PosixPath('results/BSBUnfold_Z2Jet_KL01_iter5M_6x256_SelfCond')!         
[18:04:45] INFO     (7:41:42) train_it 1775001/5000000 | lr:3.20e-19 | loss:+1.5358                        
[18:06:00] INFO     (7:42:58) train_it 1780001/5000000 | lr:2.89e-19 | loss:+1.5330                        
[18:07:17] INFO     (7:44:15) train_it 1785001/5000000 | lr:2.62e-19 | loss:+1.5343                        
[18:07:18] INFO     (7:44:16) Saved latest(it=1785000) checkpoint to                                       
                    opt.ckpt_path=PosixPath('results/BSBUnfold_Z2Jet_KL01_iter5M_6x256_SelfCond')!         
[18:08:34] INFO     (7:45:32) train_it 1790001/5000000 | lr:2.37e-19 | loss:+1.5354                        
[18:09:53] INFO     (7:46:51) train_it 1795001/5000000 | lr:2.14e-19 | loss:+1.5341                        
[18:11:15] INFO     (7:48:13) train_it 1800001/5000000 | lr:1.94e-19 | loss:+1.5346                        
[18:11:16] INFO     (7:48:14) Saved latest(it=1800000) checkpoint to                                       
                    opt.ckpt_path=PosixPath('results/BSBUnfold_Z2Jet_KL01_iter5M_6x256_SelfCond')!         
[18:12:36] INFO     (7:49:34) train_it 1805001/5000000 | lr:1.75e-19 | loss:+1.5354                        
[18:13:56] INFO     (7:50:54) train_it 1810001/5000000 | lr:1.58e-19 | loss:+1.5331                        
[18:15:17] INFO     (7:52:15) train_it 1815001/5000000 | lr:1.43e-19 | loss:+1.5370                        
[18:15:19] INFO     (7:52:17) Saved latest(it=1815000) checkpoint to                                       
                    opt.ckpt_path=PosixPath('results/BSBUnfold_Z2Jet_KL01_iter5M_6x256_SelfCond')!         
[18:16:41] INFO     (7:53:39) train_it 1820001/5000000 | lr:1.29e-19 | loss:+1.5339                        
[18:18:01] INFO     (7:54:59) train_it 1825001/5000000 | lr:1.17e-19 | loss:+1.5374                        
[18:19:20] INFO     (7:56:18) train_it 1830001/5000000 | lr:1.06e-19 | loss:+1.5314                        
[18:19:21] INFO     (7:56:19) Saved latest(it=1830000) checkpoint to                                       
                    opt.ckpt_path=PosixPath('results/BSBUnfold_Z2Jet_KL01_iter5M_6x256_SelfCond')!         
[18:20:36] INFO     (7:57:34) train_it 1835001/5000000 | lr:9.58e-20 | loss:+1.5370                        
[18:21:53] INFO     (7:58:51) train_it 1840001/5000000 | lr:8.66e-20 | loss:+1.5355                        
[18:23:09] INFO     (8:00:07) train_it 1845001/5000000 | lr:7.83e-20 | loss:+1.5288                        
[18:23:11] INFO     (8:00:09) Saved latest(it=1845000) checkpoint to                                       
                    opt.ckpt_path=PosixPath('results/BSBUnfold_Z2Jet_KL01_iter5M_6x256_SelfCond')!         
[18:24:27] INFO     (8:01:25) train_it 1850001/5000000 | lr:7.08e-20 | loss:+1.5369                        
[18:25:44] INFO     (8:02:42) train_it 1855001/5000000 | lr:6.41e-20 | loss:+1.5318                        
[18:26:59] INFO     (8:03:57) train_it 1860001/5000000 | lr:5.79e-20 | loss:+1.5374                        
[18:27:01] INFO     (8:03:59) Saved latest(it=1860000) checkpoint to                                       
                    opt.ckpt_path=PosixPath('results/BSBUnfold_Z2Jet_KL01_iter5M_6x256_SelfCond')!         
[18:28:16] INFO     (8:05:14) train_it 1865001/5000000 | lr:5.24e-20 | loss:+1.5332                        
[18:29:31] INFO     (8:06:29) train_it 1870001/5000000 | lr:4.74e-20 | loss:+1.5304                        
[18:30:46] INFO     (8:07:44) train_it 1875001/5000000 | lr:4.29e-20 | loss:+1.5295                        
[18:30:48] INFO     (8:07:45) Saved latest(it=1875000) checkpoint to                                       
                    opt.ckpt_path=PosixPath('results/BSBUnfold_Z2Jet_KL01_iter5M_6x256_SelfCond')!         
[18:32:03] INFO     (8:09:01) train_it 1880001/5000000 | lr:3.88e-20 | loss:+1.5347                        
[18:33:19] INFO     (8:10:17) train_it 1885001/5000000 | lr:3.50e-20 | loss:+1.5344                        
[18:34:34] INFO     (8:11:32) train_it 1890001/5000000 | lr:3.17e-20 | loss:+1.5317                        
[18:34:35] INFO     (8:11:33) Saved latest(it=1890000) checkpoint to                                       
                    opt.ckpt_path=PosixPath('results/BSBUnfold_Z2Jet_KL01_iter5M_6x256_SelfCond')!         
[18:35:54] INFO     (8:12:52) train_it 1895001/5000000 | lr:2.87e-20 | loss:+1.5366                        
[18:37:15] INFO     (8:14:12) train_it 1900001/5000000 | lr:2.59e-20 | loss:+1.5391                        
[18:38:34] INFO     (8:15:32) train_it 1905001/5000000 | lr:2.34e-20 | loss:+1.5345                        
[18:38:35] INFO     (8:15:33) Saved latest(it=1905000) checkpoint to                                       
                    opt.ckpt_path=PosixPath('results/BSBUnfold_Z2Jet_KL01_iter5M_6x256_SelfCond')!         
[18:39:50] INFO     (8:16:48) train_it 1910001/5000000 | lr:2.12e-20 | loss:+1.5323                        
[18:41:05] INFO     (8:18:03) train_it 1915001/5000000 | lr:1.92e-20 | loss:+1.5348                        
[18:42:21] INFO     (8:19:19) train_it 1920001/5000000 | lr:1.73e-20 | loss:+1.5343                        
[18:42:22] INFO     (8:19:20) Saved latest(it=1920000) checkpoint to                                       
                    opt.ckpt_path=PosixPath('results/BSBUnfold_Z2Jet_KL01_iter5M_6x256_SelfCond')!         
[18:43:38] INFO     (8:20:36) train_it 1925001/5000000 | lr:1.57e-20 | loss:+1.5346                        
[18:44:55] INFO     (8:21:53) train_it 1930001/5000000 | lr:1.42e-20 | loss:+1.5342                        
[18:46:11] INFO     (8:23:09) train_it 1935001/5000000 | lr:1.28e-20 | loss:+1.5330                        
[18:46:12] INFO     (8:23:10) Saved latest(it=1935000) checkpoint to                                       
                    opt.ckpt_path=PosixPath('results/BSBUnfold_Z2Jet_KL01_iter5M_6x256_SelfCond')!         
[18:47:30] INFO     (8:24:28) train_it 1940001/5000000 | lr:1.16e-20 | loss:+1.5325                        
[18:48:47] INFO     (8:25:44) train_it 1945001/5000000 | lr:1.05e-20 | loss:+1.5357                        
[18:50:02] INFO     (8:27:00) train_it 1950001/5000000 | lr:9.49e-21 | loss:+1.5339                        
[18:50:04] INFO     (8:27:02) Saved latest(it=1950000) checkpoint to                                       
                    opt.ckpt_path=PosixPath('results/BSBUnfold_Z2Jet_KL01_iter5M_6x256_SelfCond')!         
[18:51:22] INFO     (8:28:20) train_it 1955001/5000000 | lr:8.58e-21 | loss:+1.5345                        
[18:52:44] INFO     (8:29:42) train_it 1960001/5000000 | lr:7.76e-21 | loss:+1.5374                        
[18:54:06] INFO     (8:31:04) train_it 1965001/5000000 | lr:7.02e-21 | loss:+1.5351                        
[18:54:07] INFO     (8:31:05) Saved latest(it=1965000) checkpoint to                                       
                    opt.ckpt_path=PosixPath('results/BSBUnfold_Z2Jet_KL01_iter5M_6x256_SelfCond')!         
[18:55:23] INFO     (8:32:21) train_it 1970001/5000000 | lr:6.35e-21 | loss:+1.5325                        
[18:56:39] INFO     (8:33:37) train_it 1975001/5000000 | lr:5.74e-21 | loss:+1.5383                        
[18:57:57] INFO     (8:34:55) train_it 1980001/5000000 | lr:5.19e-21 | loss:+1.5357                        
[18:57:59] INFO     (8:34:57) Saved latest(it=1980000) checkpoint to                                       
                    opt.ckpt_path=PosixPath('results/BSBUnfold_Z2Jet_KL01_iter5M_6x256_SelfCond')!         
[18:59:20] INFO     (8:36:18) train_it 1985001/5000000 | lr:4.70e-21 | loss:+1.5339                        
[19:00:40] INFO     (8:37:38) train_it 1990001/5000000 | lr:4.25e-21 | loss:+1.5362                        
[19:01:59] INFO     (8:38:57) train_it 1995001/5000000 | lr:3.84e-21 | loss:+1.5342                        
[19:02:01] INFO     (8:38:59) Saved latest(it=1995000) checkpoint to                                       
                    opt.ckpt_path=PosixPath('results/BSBUnfold_Z2Jet_KL01_iter5M_6x256_SelfCond')!         
[19:03:22] INFO     (8:40:20) train_it 2000001/5000000 | lr:3.47e-21 | loss:+1.5305                        
[19:04:43] INFO     (8:41:41) train_it 2005001/5000000 | lr:3.14e-21 | loss:+1.5344                        
[19:06:04] INFO     (8:43:01) train_it 2010001/5000000 | lr:2.84e-21 | loss:+1.5360                        
[19:06:05] INFO     (8:43:03) Saved latest(it=2010000) checkpoint to                                       
                    opt.ckpt_path=PosixPath('results/BSBUnfold_Z2Jet_KL01_iter5M_6x256_SelfCond')!         
[19:07:25] INFO     (8:44:23) train_it 2015001/5000000 | lr:2.57e-21 | loss:+1.5344                        
[19:08:45] INFO     (8:45:43) train_it 2020001/5000000 | lr:2.32e-21 | loss:+1.5347                        
[19:10:04] INFO     (8:47:01) train_it 2025001/5000000 | lr:2.10e-21 | loss:+1.5324                        
[19:10:05] INFO     (8:47:03) Saved latest(it=2025000) checkpoint to                                       
                    opt.ckpt_path=PosixPath('results/BSBUnfold_Z2Jet_KL01_iter5M_6x256_SelfCond')!         
[19:11:21] INFO     (8:48:19) train_it 2030001/5000000 | lr:1.90e-21 | loss:+1.5377                        
[19:12:36] INFO     (8:49:33) train_it 2035001/5000000 | lr:1.72e-21 | loss:+1.5308                        
[19:13:51] INFO     (8:50:49) train_it 2040001/5000000 | lr:1.55e-21 | loss:+1.5321                        
[19:13:52] INFO     (8:50:50) Saved latest(it=2040000) checkpoint to                                       
                    opt.ckpt_path=PosixPath('results/BSBUnfold_Z2Jet_KL01_iter5M_6x256_SelfCond')!         
[19:15:08] INFO     (8:52:06) train_it 2045001/5000000 | lr:1.41e-21 | loss:+1.5382                        
[19:16:23] INFO     (8:53:21) train_it 2050001/5000000 | lr:1.27e-21 | loss:+1.5319                        
[19:17:39] INFO     (8:54:37) train_it 2055001/5000000 | lr:1.15e-21 | loss:+1.5328                        
[19:17:44] INFO     (8:54:42) Saved latest(it=2055000) checkpoint to                                       
                    opt.ckpt_path=PosixPath('results/BSBUnfold_Z2Jet_KL01_iter5M_6x256_SelfCond')!         
[19:18:58] INFO     (8:55:56) train_it 2060001/5000000 | lr:1.04e-21 | loss:+1.5340                        
[19:20:14] INFO     (8:57:12) train_it 2065001/5000000 | lr:9.40e-22 | loss:+1.5360                        
[19:21:28] INFO     (8:58:26) train_it 2070001/5000000 | lr:8.51e-22 | loss:+1.5324                        
[19:21:32] INFO     (8:58:30) Saved latest(it=2070000) checkpoint to                                       
                    opt.ckpt_path=PosixPath('results/BSBUnfold_Z2Jet_KL01_iter5M_6x256_SelfCond')!         
[19:22:47] INFO     (8:59:45) train_it 2075001/5000000 | lr:7.69e-22 | loss:+1.5346                        
[19:24:03] INFO     (9:01:01) train_it 2080001/5000000 | lr:6.96e-22 | loss:+1.5346                        
[19:25:18] INFO     (9:02:16) train_it 2085001/5000000 | lr:6.29e-22 | loss:+1.5338                        
[19:25:20] INFO     (9:02:18) Saved latest(it=2085000) checkpoint to                                       
                    opt.ckpt_path=PosixPath('results/BSBUnfold_Z2Jet_KL01_iter5M_6x256_SelfCond')!         
[19:26:41] INFO     (9:03:39) train_it 2090001/5000000 | lr:5.69e-22 | loss:+1.5377                        
[19:28:01] INFO     (9:04:59) train_it 2095001/5000000 | lr:5.15e-22 | loss:+1.5313                        
[19:29:22] INFO     (9:06:20) train_it 2100001/5000000 | lr:4.65e-22 | loss:+1.5350                        
[19:29:23] INFO     (9:06:21) Saved latest(it=2100000) checkpoint to                                       
                    opt.ckpt_path=PosixPath('results/BSBUnfold_Z2Jet_KL01_iter5M_6x256_SelfCond')!         
[19:30:43] INFO     (9:07:41) train_it 2105001/5000000 | lr:4.21e-22 | loss:+1.5396                        
[19:32:04] INFO     (9:09:02) train_it 2110001/5000000 | lr:3.81e-22 | loss:+1.5332                        
[19:33:22] INFO     (9:10:20) train_it 2115001/5000000 | lr:3.44e-22 | loss:+1.5340                        
[19:33:23] INFO     (9:10:21) Saved latest(it=2115000) checkpoint to                                       
                    opt.ckpt_path=PosixPath('results/BSBUnfold_Z2Jet_KL01_iter5M_6x256_SelfCond')!         
[19:34:43] INFO     (9:11:41) train_it 2120001/5000000 | lr:3.11e-22 | loss:+1.5331                        
[19:36:03] INFO     (9:13:01) train_it 2125001/5000000 | lr:2.82e-22 | loss:+1.5362                        
[19:37:18] INFO     (9:14:16) train_it 2130001/5000000 | lr:2.55e-22 | loss:+1.5346                        
[19:37:19] INFO     (9:14:17) Saved latest(it=2130000) checkpoint to                                       
                    opt.ckpt_path=PosixPath('results/BSBUnfold_Z2Jet_KL01_iter5M_6x256_SelfCond')!         
[19:38:34] INFO     (9:15:32) train_it 2135001/5000000 | lr:2.30e-22 | loss:+1.5335                        
[19:39:49] INFO     (9:16:47) train_it 2140001/5000000 | lr:2.08e-22 | loss:+1.5345                        
[19:41:05] INFO     (9:18:03) train_it 2145001/5000000 | lr:1.88e-22 | loss:+1.5377                        
[19:41:07] INFO     (9:18:05) Saved latest(it=2145000) checkpoint to                                       
                    opt.ckpt_path=PosixPath('results/BSBUnfold_Z2Jet_KL01_iter5M_6x256_SelfCond')!         
[19:42:27] INFO     (9:19:25) train_it 2150001/5000000 | lr:1.70e-22 | loss:+1.5340                        
[19:43:47] INFO     (9:20:45) train_it 2155001/5000000 | lr:1.54e-22 | loss:+1.5297                        
[19:45:08] INFO     (9:22:06) train_it 2160001/5000000 | lr:1.39e-22 | loss:+1.5344                        
[19:45:10] INFO     (9:22:08) Saved latest(it=2160000) checkpoint to                                       
                    opt.ckpt_path=PosixPath('results/BSBUnfold_Z2Jet_KL01_iter5M_6x256_SelfCond')!         
[19:46:30] INFO     (9:23:28) train_it 2165001/5000000 | lr:1.26e-22 | loss:+1.5287                        
[19:47:46] INFO     (9:24:44) train_it 2170001/5000000 | lr:1.14e-22 | loss:+1.5289                        
[19:49:02] INFO     (9:26:00) train_it 2175001/5000000 | lr:1.03e-22 | loss:+1.5321                        
[19:49:03] INFO     (9:26:01) Saved latest(it=2175000) checkpoint to                                       
                    opt.ckpt_path=PosixPath('results/BSBUnfold_Z2Jet_KL01_iter5M_6x256_SelfCond')!         
[19:50:19] INFO     (9:27:17) train_it 2180001/5000000 | lr:9.32e-23 | loss:+1.5298                        
[19:51:34] INFO     (9:28:32) train_it 2185001/5000000 | lr:8.43e-23 | loss:+1.5404                        
[19:52:50] INFO     (9:29:48) train_it 2190001/5000000 | lr:7.62e-23 | loss:+1.5353                        
[19:52:51] INFO     (9:29:49) Saved latest(it=2190000) checkpoint to                                       
                    opt.ckpt_path=PosixPath('results/BSBUnfold_Z2Jet_KL01_iter5M_6x256_SelfCond')!         
[19:54:12] INFO     (9:31:10) train_it 2195001/5000000 | lr:6.89e-23 | loss:+1.5293                        
[19:55:33] INFO     (9:32:31) train_it 2200001/5000000 | lr:6.24e-23 | loss:+1.5314                        
[19:56:53] INFO     (9:33:51) train_it 2205001/5000000 | lr:5.64e-23 | loss:+1.5348                        
[19:56:56] INFO     (9:33:54) Saved latest(it=2205000) checkpoint to                                       
                    opt.ckpt_path=PosixPath('results/BSBUnfold_Z2Jet_KL01_iter5M_6x256_SelfCond')!         
[19:58:11] INFO     (9:35:09) train_it 2210001/5000000 | lr:5.10e-23 | loss:+1.5324                        
[19:59:27] INFO     (9:36:25) train_it 2215001/5000000 | lr:4.61e-23 | loss:+1.5363                        
[20:00:46] INFO     (9:37:44) train_it 2220001/5000000 | lr:4.17e-23 | loss:+1.5337                        
[20:00:47] INFO     (9:37:45) Saved latest(it=2220000) checkpoint to                                       
                    opt.ckpt_path=PosixPath('results/BSBUnfold_Z2Jet_KL01_iter5M_6x256_SelfCond')!         
[20:02:01] INFO     (9:38:59) train_it 2225001/5000000 | lr:3.77e-23 | loss:+1.5340                        
[20:03:17] INFO     (9:40:15) train_it 2230001/5000000 | lr:3.41e-23 | loss:+1.5340                        
[20:04:32] INFO     (9:41:30) train_it 2235001/5000000 | lr:3.09e-23 | loss:+1.5341                        
           INFO     (9:41:30) Saved latest(it=2235000) checkpoint to                                       
                    opt.ckpt_path=PosixPath('results/BSBUnfold_Z2Jet_KL01_iter5M_6x256_SelfCond')!         
[20:05:55] INFO     (9:42:53) train_it 2240001/5000000 | lr:2.79e-23 | loss:+1.5307                        
[20:07:17] INFO     (9:44:15) train_it 2245001/5000000 | lr:2.52e-23 | loss:+1.5315                        
[20:08:37] INFO     (9:45:35) train_it 2250001/5000000 | lr:2.28e-23 | loss:+1.5330                        
[20:08:38] INFO     (9:45:36) Saved latest(it=2250000) checkpoint to                                       
                    opt.ckpt_path=PosixPath('results/BSBUnfold_Z2Jet_KL01_iter5M_6x256_SelfCond')!         
[20:09:54] INFO     (9:46:52) train_it 2255001/5000000 | lr:2.06e-23 | loss:+1.5361                        
[20:11:10] INFO     (9:48:08) train_it 2260001/5000000 | lr:1.87e-23 | loss:+1.5380                        
[20:12:25] INFO     (9:49:23) train_it 2265001/5000000 | lr:1.69e-23 | loss:+1.5328                        
[20:12:27] INFO     (9:49:24) Saved latest(it=2265000) checkpoint to                                       
                    opt.ckpt_path=PosixPath('results/BSBUnfold_Z2Jet_KL01_iter5M_6x256_SelfCond')!         
[20:13:41] INFO     (9:50:39) train_it 2270001/5000000 | lr:1.53e-23 | loss:+1.5365                        
[20:14:59] INFO     (9:51:57) train_it 2275001/5000000 | lr:1.38e-23 | loss:+1.5308                        
[20:16:18] INFO     (9:53:16) train_it 2280001/5000000 | lr:1.25e-23 | loss:+1.5434                        
[20:16:19] INFO     (9:53:17) Saved latest(it=2280000) checkpoint to                                       
                    opt.ckpt_path=PosixPath('results/BSBUnfold_Z2Jet_KL01_iter5M_6x256_SelfCond')!         
[20:17:39] INFO     (9:54:37) train_it 2285001/5000000 | lr:1.13e-23 | loss:+1.5341                        
[20:19:00] INFO     (9:55:58) train_it 2290001/5000000 | lr:1.02e-23 | loss:+1.5353                        
[20:20:20] INFO     (9:57:18) train_it 2295001/5000000 | lr:9.24e-24 | loss:+1.5365                        
[20:20:21] INFO     (9:57:19) Saved latest(it=2295000) checkpoint to                                       
                    opt.ckpt_path=PosixPath('results/BSBUnfold_Z2Jet_KL01_iter5M_6x256_SelfCond')!         
[20:21:42] INFO     (9:58:40) train_it 2300001/5000000 | lr:8.35e-24 | loss:+1.5353                        
[20:23:03] INFO     (10:00:01) train_it 2305001/5000000 | lr:7.56e-24 | loss:+1.5294                       
[20:24:24] INFO     (10:01:22) train_it 2310001/5000000 | lr:6.83e-24 | loss:+1.5351                       
[20:24:26] INFO     (10:01:24) Saved latest(it=2310000) checkpoint to                                      
                    opt.ckpt_path=PosixPath('results/BSBUnfold_Z2Jet_KL01_iter5M_6x256_SelfCond')!         
[20:25:46] INFO     (10:02:44) train_it 2315001/5000000 | lr:6.18e-24 | loss:+1.5316                       
[20:27:07] INFO     (10:04:05) train_it 2320001/5000000 | lr:5.59e-24 | loss:+1.5333                       
[20:28:25] INFO     (10:05:23) train_it 2325001/5000000 | lr:5.05e-24 | loss:+1.5380                       
[20:28:27] INFO     (10:05:25) Saved latest(it=2325000) checkpoint to                                      
                    opt.ckpt_path=PosixPath('results/BSBUnfold_Z2Jet_KL01_iter5M_6x256_SelfCond')!         
[20:29:42] INFO     (10:06:40) train_it 2330001/5000000 | lr:4.57e-24 | loss:+1.5277                       
[20:30:57] INFO     (10:07:55) train_it 2335001/5000000 | lr:4.13e-24 | loss:+1.5346                       
[20:32:17] INFO     (10:09:15) train_it 2340001/5000000 | lr:3.74e-24 | loss:+1.5338                       
[20:32:20] INFO     (10:09:18) Saved latest(it=2340000) checkpoint to                                      
                    opt.ckpt_path=PosixPath('results/BSBUnfold_Z2Jet_KL01_iter5M_6x256_SelfCond')!         
[20:33:40] INFO     (10:10:38) train_it 2345001/5000000 | lr:3.38e-24 | loss:+1.5315                       
[20:35:00] INFO     (10:11:58) train_it 2350001/5000000 | lr:3.06e-24 | loss:+1.5320                       
[20:36:19] INFO     (10:13:17) train_it 2355001/5000000 | lr:2.77e-24 | loss:+1.5337                       
[20:36:20] INFO     (10:13:18) Saved latest(it=2355000) checkpoint to                                      
                    opt.ckpt_path=PosixPath('results/BSBUnfold_Z2Jet_KL01_iter5M_6x256_SelfCond')!         
[20:37:39] INFO     (10:14:37) train_it 2360001/5000000 | lr:2.50e-24 | loss:+1.5378                       
[20:38:54] INFO     (10:15:52) train_it 2365001/5000000 | lr:2.26e-24 | loss:+1.5299                       
[20:40:11] INFO     (10:17:09) train_it 2370001/5000000 | lr:2.05e-24 | loss:+1.5373                       
[20:40:13] INFO     (10:17:11) Saved latest(it=2370000) checkpoint to                                      
                    opt.ckpt_path=PosixPath('results/BSBUnfold_Z2Jet_KL01_iter5M_6x256_SelfCond')!         
[20:41:29] INFO     (10:18:26) train_it 2375001/5000000 | lr:1.85e-24 | loss:+1.5319                       
[20:42:48] INFO     (10:19:46) train_it 2380001/5000000 | lr:1.67e-24 | loss:+1.5360                       
[20:44:09] INFO     (10:21:07) train_it 2385001/5000000 | lr:1.51e-24 | loss:+1.5329                       
[20:44:11] INFO     (10:21:09) Saved latest(it=2385000) checkpoint to                                      
                    opt.ckpt_path=PosixPath('results/BSBUnfold_Z2Jet_KL01_iter5M_6x256_SelfCond')!         
[20:45:33] INFO     (10:22:31) train_it 2390001/5000000 | lr:1.37e-24 | loss:+1.5398                       
[20:46:54] INFO     (10:23:52) train_it 2395001/5000000 | lr:1.24e-24 | loss:+1.5339                       
[20:48:09] INFO     (10:25:07) train_it 2400001/5000000 | lr:1.12e-24 | loss:+1.5326                       
[20:48:10] INFO     (10:25:08) Saved latest(it=2400000) checkpoint to                                      
                    opt.ckpt_path=PosixPath('results/BSBUnfold_Z2Jet_KL01_iter5M_6x256_SelfCond')!         
[20:49:27] INFO     (10:26:25) train_it 2405001/5000000 | lr:1.01e-24 | loss:+1.5401                       
[20:50:42] INFO     (10:27:40) train_it 2410001/5000000 | lr:9.15e-25 | loss:+1.5295                       
[20:51:58] INFO     (10:28:56) train_it 2415001/5000000 | lr:8.28e-25 | loss:+1.5359                       
[20:52:00] INFO     (10:28:58) Saved latest(it=2415000) checkpoint to                                      
                    opt.ckpt_path=PosixPath('results/BSBUnfold_Z2Jet_KL01_iter5M_6x256_SelfCond')!         
[20:53:16] INFO     (10:30:13) train_it 2420001/5000000 | lr:7.49e-25 | loss:+1.5340                       
[20:54:31] INFO     (10:31:29) train_it 2425001/5000000 | lr:6.77e-25 | loss:+1.5376                       
[20:55:51] INFO     (10:32:48) train_it 2430001/5000000 | lr:6.12e-25 | loss:+1.5353                       
[20:55:52] INFO     (10:32:49) Saved latest(it=2430000) checkpoint to                                      
                    opt.ckpt_path=PosixPath('results/BSBUnfold_Z2Jet_KL01_iter5M_6x256_SelfCond')!         
[20:57:07] INFO     (10:34:05) train_it 2435001/5000000 | lr:5.54e-25 | loss:+1.5327                       
[20:58:25] INFO     (10:35:23) train_it 2440001/5000000 | lr:5.01e-25 | loss:+1.5359                       
[20:59:40] INFO     (10:36:38) train_it 2445001/5000000 | lr:4.53e-25 | loss:+1.5389                       
[20:59:44] INFO     (10:36:42) Saved latest(it=2445000) checkpoint to                                      
                    opt.ckpt_path=PosixPath('results/BSBUnfold_Z2Jet_KL01_iter5M_6x256_SelfCond')!         
[21:00:59] INFO     (10:37:57) train_it 2450001/5000000 | lr:4.10e-25 | loss:+1.5295                       
[21:02:17] INFO     (10:39:15) train_it 2455001/5000000 | lr:3.71e-25 | loss:+1.5362                       
[21:03:33] INFO     (10:40:31) train_it 2460001/5000000 | lr:3.35e-25 | loss:+1.5355                       
[21:03:34] INFO     (10:40:32) Saved latest(it=2460000) checkpoint to                                      
                    opt.ckpt_path=PosixPath('results/BSBUnfold_Z2Jet_KL01_iter5M_6x256_SelfCond')!         
[21:04:49] INFO     (10:41:47) train_it 2465001/5000000 | lr:3.03e-25 | loss:+1.5324                       
[21:06:05] INFO     (10:43:03) train_it 2470001/5000000 | lr:2.74e-25 | loss:+1.5373                       
[21:07:20] INFO     (10:44:18) train_it 2475001/5000000 | lr:2.48e-25 | loss:+1.5373                       
[21:07:22] INFO     (10:44:20) Saved latest(it=2475000) checkpoint to                                      
                    opt.ckpt_path=PosixPath('results/BSBUnfold_Z2Jet_KL01_iter5M_6x256_SelfCond')!         
[21:08:40] INFO     (10:45:38) train_it 2480001/5000000 | lr:2.24e-25 | loss:+1.5337                       
[21:09:56] INFO     (10:46:54) train_it 2485001/5000000 | lr:2.03e-25 | loss:+1.5320                       
[21:11:11] INFO     (10:48:09) train_it 2490001/5000000 | lr:1.83e-25 | loss:+1.5373                       
[21:11:13] INFO     (10:48:11) Saved latest(it=2490000) checkpoint to                                      
                    opt.ckpt_path=PosixPath('results/BSBUnfold_Z2Jet_KL01_iter5M_6x256_SelfCond')!         
[21:12:28] INFO     (10:49:26) train_it 2495001/5000000 | lr:1.66e-25 | loss:+1.5330                       
[21:13:43] INFO     (10:50:41) train_it 2500001/5000000 | lr:1.50e-25 | loss:+1.5349                       
[21:14:59] INFO     (10:51:57) train_it 2505001/5000000 | lr:1.36e-25 | loss:+1.5356                       
           INFO     (10:51:57) Saved latest(it=2505000) checkpoint to                                      
                    opt.ckpt_path=PosixPath('results/BSBUnfold_Z2Jet_KL01_iter5M_6x256_SelfCond')!         
[21:16:15] INFO     (10:53:13) train_it 2510001/5000000 | lr:1.23e-25 | loss:+1.5324                       
[21:17:31] INFO     (10:54:28) train_it 2515001/5000000 | lr:1.11e-25 | loss:+1.5322                       
[21:18:46] INFO     (10:55:44) train_it 2520001/5000000 | lr:1.00e-25 | loss:+1.5320                       
[21:18:48] INFO     (10:55:46) Saved latest(it=2520000) checkpoint to                                      
                    opt.ckpt_path=PosixPath('results/BSBUnfold_Z2Jet_KL01_iter5M_6x256_SelfCond')!         
[21:20:03] INFO     (10:57:01) train_it 2525001/5000000 | lr:9.07e-26 | loss:+1.5329                       
slurmstepd: error: *** STEP 31609214.0 ON nid002429 CANCELLED AT 2024-10-10T04:21:13 DUE TO TIME LIMIT ***
slurmstepd: error: *** JOB 31609214 ON nid002429 CANCELLED AT 2024-10-10T04:21:13 DUE TO TIME LIMIT ***
