[10:23:02] INFO     (0:00:00) =======================================================                      
           INFO     (0:00:00)          Unfolding Schrodinger Bridge                                        
           INFO     (0:00:00) =======================================================                      
           INFO     (0:00:00) Command used:                                                                
                    train_physics.py --corrupt BSBUnfold_Z2Jet_KL1_iter5M_6x256_SelfCond --n-gpu-per-node 1
                    --beta-max 0.1 --sample-name Z_2j --num-itr 5000000 --kl 1.0 --hidden-dim 256 --nresnet
                    6 --cond-x1                                                                            
           INFO     (0:00:00) Experiment ID: BSBUnfold_Z2Jet_KL1_iter5M_6x256_SelfCond                     
gen_train.shape (1500000, 22)
rec_train.shape (1500000, 22)
gen_test.shape (400000, 22)
rec_test.shape (400000, 22)
[10:23:03] INFO     (0:00:01) Saved options pickle to                                                      
                    results/BSBUnfold_Z2Jet_KL1_iter5M_6x256_SelfCond/options.pkl!                         
[10:23:04] INFO     (0:00:02) [Diffusion] Built I2SB diffusion: steps=1000!                                
           INFO     (0:00:02) [Diffusion] Number of trainable parameters: 2155030!                         
[10:23:05] INFO     (0:00:03) [Opt] Built AdamW optimizer optim_dict={'lr': 0.001, 'weight_decay': 0.0}!   
           INFO     (0:00:03) [Opt] Built lr step scheduler sched_dict={'step_size': 500, 'gamma': 0.99}!  
[10:23:07] INFO     (0:00:05) train_it 1/5000000 | lr:1.00e-03 | loss:+13.4049                             
           INFO     (0:00:05) Saved latest(it=0) checkpoint to                                             
                    opt.ckpt_path=PosixPath('results/BSBUnfold_Z2Jet_KL1_iter5M_6x256_SelfCond')!          
[10:24:28] INFO     (0:01:26) train_it 5001/5000000 | lr:9.04e-04 | loss:+3.7291                           
[10:25:45] INFO     (0:02:43) train_it 10001/5000000 | lr:8.18e-04 | loss:+2.7322                          
[10:27:03] INFO     (0:04:01) train_it 15001/5000000 | lr:7.40e-04 | loss:+2.4744                          
           INFO     (0:04:01) Saved latest(it=15000) checkpoint to                                         
                    opt.ckpt_path=PosixPath('results/BSBUnfold_Z2Jet_KL1_iter5M_6x256_SelfCond')!          
[10:28:23] INFO     (0:05:21) train_it 20001/5000000 | lr:6.69e-04 | loss:+2.3193                          
[10:29:44] INFO     (0:06:42) train_it 25001/5000000 | lr:6.05e-04 | loss:+2.2150                          
[10:31:05] INFO     (0:08:03) train_it 30001/5000000 | lr:5.47e-04 | loss:+2.1317                          
           INFO     (0:08:03) Saved latest(it=30000) checkpoint to                                         
                    opt.ckpt_path=PosixPath('results/BSBUnfold_Z2Jet_KL1_iter5M_6x256_SelfCond')!          
[10:32:22] INFO     (0:09:20) train_it 35001/5000000 | lr:4.95e-04 | loss:+2.0704                          
[10:33:44] INFO     (0:10:42) train_it 40001/5000000 | lr:4.48e-04 | loss:+2.0273                          
[10:35:06] INFO     (0:12:04) train_it 45001/5000000 | lr:4.05e-04 | loss:+1.9967                          
           INFO     (0:12:04) Saved latest(it=45000) checkpoint to                                         
                    opt.ckpt_path=PosixPath('results/BSBUnfold_Z2Jet_KL1_iter5M_6x256_SelfCond')!          
[10:36:28] INFO     (0:13:26) train_it 50001/5000000 | lr:3.66e-04 | loss:+1.9494                          
[10:37:49] INFO     (0:14:47) train_it 55001/5000000 | lr:3.31e-04 | loss:+1.9158                          
[10:39:11] INFO     (0:16:09) train_it 60001/5000000 | lr:2.99e-04 | loss:+1.8924                          
[10:39:12] INFO     (0:16:10) Saved latest(it=60000) checkpoint to                                         
                    opt.ckpt_path=PosixPath('results/BSBUnfold_Z2Jet_KL1_iter5M_6x256_SelfCond')!          
[10:40:34] INFO     (0:17:32) train_it 65001/5000000 | lr:2.71e-04 | loss:+1.8659                          
[10:41:56] INFO     (0:18:54) train_it 70001/5000000 | lr:2.45e-04 | loss:+1.8434                          
[10:43:17] INFO     (0:20:15) train_it 75001/5000000 | lr:2.21e-04 | loss:+1.8226                          
[10:43:18] INFO     (0:20:16) Saved latest(it=75000) checkpoint to                                         
                    opt.ckpt_path=PosixPath('results/BSBUnfold_Z2Jet_KL1_iter5M_6x256_SelfCond')!          
[10:44:37] INFO     (0:21:35) train_it 80001/5000000 | lr:2.00e-04 | loss:+1.8164                          
[10:45:53] INFO     (0:22:51) train_it 85001/5000000 | lr:1.81e-04 | loss:+1.7969                          
[10:47:10] INFO     (0:24:08) train_it 90001/5000000 | lr:1.64e-04 | loss:+1.7807                          
           INFO     (0:24:08) Saved latest(it=90000) checkpoint to                                         
                    opt.ckpt_path=PosixPath('results/BSBUnfold_Z2Jet_KL1_iter5M_6x256_SelfCond')!          
[10:48:28] INFO     (0:25:26) train_it 95001/5000000 | lr:1.48e-04 | loss:+1.7795                          
[10:49:45] INFO     (0:26:43) train_it 100001/5000000 | lr:1.34e-04 | loss:+1.7602                         
[10:51:02] INFO     (0:28:00) train_it 105001/5000000 | lr:1.21e-04 | loss:+1.7572                         
           INFO     (0:28:00) Saved latest(it=105000) checkpoint to                                        
                    opt.ckpt_path=PosixPath('results/BSBUnfold_Z2Jet_KL1_iter5M_6x256_SelfCond')!          
[10:52:19] INFO     (0:29:17) train_it 110001/5000000 | lr:1.10e-04 | loss:+1.7475                         
[10:53:37] INFO     (0:30:34) train_it 115001/5000000 | lr:9.91e-05 | loss:+1.7300                         
[10:54:58] INFO     (0:31:56) train_it 120001/5000000 | lr:8.96e-05 | loss:+1.7273                         
[10:54:59] INFO     (0:31:57) Saved latest(it=120000) checkpoint to                                        
                    opt.ckpt_path=PosixPath('results/BSBUnfold_Z2Jet_KL1_iter5M_6x256_SelfCond')!          
[10:56:20] INFO     (0:33:18) train_it 125001/5000000 | lr:8.11e-05 | loss:+1.7163                         
[10:57:41] INFO     (0:34:39) train_it 130001/5000000 | lr:7.33e-05 | loss:+1.7184                         
[10:58:58] INFO     (0:35:56) train_it 135001/5000000 | lr:6.63e-05 | loss:+1.7060                         
           INFO     (0:35:56) Saved latest(it=135000) checkpoint to                                        
                    opt.ckpt_path=PosixPath('results/BSBUnfold_Z2Jet_KL1_iter5M_6x256_SelfCond')!          
[11:00:15] INFO     (0:37:13) train_it 140001/5000000 | lr:6.00e-05 | loss:+1.7046                         
[11:01:36] INFO     (0:38:34) train_it 145001/5000000 | lr:5.42e-05 | loss:+1.6955                         
[11:02:57] INFO     (0:39:55) train_it 150001/5000000 | lr:4.90e-05 | loss:+1.6964                         
[11:02:58] INFO     (0:39:56) Saved latest(it=150000) checkpoint to                                        
                    opt.ckpt_path=PosixPath('results/BSBUnfold_Z2Jet_KL1_iter5M_6x256_SelfCond')!          
[11:04:18] INFO     (0:41:16) train_it 155001/5000000 | lr:4.44e-05 | loss:+1.6896                         
[11:05:34] INFO     (0:42:32) train_it 160001/5000000 | lr:4.01e-05 | loss:+1.6950                         
[11:06:55] INFO     (0:43:53) train_it 165001/5000000 | lr:3.63e-05 | loss:+1.6900                         
           INFO     (0:43:53) Saved latest(it=165000) checkpoint to                                        
                    opt.ckpt_path=PosixPath('results/BSBUnfold_Z2Jet_KL1_iter5M_6x256_SelfCond')!          
[11:08:11] INFO     (0:45:09) train_it 170001/5000000 | lr:3.28e-05 | loss:+1.6894                         
[11:09:28] INFO     (0:46:26) train_it 175001/5000000 | lr:2.97e-05 | loss:+1.6821                         
[11:10:48] INFO     (0:47:46) train_it 180001/5000000 | lr:2.68e-05 | loss:+1.6757                         
[11:10:49] INFO     (0:47:47) Saved latest(it=180000) checkpoint to                                        
                    opt.ckpt_path=PosixPath('results/BSBUnfold_Z2Jet_KL1_iter5M_6x256_SelfCond')!          
[11:12:10] INFO     (0:49:07) train_it 185001/5000000 | lr:2.43e-05 | loss:+1.6755                         
[11:13:30] INFO     (0:50:28) train_it 190001/5000000 | lr:2.19e-05 | loss:+1.6824                         
[11:14:50] INFO     (0:51:48) train_it 195001/5000000 | lr:1.98e-05 | loss:+1.6755                         
[11:14:51] INFO     (0:51:48) Saved latest(it=195000) checkpoint to                                        
                    opt.ckpt_path=PosixPath('results/BSBUnfold_Z2Jet_KL1_iter5M_6x256_SelfCond')!          
[11:16:10] INFO     (0:53:08) train_it 200001/5000000 | lr:1.80e-05 | loss:+1.6791                         
[11:17:27] INFO     (0:54:25) train_it 205001/5000000 | lr:1.62e-05 | loss:+1.6741                         
[11:18:43] INFO     (0:55:41) train_it 210001/5000000 | lr:1.47e-05 | loss:+1.6668                         
           INFO     (0:55:41) Saved latest(it=210000) checkpoint to                                        
                    opt.ckpt_path=PosixPath('results/BSBUnfold_Z2Jet_KL1_iter5M_6x256_SelfCond')!          
[11:20:01] INFO     (0:56:59) train_it 215001/5000000 | lr:1.33e-05 | loss:+1.6630                         
[11:21:17] INFO     (0:58:15) train_it 220001/5000000 | lr:1.20e-05 | loss:+1.6602                         
[11:22:37] INFO     (0:59:35) train_it 225001/5000000 | lr:1.09e-05 | loss:+1.6728                         
           INFO     (0:59:35) Saved latest(it=225000) checkpoint to                                        
                    opt.ckpt_path=PosixPath('results/BSBUnfold_Z2Jet_KL1_iter5M_6x256_SelfCond')!          
[11:24:00] INFO     (1:00:58) train_it 230001/5000000 | lr:9.82e-06 | loss:+1.6688                         
[11:25:22] INFO     (1:02:20) train_it 235001/5000000 | lr:8.88e-06 | loss:+1.6632                         
[11:26:45] INFO     (1:03:43) train_it 240001/5000000 | lr:8.03e-06 | loss:+1.6649                         
           INFO     (1:03:43) Saved latest(it=240000) checkpoint to                                        
                    opt.ckpt_path=PosixPath('results/BSBUnfold_Z2Jet_KL1_iter5M_6x256_SelfCond')!          
[11:28:10] INFO     (1:05:08) train_it 245001/5000000 | lr:7.27e-06 | loss:+1.6623                         
[11:29:33] INFO     (1:06:31) train_it 250001/5000000 | lr:6.57e-06 | loss:+1.6663                         
[11:30:54] INFO     (1:07:52) train_it 255001/5000000 | lr:5.94e-06 | loss:+1.6664                         
[11:30:55] INFO     (1:07:53) Saved latest(it=255000) checkpoint to                                        
                    opt.ckpt_path=PosixPath('results/BSBUnfold_Z2Jet_KL1_iter5M_6x256_SelfCond')!          
[11:32:16] INFO     (1:09:14) train_it 260001/5000000 | lr:5.37e-06 | loss:+1.6621                         
[11:33:38] INFO     (1:10:36) train_it 265001/5000000 | lr:4.86e-06 | loss:+1.6613                         
[11:35:00] INFO     (1:11:58) train_it 270001/5000000 | lr:4.40e-06 | loss:+1.6664                         
           INFO     (1:11:58) Saved latest(it=270000) checkpoint to                                        
                    opt.ckpt_path=PosixPath('results/BSBUnfold_Z2Jet_KL1_iter5M_6x256_SelfCond')!          
[11:36:20] INFO     (1:13:18) train_it 275001/5000000 | lr:3.98e-06 | loss:+1.6658                         
[11:37:36] INFO     (1:14:34) train_it 280001/5000000 | lr:3.60e-06 | loss:+1.6587                         
[11:38:53] INFO     (1:15:51) train_it 285001/5000000 | lr:3.25e-06 | loss:+1.6600                         
           INFO     (1:15:51) Saved latest(it=285000) checkpoint to                                        
                    opt.ckpt_path=PosixPath('results/BSBUnfold_Z2Jet_KL1_iter5M_6x256_SelfCond')!          
[11:40:12] INFO     (1:17:10) train_it 290001/5000000 | lr:2.94e-06 | loss:+1.6642                         
[11:41:33] INFO     (1:18:31) train_it 295001/5000000 | lr:2.66e-06 | loss:+1.6612                         
[11:42:50] INFO     (1:19:48) train_it 300001/5000000 | lr:2.41e-06 | loss:+1.6609                         
[11:42:51] INFO     (1:19:49) Saved latest(it=300000) checkpoint to                                        
                    opt.ckpt_path=PosixPath('results/BSBUnfold_Z2Jet_KL1_iter5M_6x256_SelfCond')!          
[11:44:07] INFO     (1:21:05) train_it 305001/5000000 | lr:2.18e-06 | loss:+1.6634                         
[11:45:28] INFO     (1:22:26) train_it 310001/5000000 | lr:1.97e-06 | loss:+1.6613                         
[11:46:49] INFO     (1:23:47) train_it 315001/5000000 | lr:1.78e-06 | loss:+1.6627                         
[11:46:50] INFO     (1:23:48) Saved latest(it=315000) checkpoint to                                        
                    opt.ckpt_path=PosixPath('results/BSBUnfold_Z2Jet_KL1_iter5M_6x256_SelfCond')!          
[11:48:12] INFO     (1:25:10) train_it 320001/5000000 | lr:1.61e-06 | loss:+1.6639                         
[11:49:33] INFO     (1:26:31) train_it 325001/5000000 | lr:1.46e-06 | loss:+1.6589                         
[11:50:53] INFO     (1:27:50) train_it 330001/5000000 | lr:1.32e-06 | loss:+1.6626                         
           INFO     (1:27:51) Saved latest(it=330000) checkpoint to                                        
                    opt.ckpt_path=PosixPath('results/BSBUnfold_Z2Jet_KL1_iter5M_6x256_SelfCond')!          
[11:52:09] INFO     (1:29:07) train_it 335001/5000000 | lr:1.19e-06 | loss:+1.6620                         
[11:53:26] INFO     (1:30:24) train_it 340001/5000000 | lr:1.08e-06 | loss:+1.6612                         
[11:54:47] INFO     (1:31:45) train_it 345001/5000000 | lr:9.73e-07 | loss:+1.6573                         
           INFO     (1:31:45) Saved latest(it=345000) checkpoint to                                        
                    opt.ckpt_path=PosixPath('results/BSBUnfold_Z2Jet_KL1_iter5M_6x256_SelfCond')!          
[11:56:08] INFO     (1:33:06) train_it 350001/5000000 | lr:8.80e-07 | loss:+1.6577                         
[11:57:29] INFO     (1:34:27) train_it 355001/5000000 | lr:7.96e-07 | loss:+1.6571                         
[11:58:49] INFO     (1:35:47) train_it 360001/5000000 | lr:7.20e-07 | loss:+1.6621                         
           INFO     (1:35:47) Saved latest(it=360000) checkpoint to                                        
                    opt.ckpt_path=PosixPath('results/BSBUnfold_Z2Jet_KL1_iter5M_6x256_SelfCond')!          
[12:00:07] INFO     (1:37:05) train_it 365001/5000000 | lr:6.51e-07 | loss:+1.6564                         
[12:01:29] INFO     (1:38:27) train_it 370001/5000000 | lr:5.89e-07 | loss:+1.6580                         
[12:02:50] INFO     (1:39:48) train_it 375001/5000000 | lr:5.33e-07 | loss:+1.6605                         
           INFO     (1:39:48) Saved latest(it=375000) checkpoint to                                        
                    opt.ckpt_path=PosixPath('results/BSBUnfold_Z2Jet_KL1_iter5M_6x256_SelfCond')!          
[12:04:07] INFO     (1:41:05) train_it 380001/5000000 | lr:4.82e-07 | loss:+1.6572                         
[12:05:29] INFO     (1:42:27) train_it 385001/5000000 | lr:4.36e-07 | loss:+1.6593                         
[12:06:51] INFO     (1:43:49) train_it 390001/5000000 | lr:3.94e-07 | loss:+1.6573                         
           INFO     (1:43:49) Saved latest(it=390000) checkpoint to                                        
                    opt.ckpt_path=PosixPath('results/BSBUnfold_Z2Jet_KL1_iter5M_6x256_SelfCond')!          
[12:08:13] INFO     (1:45:11) train_it 395001/5000000 | lr:3.56e-07 | loss:+1.6640                         
[12:09:34] INFO     (1:46:32) train_it 400001/5000000 | lr:3.22e-07 | loss:+1.6609                         
[12:10:50] INFO     (1:47:48) train_it 405001/5000000 | lr:2.91e-07 | loss:+1.6614                         
           INFO     (1:47:48) Saved latest(it=405000) checkpoint to                                        
                    opt.ckpt_path=PosixPath('results/BSBUnfold_Z2Jet_KL1_iter5M_6x256_SelfCond')!          
[12:12:06] INFO     (1:49:04) train_it 410001/5000000 | lr:2.64e-07 | loss:+1.6583                         
[12:13:23] INFO     (1:50:21) train_it 415001/5000000 | lr:2.38e-07 | loss:+1.6582                         
[12:14:39] INFO     (1:51:37) train_it 420001/5000000 | lr:2.16e-07 | loss:+1.6544                         
[12:14:40] INFO     (1:51:38) Saved latest(it=420000) checkpoint to                                        
                    opt.ckpt_path=PosixPath('results/BSBUnfold_Z2Jet_KL1_iter5M_6x256_SelfCond')!          
[12:15:59] INFO     (1:52:57) train_it 425001/5000000 | lr:1.95e-07 | loss:+1.6563                         
[12:17:20] INFO     (1:54:18) train_it 430001/5000000 | lr:1.76e-07 | loss:+1.6588                         
[12:18:37] INFO     (1:55:35) train_it 435001/5000000 | lr:1.59e-07 | loss:+1.6553                         
           INFO     (1:55:35) Saved latest(it=435000) checkpoint to                                        
                    opt.ckpt_path=PosixPath('results/BSBUnfold_Z2Jet_KL1_iter5M_6x256_SelfCond')!          
[12:19:55] INFO     (1:56:53) train_it 440001/5000000 | lr:1.44e-07 | loss:+1.6584                         
[12:21:10] INFO     (1:58:08) train_it 445001/5000000 | lr:1.30e-07 | loss:+1.6566                         
[12:22:30] INFO     (1:59:28) train_it 450001/5000000 | lr:1.18e-07 | loss:+1.6580                         
           INFO     (1:59:28) Saved latest(it=450000) checkpoint to                                        
                    opt.ckpt_path=PosixPath('results/BSBUnfold_Z2Jet_KL1_iter5M_6x256_SelfCond')!          
[12:23:47] INFO     (2:00:45) train_it 455001/5000000 | lr:1.07e-07 | loss:+1.6555                         
[12:25:03] INFO     (2:02:01) train_it 460001/5000000 | lr:9.65e-08 | loss:+1.6543                         
[12:26:19] INFO     (2:03:17) train_it 465001/5000000 | lr:8.72e-08 | loss:+1.6583                         
           INFO     (2:03:17) Saved latest(it=465000) checkpoint to                                        
                    opt.ckpt_path=PosixPath('results/BSBUnfold_Z2Jet_KL1_iter5M_6x256_SelfCond')!          
[12:27:37] INFO     (2:04:35) train_it 470001/5000000 | lr:7.89e-08 | loss:+1.6605                         
[12:28:53] INFO     (2:05:51) train_it 475001/5000000 | lr:7.14e-08 | loss:+1.6597                         
[12:30:09] INFO     (2:07:07) train_it 480001/5000000 | lr:6.45e-08 | loss:+1.6584                         
[12:30:10] INFO     (2:07:08) Saved latest(it=480000) checkpoint to                                        
                    opt.ckpt_path=PosixPath('results/BSBUnfold_Z2Jet_KL1_iter5M_6x256_SelfCond')!          
[12:31:31] INFO     (2:08:29) train_it 485001/5000000 | lr:5.84e-08 | loss:+1.6594                         
[12:32:53] INFO     (2:09:51) train_it 490001/5000000 | lr:5.28e-08 | loss:+1.6591                         
[12:34:10] INFO     (2:11:07) train_it 495001/5000000 | lr:4.77e-08 | loss:+1.6556                         
           INFO     (2:11:08) Saved latest(it=495000) checkpoint to                                        
                    opt.ckpt_path=PosixPath('results/BSBUnfold_Z2Jet_KL1_iter5M_6x256_SelfCond')!          
[12:35:26] INFO     (2:12:24) train_it 500001/5000000 | lr:4.32e-08 | loss:+1.6564                         
[12:36:42] INFO     (2:13:40) train_it 505001/5000000 | lr:3.90e-08 | loss:+1.6589                         
[12:37:58] INFO     (2:14:56) train_it 510001/5000000 | lr:3.53e-08 | loss:+1.6579                         
[12:37:59] INFO     (2:14:57) Saved latest(it=510000) checkpoint to                                        
                    opt.ckpt_path=PosixPath('results/BSBUnfold_Z2Jet_KL1_iter5M_6x256_SelfCond')!          
[12:39:15] INFO     (2:16:13) train_it 515001/5000000 | lr:3.19e-08 | loss:+1.6529                         
[12:40:31] INFO     (2:17:29) train_it 520001/5000000 | lr:2.89e-08 | loss:+1.6575                         
[12:41:47] INFO     (2:18:45) train_it 525001/5000000 | lr:2.61e-08 | loss:+1.6571                         
           INFO     (2:18:45) Saved latest(it=525000) checkpoint to                                        
                    opt.ckpt_path=PosixPath('results/BSBUnfold_Z2Jet_KL1_iter5M_6x256_SelfCond')!          
[12:43:03] INFO     (2:20:01) train_it 530001/5000000 | lr:2.36e-08 | loss:+1.6579                         
[12:44:22] INFO     (2:21:19) train_it 535001/5000000 | lr:2.14e-08 | loss:+1.6577                         
[12:45:38] INFO     (2:22:36) train_it 540001/5000000 | lr:1.93e-08 | loss:+1.6596                         
           INFO     (2:22:36) Saved latest(it=540000) checkpoint to                                        
                    opt.ckpt_path=PosixPath('results/BSBUnfold_Z2Jet_KL1_iter5M_6x256_SelfCond')!          
[12:46:54] INFO     (2:23:52) train_it 545001/5000000 | lr:1.75e-08 | loss:+1.6605                         
[12:48:09] INFO     (2:25:07) train_it 550001/5000000 | lr:1.58e-08 | loss:+1.6602                         
[12:49:26] INFO     (2:26:24) train_it 555001/5000000 | lr:1.43e-08 | loss:+1.6587                         
           INFO     (2:26:24) Saved latest(it=555000) checkpoint to                                        
                    opt.ckpt_path=PosixPath('results/BSBUnfold_Z2Jet_KL1_iter5M_6x256_SelfCond')!          
[12:50:44] INFO     (2:27:42) train_it 560001/5000000 | lr:1.29e-08 | loss:+1.6593                         
[12:52:01] INFO     (2:28:59) train_it 565001/5000000 | lr:1.17e-08 | loss:+1.6622                         
[12:53:17] INFO     (2:30:15) train_it 570001/5000000 | lr:1.06e-08 | loss:+1.6578                         
           INFO     (2:30:15) Saved latest(it=570000) checkpoint to                                        
                    opt.ckpt_path=PosixPath('results/BSBUnfold_Z2Jet_KL1_iter5M_6x256_SelfCond')!          
[12:54:34] INFO     (2:31:32) train_it 575001/5000000 | lr:9.56e-09 | loss:+1.6527                         
[12:55:52] INFO     (2:32:50) train_it 580001/5000000 | lr:8.65e-09 | loss:+1.6602                         
[12:57:10] INFO     (2:34:08) train_it 585001/5000000 | lr:7.82e-09 | loss:+1.6586                         
           INFO     (2:34:08) Saved latest(it=585000) checkpoint to                                        
                    opt.ckpt_path=PosixPath('results/BSBUnfold_Z2Jet_KL1_iter5M_6x256_SelfCond')!          
[12:58:27] INFO     (2:35:25) train_it 590001/5000000 | lr:7.07e-09 | loss:+1.6597                         
[12:59:43] INFO     (2:36:41) train_it 595001/5000000 | lr:6.40e-09 | loss:+1.6540                         
[13:01:03] INFO     (2:38:01) train_it 600001/5000000 | lr:5.78e-09 | loss:+1.6585                         
           INFO     (2:38:01) Saved latest(it=600000) checkpoint to                                        
                    opt.ckpt_path=PosixPath('results/BSBUnfold_Z2Jet_KL1_iter5M_6x256_SelfCond')!          
[13:02:26] INFO     (2:39:24) train_it 605001/5000000 | lr:5.23e-09 | loss:+1.6574                         
[13:03:48] INFO     (2:40:46) train_it 610001/5000000 | lr:4.73e-09 | loss:+1.6565                         
[13:05:06] INFO     (2:42:04) train_it 615001/5000000 | lr:4.28e-09 | loss:+1.6547                         
[13:05:07] INFO     (2:42:05) Saved latest(it=615000) checkpoint to                                        
                    opt.ckpt_path=PosixPath('results/BSBUnfold_Z2Jet_KL1_iter5M_6x256_SelfCond')!          
[13:06:29] INFO     (2:43:27) train_it 620001/5000000 | lr:3.87e-09 | loss:+1.6644                         
[13:07:49] INFO     (2:44:47) train_it 625001/5000000 | lr:3.50e-09 | loss:+1.6568                         
[13:09:06] INFO     (2:46:04) train_it 630001/5000000 | lr:3.16e-09 | loss:+1.6556                         
[13:09:07] INFO     (2:46:05) Saved latest(it=630000) checkpoint to                                        
                    opt.ckpt_path=PosixPath('results/BSBUnfold_Z2Jet_KL1_iter5M_6x256_SelfCond')!          
[13:10:25] INFO     (2:47:22) train_it 635001/5000000 | lr:2.86e-09 | loss:+1.6601                         
[13:11:41] INFO     (2:48:39) train_it 640001/5000000 | lr:2.59e-09 | loss:+1.6624                         
[13:12:59] INFO     (2:49:57) train_it 645001/5000000 | lr:2.34e-09 | loss:+1.6591                         
           INFO     (2:49:57) Saved latest(it=645000) checkpoint to                                        
                    opt.ckpt_path=PosixPath('results/BSBUnfold_Z2Jet_KL1_iter5M_6x256_SelfCond')!          
[13:14:21] INFO     (2:51:19) train_it 650001/5000000 | lr:2.12e-09 | loss:+1.6592                         
[13:15:43] INFO     (2:52:41) train_it 655001/5000000 | lr:1.91e-09 | loss:+1.6612                         
[13:17:00] INFO     (2:53:58) train_it 660001/5000000 | lr:1.73e-09 | loss:+1.6565                         
[13:17:01] INFO     (2:53:59) Saved latest(it=660000) checkpoint to                                        
                    opt.ckpt_path=PosixPath('results/BSBUnfold_Z2Jet_KL1_iter5M_6x256_SelfCond')!          
[13:18:17] INFO     (2:55:15) train_it 665001/5000000 | lr:1.57e-09 | loss:+1.6581                         
[13:19:33] INFO     (2:56:31) train_it 670001/5000000 | lr:1.42e-09 | loss:+1.6634                         
[13:20:49] INFO     (2:57:47) train_it 675001/5000000 | lr:1.28e-09 | loss:+1.6602                         
           INFO     (2:57:47) Saved latest(it=675000) checkpoint to                                        
                    opt.ckpt_path=PosixPath('results/BSBUnfold_Z2Jet_KL1_iter5M_6x256_SelfCond')!          
[13:22:09] INFO     (2:59:07) train_it 680001/5000000 | lr:1.16e-09 | loss:+1.6586                         
[13:23:32] INFO     (3:00:30) train_it 685001/5000000 | lr:1.05e-09 | loss:+1.6611                         
[13:24:54] INFO     (3:01:52) train_it 690001/5000000 | lr:9.47e-10 | loss:+1.6618                         
           INFO     (3:01:52) Saved latest(it=690000) checkpoint to                                        
                    opt.ckpt_path=PosixPath('results/BSBUnfold_Z2Jet_KL1_iter5M_6x256_SelfCond')!          
[13:26:14] INFO     (3:03:12) train_it 695001/5000000 | lr:8.57e-10 | loss:+1.6637                         
[13:27:30] INFO     (3:04:28) train_it 700001/5000000 | lr:7.75e-10 | loss:+1.6616                         
[13:28:46] INFO     (3:05:44) train_it 705001/5000000 | lr:7.01e-10 | loss:+1.6587                         
           INFO     (3:05:44) Saved latest(it=705000) checkpoint to                                        
                    opt.ckpt_path=PosixPath('results/BSBUnfold_Z2Jet_KL1_iter5M_6x256_SelfCond')!          
[13:30:02] INFO     (3:07:00) train_it 710001/5000000 | lr:6.34e-10 | loss:+1.6582                         
[13:31:19] INFO     (3:08:17) train_it 715001/5000000 | lr:5.73e-10 | loss:+1.6610                         
[13:32:41] INFO     (3:09:39) train_it 720001/5000000 | lr:5.18e-10 | loss:+1.6558                         
           INFO     (3:09:39) Saved latest(it=720000) checkpoint to                                        
                    opt.ckpt_path=PosixPath('results/BSBUnfold_Z2Jet_KL1_iter5M_6x256_SelfCond')!          
[13:34:03] INFO     (3:11:01) train_it 725001/5000000 | lr:4.69e-10 | loss:+1.6575                         
[13:35:21] INFO     (3:12:19) train_it 730001/5000000 | lr:4.24e-10 | loss:+1.6608                         
[13:36:38] INFO     (3:13:36) train_it 735001/5000000 | lr:3.83e-10 | loss:+1.6624                         
           INFO     (3:13:36) Saved latest(it=735000) checkpoint to                                        
                    opt.ckpt_path=PosixPath('results/BSBUnfold_Z2Jet_KL1_iter5M_6x256_SelfCond')!          
[13:37:58] INFO     (3:14:55) train_it 740001/5000000 | lr:3.47e-10 | loss:+1.6579                         
[13:39:19] INFO     (3:16:17) train_it 745001/5000000 | lr:3.14e-10 | loss:+1.6598                         
[13:40:41] INFO     (3:17:39) train_it 750001/5000000 | lr:2.84e-10 | loss:+1.6548                         
[13:40:42] INFO     (3:17:40) Saved latest(it=750000) checkpoint to                                        
                    opt.ckpt_path=PosixPath('results/BSBUnfold_Z2Jet_KL1_iter5M_6x256_SelfCond')!          
[13:42:04] INFO     (3:19:02) train_it 755001/5000000 | lr:2.57e-10 | loss:+1.6582                         
[13:43:26] INFO     (3:20:24) train_it 760001/5000000 | lr:2.32e-10 | loss:+1.6640                         
[13:44:48] INFO     (3:21:46) train_it 765001/5000000 | lr:2.10e-10 | loss:+1.6562                         
[13:44:49] INFO     (3:21:47) Saved latest(it=765000) checkpoint to                                        
                    opt.ckpt_path=PosixPath('results/BSBUnfold_Z2Jet_KL1_iter5M_6x256_SelfCond')!          
[13:46:11] INFO     (3:23:09) train_it 770001/5000000 | lr:1.90e-10 | loss:+1.6573                         
[13:47:32] INFO     (3:24:30) train_it 775001/5000000 | lr:1.72e-10 | loss:+1.6605                         
[13:48:54] INFO     (3:25:52) train_it 780001/5000000 | lr:1.55e-10 | loss:+1.6646                         
           INFO     (3:25:52) Saved latest(it=780000) checkpoint to                                        
                    opt.ckpt_path=PosixPath('results/BSBUnfold_Z2Jet_KL1_iter5M_6x256_SelfCond')!          
[13:50:15] INFO     (3:27:13) train_it 785001/5000000 | lr:1.40e-10 | loss:+1.6552                         
[13:51:31] INFO     (3:28:29) train_it 790001/5000000 | lr:1.27e-10 | loss:+1.6586                         
[13:52:47] INFO     (3:29:45) train_it 795001/5000000 | lr:1.15e-10 | loss:+1.6584                         
[13:52:48] INFO     (3:29:46) Saved latest(it=795000) checkpoint to                                        
                    opt.ckpt_path=PosixPath('results/BSBUnfold_Z2Jet_KL1_iter5M_6x256_SelfCond')!          
[13:54:07] INFO     (3:31:05) train_it 800001/5000000 | lr:1.04e-10 | loss:+1.6553                         
[13:55:28] INFO     (3:32:26) train_it 805001/5000000 | lr:9.39e-11 | loss:+1.6582                         
[13:56:49] INFO     (3:33:47) train_it 810001/5000000 | lr:8.49e-11 | loss:+1.6618                         
           INFO     (3:33:47) Saved latest(it=810000) checkpoint to                                        
                    opt.ckpt_path=PosixPath('results/BSBUnfold_Z2Jet_KL1_iter5M_6x256_SelfCond')!          
[13:58:05] INFO     (3:35:03) train_it 815001/5000000 | lr:7.68e-11 | loss:+1.6604                         
[13:59:21] INFO     (3:36:19) train_it 820001/5000000 | lr:6.95e-11 | loss:+1.6616                         
[14:00:43] INFO     (3:37:41) train_it 825001/5000000 | lr:6.28e-11 | loss:+1.6622                         
           INFO     (3:37:41) Saved latest(it=825000) checkpoint to                                        
                    opt.ckpt_path=PosixPath('results/BSBUnfold_Z2Jet_KL1_iter5M_6x256_SelfCond')!          
[14:02:05] INFO     (3:39:03) train_it 830001/5000000 | lr:5.68e-11 | loss:+1.6585                         
[14:03:27] INFO     (3:40:25) train_it 835001/5000000 | lr:5.14e-11 | loss:+1.6507                         
[14:04:47] INFO     (3:41:45) train_it 840001/5000000 | lr:4.65e-11 | loss:+1.6622                         
[14:04:48] INFO     (3:41:46) Saved latest(it=840000) checkpoint to                                        
                    opt.ckpt_path=PosixPath('results/BSBUnfold_Z2Jet_KL1_iter5M_6x256_SelfCond')!          
[14:06:04] INFO     (3:43:02) train_it 845001/5000000 | lr:4.20e-11 | loss:+1.6596                         
[14:07:20] INFO     (3:44:18) train_it 850001/5000000 | lr:3.80e-11 | loss:+1.6561                         
[14:08:37] INFO     (3:45:35) train_it 855001/5000000 | lr:3.44e-11 | loss:+1.6528                         
[14:08:38] INFO     (3:45:36) Saved latest(it=855000) checkpoint to                                        
                    opt.ckpt_path=PosixPath('results/BSBUnfold_Z2Jet_KL1_iter5M_6x256_SelfCond')!          
[14:09:54] INFO     (3:46:52) train_it 860001/5000000 | lr:3.11e-11 | loss:+1.6555                         
[14:11:10] INFO     (3:48:08) train_it 865001/5000000 | lr:2.81e-11 | loss:+1.6572                         
[14:12:26] INFO     (3:49:24) train_it 870001/5000000 | lr:2.54e-11 | loss:+1.6587                         
[14:12:27] INFO     (3:49:25) Saved latest(it=870000) checkpoint to                                        
                    opt.ckpt_path=PosixPath('results/BSBUnfold_Z2Jet_KL1_iter5M_6x256_SelfCond')!          
[14:13:43] INFO     (3:50:41) train_it 875001/5000000 | lr:2.30e-11 | loss:+1.6613                         
[14:15:01] INFO     (3:51:59) train_it 880001/5000000 | lr:2.08e-11 | loss:+1.6607                         
[14:16:21] INFO     (3:53:19) train_it 885001/5000000 | lr:1.88e-11 | loss:+1.6564                         
[14:16:22] INFO     (3:53:20) Saved latest(it=885000) checkpoint to                                        
                    opt.ckpt_path=PosixPath('results/BSBUnfold_Z2Jet_KL1_iter5M_6x256_SelfCond')!          
[14:17:38] INFO     (3:54:36) train_it 890001/5000000 | lr:1.70e-11 | loss:+1.6582                         
[14:18:55] INFO     (3:55:53) train_it 895001/5000000 | lr:1.54e-11 | loss:+1.6577                         
[14:20:10] INFO     (3:57:08) train_it 900001/5000000 | lr:1.39e-11 | loss:+1.6590                         
[14:20:11] INFO     (3:57:09) Saved latest(it=900000) checkpoint to                                        
                    opt.ckpt_path=PosixPath('results/BSBUnfold_Z2Jet_KL1_iter5M_6x256_SelfCond')!          
[14:21:31] INFO     (3:58:29) train_it 905001/5000000 | lr:1.26e-11 | loss:+1.6644                         
[14:22:53] INFO     (3:59:51) train_it 910001/5000000 | lr:1.14e-11 | loss:+1.6633                         
[14:24:09] INFO     (4:01:07) train_it 915001/5000000 | lr:1.03e-11 | loss:+1.6562                         
[14:24:10] INFO     (4:01:08) Saved latest(it=915000) checkpoint to                                        
                    opt.ckpt_path=PosixPath('results/BSBUnfold_Z2Jet_KL1_iter5M_6x256_SelfCond')!          
[14:25:27] INFO     (4:02:25) train_it 920001/5000000 | lr:9.31e-12 | loss:+1.6574                         
[14:26:48] INFO     (4:03:46) train_it 925001/5000000 | lr:8.42e-12 | loss:+1.6571                         
[14:28:04] INFO     (4:05:02) train_it 930001/5000000 | lr:7.61e-12 | loss:+1.6606                         
           INFO     (4:05:02) Saved latest(it=930000) checkpoint to                                        
                    opt.ckpt_path=PosixPath('results/BSBUnfold_Z2Jet_KL1_iter5M_6x256_SelfCond')!          
[14:29:20] INFO     (4:06:18) train_it 935001/5000000 | lr:6.88e-12 | loss:+1.6581                         
[14:30:36] INFO     (4:07:34) train_it 940001/5000000 | lr:6.23e-12 | loss:+1.6550                         
[14:31:53] INFO     (4:08:51) train_it 945001/5000000 | lr:5.63e-12 | loss:+1.6551                         
           INFO     (4:08:51) Saved latest(it=945000) checkpoint to                                        
                    opt.ckpt_path=PosixPath('results/BSBUnfold_Z2Jet_KL1_iter5M_6x256_SelfCond')!          
[14:33:10] INFO     (4:10:08) train_it 950001/5000000 | lr:5.09e-12 | loss:+1.6570                         
[14:34:26] INFO     (4:11:24) train_it 955001/5000000 | lr:4.60e-12 | loss:+1.6609                         
[14:35:43] INFO     (4:12:41) train_it 960001/5000000 | lr:4.16e-12 | loss:+1.6550                         
           INFO     (4:12:41) Saved latest(it=960000) checkpoint to                                        
                    opt.ckpt_path=PosixPath('results/BSBUnfold_Z2Jet_KL1_iter5M_6x256_SelfCond')!          
[14:37:00] INFO     (4:13:58) train_it 965001/5000000 | lr:3.77e-12 | loss:+1.6633                         
[14:38:18] INFO     (4:15:16) train_it 970001/5000000 | lr:3.41e-12 | loss:+1.6626                         
[14:39:39] INFO     (4:16:37) train_it 975001/5000000 | lr:3.08e-12 | loss:+1.6599                         
           INFO     (4:16:37) Saved latest(it=975000) checkpoint to                                        
                    opt.ckpt_path=PosixPath('results/BSBUnfold_Z2Jet_KL1_iter5M_6x256_SelfCond')!          
[14:41:00] INFO     (4:17:58) train_it 980001/5000000 | lr:2.79e-12 | loss:+1.6636                         
[14:42:20] INFO     (4:19:18) train_it 985001/5000000 | lr:2.52e-12 | loss:+1.6595                         
[14:43:41] INFO     (4:20:38) train_it 990001/5000000 | lr:2.28e-12 | loss:+1.6515                         
           INFO     (4:20:39) Saved latest(it=990000) checkpoint to                                        
                    opt.ckpt_path=PosixPath('results/BSBUnfold_Z2Jet_KL1_iter5M_6x256_SelfCond')!          
[14:45:01] INFO     (4:21:59) train_it 995001/5000000 | lr:2.06e-12 | loss:+1.6585                         
[14:46:17] INFO     (4:23:15) train_it 1000001/5000000 | lr:1.86e-12 | loss:+1.6622                        
[14:47:33] INFO     (4:24:31) train_it 1005001/5000000 | lr:1.69e-12 | loss:+1.6520                        
           INFO     (4:24:31) Saved latest(it=1005000) checkpoint to                                       
                    opt.ckpt_path=PosixPath('results/BSBUnfold_Z2Jet_KL1_iter5M_6x256_SelfCond')!          
[14:48:50] INFO     (4:25:48) train_it 1010001/5000000 | lr:1.52e-12 | loss:+1.6616                        
[14:50:09] INFO     (4:27:07) train_it 1015001/5000000 | lr:1.38e-12 | loss:+1.6568                        
[14:51:30] INFO     (4:28:28) train_it 1020001/5000000 | lr:1.25e-12 | loss:+1.6546                        
[14:51:31] INFO     (4:28:29) Saved latest(it=1020000) checkpoint to                                       
                    opt.ckpt_path=PosixPath('results/BSBUnfold_Z2Jet_KL1_iter5M_6x256_SelfCond')!          
[14:52:53] INFO     (4:29:50) train_it 1025001/5000000 | lr:1.13e-12 | loss:+1.6595                        
[14:54:14] INFO     (4:31:12) train_it 1030001/5000000 | lr:1.02e-12 | loss:+1.6508                        
[14:55:36] INFO     (4:32:34) train_it 1035001/5000000 | lr:9.22e-13 | loss:+1.6564                        
[14:55:37] INFO     (4:32:35) Saved latest(it=1035000) checkpoint to                                       
                    opt.ckpt_path=PosixPath('results/BSBUnfold_Z2Jet_KL1_iter5M_6x256_SelfCond')!          
[14:56:54] INFO     (4:33:52) train_it 1040001/5000000 | lr:8.34e-13 | loss:+1.6584                        
[14:58:11] INFO     (4:35:09) train_it 1045001/5000000 | lr:7.54e-13 | loss:+1.6626                        
[14:59:26] INFO     (4:36:24) train_it 1050001/5000000 | lr:6.82e-13 | loss:+1.6656                        
[14:59:27] INFO     (4:36:25) Saved latest(it=1050000) checkpoint to                                       
                    opt.ckpt_path=PosixPath('results/BSBUnfold_Z2Jet_KL1_iter5M_6x256_SelfCond')!          
[15:00:43] INFO     (4:37:41) train_it 1055001/5000000 | lr:6.17e-13 | loss:+1.6560                        
[15:01:59] INFO     (4:38:57) train_it 1060001/5000000 | lr:5.58e-13 | loss:+1.6551                        
[15:03:16] INFO     (4:40:14) train_it 1065001/5000000 | lr:5.05e-13 | loss:+1.6551                        
           INFO     (4:40:14) Saved latest(it=1065000) checkpoint to                                       
                    opt.ckpt_path=PosixPath('results/BSBUnfold_Z2Jet_KL1_iter5M_6x256_SelfCond')!          
[15:04:33] INFO     (4:41:31) train_it 1070001/5000000 | lr:4.56e-13 | loss:+1.6620                        
[15:05:51] INFO     (4:42:49) train_it 1075001/5000000 | lr:4.13e-13 | loss:+1.6588                        
[15:07:07] INFO     (4:44:05) train_it 1080001/5000000 | lr:3.73e-13 | loss:+1.6547                        
[15:07:08] INFO     (4:44:06) Saved latest(it=1080000) checkpoint to                                       
                    opt.ckpt_path=PosixPath('results/BSBUnfold_Z2Jet_KL1_iter5M_6x256_SelfCond')!          
[15:08:24] INFO     (4:45:22) train_it 1085001/5000000 | lr:3.38e-13 | loss:+1.6557                        
[15:09:41] INFO     (4:46:39) train_it 1090001/5000000 | lr:3.05e-13 | loss:+1.6579                        
[15:10:57] INFO     (4:47:55) train_it 1095001/5000000 | lr:2.76e-13 | loss:+1.6519                        
           INFO     (4:47:55) Saved latest(it=1095000) checkpoint to                                       
                    opt.ckpt_path=PosixPath('results/BSBUnfold_Z2Jet_KL1_iter5M_6x256_SelfCond')!          
[15:12:13] INFO     (4:49:11) train_it 1100001/5000000 | lr:2.50e-13 | loss:+1.6585                        
[15:13:29] INFO     (4:50:27) train_it 1105001/5000000 | lr:2.26e-13 | loss:+1.6533                        
[15:14:45] INFO     (4:51:43) train_it 1110001/5000000 | lr:2.04e-13 | loss:+1.6545                        
[15:14:46] INFO     (4:51:44) Saved latest(it=1110000) checkpoint to                                       
                    opt.ckpt_path=PosixPath('results/BSBUnfold_Z2Jet_KL1_iter5M_6x256_SelfCond')!          
[15:16:02] INFO     (4:53:00) train_it 1115001/5000000 | lr:1.85e-13 | loss:+1.6609                        
[15:17:18] INFO     (4:54:16) train_it 1120001/5000000 | lr:1.67e-13 | loss:+1.6616                        
[15:18:35] INFO     (4:55:33) train_it 1125001/5000000 | lr:1.51e-13 | loss:+1.6597                        
           INFO     (4:55:33) Saved latest(it=1125000) checkpoint to                                       
                    opt.ckpt_path=PosixPath('results/BSBUnfold_Z2Jet_KL1_iter5M_6x256_SelfCond')!          
[15:19:56] INFO     (4:56:54) train_it 1130001/5000000 | lr:1.37e-13 | loss:+1.6559                        
[15:21:18] INFO     (4:58:16) train_it 1135001/5000000 | lr:1.24e-13 | loss:+1.6600                        
[15:22:36] INFO     (4:59:34) train_it 1140001/5000000 | lr:1.12e-13 | loss:+1.6582                        
[15:22:37] INFO     (4:59:35) Saved latest(it=1140000) checkpoint to                                       
                    opt.ckpt_path=PosixPath('results/BSBUnfold_Z2Jet_KL1_iter5M_6x256_SelfCond')!          
[15:23:56] INFO     (5:00:54) train_it 1145001/5000000 | lr:1.01e-13 | loss:+1.6585                        
[15:25:17] INFO     (5:02:15) train_it 1150001/5000000 | lr:9.14e-14 | loss:+1.6564                        
[15:26:38] INFO     (5:03:36) train_it 1155001/5000000 | lr:8.27e-14 | loss:+1.6605                        
[15:26:39] INFO     (5:03:37) Saved latest(it=1155000) checkpoint to                                       
                    opt.ckpt_path=PosixPath('results/BSBUnfold_Z2Jet_KL1_iter5M_6x256_SelfCond')!          
[15:28:00] INFO     (5:04:58) train_it 1160001/5000000 | lr:7.48e-14 | loss:+1.6537                        
[15:29:22] INFO     (5:06:20) train_it 1165001/5000000 | lr:6.76e-14 | loss:+1.6567                        
[15:30:43] INFO     (5:07:41) train_it 1170001/5000000 | lr:6.11e-14 | loss:+1.6636                        
[15:30:44] INFO     (5:07:42) Saved latest(it=1170000) checkpoint to                                       
                    opt.ckpt_path=PosixPath('results/BSBUnfold_Z2Jet_KL1_iter5M_6x256_SelfCond')!          
[15:32:05] INFO     (5:09:03) train_it 1175001/5000000 | lr:5.53e-14 | loss:+1.6565                        
[15:33:27] INFO     (5:10:25) train_it 1180001/5000000 | lr:5.00e-14 | loss:+1.6583                        
[15:34:44] INFO     (5:11:42) train_it 1185001/5000000 | lr:4.52e-14 | loss:+1.6541                        
[15:34:45] INFO     (5:11:42) Saved latest(it=1185000) checkpoint to                                       
                    opt.ckpt_path=PosixPath('results/BSBUnfold_Z2Jet_KL1_iter5M_6x256_SelfCond')!          
[15:36:01] INFO     (5:12:59) train_it 1190001/5000000 | lr:4.09e-14 | loss:+1.6585                        
[15:37:17] INFO     (5:14:15) train_it 1195001/5000000 | lr:3.70e-14 | loss:+1.6557                        
[15:38:34] INFO     (5:15:32) train_it 1200001/5000000 | lr:3.35e-14 | loss:+1.6610                        
           INFO     (5:15:32) Saved latest(it=1200000) checkpoint to                                       
                    opt.ckpt_path=PosixPath('results/BSBUnfold_Z2Jet_KL1_iter5M_6x256_SelfCond')!          
[15:39:51] INFO     (5:16:49) train_it 1205001/5000000 | lr:3.03e-14 | loss:+1.6571                        
[15:41:11] INFO     (5:18:09) train_it 1210001/5000000 | lr:2.74e-14 | loss:+1.6613                        
[15:42:32] INFO     (5:19:30) train_it 1215001/5000000 | lr:2.47e-14 | loss:+1.6612                        
           INFO     (5:19:30) Saved latest(it=1215000) checkpoint to                                       
                    opt.ckpt_path=PosixPath('results/BSBUnfold_Z2Jet_KL1_iter5M_6x256_SelfCond')!          
[15:43:53] INFO     (5:20:51) train_it 1220001/5000000 | lr:2.24e-14 | loss:+1.6575                        
[15:45:09] INFO     (5:22:07) train_it 1225001/5000000 | lr:2.02e-14 | loss:+1.6580                        
[15:46:26] INFO     (5:23:24) train_it 1230001/5000000 | lr:1.83e-14 | loss:+1.6611                        
           INFO     (5:23:24) Saved latest(it=1230000) checkpoint to                                       
                    opt.ckpt_path=PosixPath('results/BSBUnfold_Z2Jet_KL1_iter5M_6x256_SelfCond')!          
[15:47:44] INFO     (5:24:42) train_it 1235001/5000000 | lr:1.66e-14 | loss:+1.6620                        
[15:49:00] INFO     (5:25:58) train_it 1240001/5000000 | lr:1.50e-14 | loss:+1.6570                        
[15:50:16] INFO     (5:27:14) train_it 1245001/5000000 | lr:1.35e-14 | loss:+1.6544                        
[15:50:17] INFO     (5:27:15) Saved latest(it=1245000) checkpoint to                                       
                    opt.ckpt_path=PosixPath('results/BSBUnfold_Z2Jet_KL1_iter5M_6x256_SelfCond')!          
[15:51:33] INFO     (5:28:31) train_it 1250001/5000000 | lr:1.22e-14 | loss:+1.6535                        
[15:52:49] INFO     (5:29:47) train_it 1255001/5000000 | lr:1.11e-14 | loss:+1.6585                        
[15:54:06] INFO     (5:31:04) train_it 1260001/5000000 | lr:1.00e-14 | loss:+1.6605                        
           INFO     (5:31:04) Saved latest(it=1260000) checkpoint to                                       
                    opt.ckpt_path=PosixPath('results/BSBUnfold_Z2Jet_KL1_iter5M_6x256_SelfCond')!          
[15:55:28] INFO     (5:32:26) train_it 1265001/5000000 | lr:9.06e-15 | loss:+1.6614                        
[15:56:49] INFO     (5:33:47) train_it 1270001/5000000 | lr:8.19e-15 | loss:+1.6541                        
[15:58:10] INFO     (5:35:08) train_it 1275001/5000000 | lr:7.41e-15 | loss:+1.6590                        
[15:58:11] INFO     (5:35:09) Saved latest(it=1275000) checkpoint to                                       
                    opt.ckpt_path=PosixPath('results/BSBUnfold_Z2Jet_KL1_iter5M_6x256_SelfCond')!          
[15:59:31] INFO     (5:36:29) train_it 1280001/5000000 | lr:6.70e-15 | loss:+1.6536                        
[16:00:48] INFO     (5:37:46) train_it 1285001/5000000 | lr:6.06e-15 | loss:+1.6599                        
[16:02:09] INFO     (5:39:07) train_it 1290001/5000000 | lr:5.48e-15 | loss:+1.6546                        
           INFO     (5:39:07) Saved latest(it=1290000) checkpoint to                                       
                    opt.ckpt_path=PosixPath('results/BSBUnfold_Z2Jet_KL1_iter5M_6x256_SelfCond')!          
[16:03:26] INFO     (5:40:23) train_it 1295001/5000000 | lr:4.96e-15 | loss:+1.6540                        
[16:04:42] INFO     (5:41:40) train_it 1300001/5000000 | lr:4.48e-15 | loss:+1.6643                        
[16:05:58] INFO     (5:42:56) train_it 1305001/5000000 | lr:4.05e-15 | loss:+1.6569                        
           INFO     (5:42:56) Saved latest(it=1305000) checkpoint to                                       
                    opt.ckpt_path=PosixPath('results/BSBUnfold_Z2Jet_KL1_iter5M_6x256_SelfCond')!          
[16:07:17] INFO     (5:44:15) train_it 1310001/5000000 | lr:3.67e-15 | loss:+1.6597                        
[16:08:37] INFO     (5:45:35) train_it 1315001/5000000 | lr:3.32e-15 | loss:+1.6617                        
[16:09:54] INFO     (5:46:52) train_it 1320001/5000000 | lr:3.00e-15 | loss:+1.6548                        
[16:09:55] INFO     (5:46:53) Saved latest(it=1320000) checkpoint to                                       
                    opt.ckpt_path=PosixPath('results/BSBUnfold_Z2Jet_KL1_iter5M_6x256_SelfCond')!          
[16:11:11] INFO     (5:48:09) train_it 1325001/5000000 | lr:2.71e-15 | loss:+1.6568                        
[16:12:27] INFO     (5:49:25) train_it 1330001/5000000 | lr:2.45e-15 | loss:+1.6551                        
[16:13:43] INFO     (5:50:41) train_it 1335001/5000000 | lr:2.22e-15 | loss:+1.6614                        
           INFO     (5:50:41) Saved latest(it=1335000) checkpoint to                                       
                    opt.ckpt_path=PosixPath('results/BSBUnfold_Z2Jet_KL1_iter5M_6x256_SelfCond')!          
[16:15:02] INFO     (5:52:00) train_it 1340001/5000000 | lr:2.01e-15 | loss:+1.6587                        
[16:16:18] INFO     (5:53:16) train_it 1345001/5000000 | lr:1.81e-15 | loss:+1.6572                        
[16:17:35] INFO     (5:54:33) train_it 1350001/5000000 | lr:1.64e-15 | loss:+1.6570                        
           INFO     (5:54:33) Saved latest(it=1350000) checkpoint to                                       
                    opt.ckpt_path=PosixPath('results/BSBUnfold_Z2Jet_KL1_iter5M_6x256_SelfCond')!          
[16:18:54] INFO     (5:55:52) train_it 1355001/5000000 | lr:1.48e-15 | loss:+1.6608                        
[16:20:10] INFO     (5:57:08) train_it 1360001/5000000 | lr:1.34e-15 | loss:+1.6562                        
[16:21:30] INFO     (5:58:28) train_it 1365001/5000000 | lr:1.21e-15 | loss:+1.6575                        
           INFO     (5:58:28) Saved latest(it=1365000) checkpoint to                                       
                    opt.ckpt_path=PosixPath('results/BSBUnfold_Z2Jet_KL1_iter5M_6x256_SelfCond')!          
[16:22:49] INFO     (5:59:47) train_it 1370001/5000000 | lr:1.10e-15 | loss:+1.6609                        
[16:24:05] INFO     (6:01:03) train_it 1375001/5000000 | lr:9.93e-16 | loss:+1.6540                        
[16:25:21] INFO     (6:02:19) train_it 1380001/5000000 | lr:8.98e-16 | loss:+1.6644                        
           INFO     (6:02:19) Saved latest(it=1380000) checkpoint to                                       
                    opt.ckpt_path=PosixPath('results/BSBUnfold_Z2Jet_KL1_iter5M_6x256_SelfCond')!          
[16:26:38] INFO     (6:03:36) train_it 1385001/5000000 | lr:8.12e-16 | loss:+1.6591                        
[16:27:59] INFO     (6:04:57) train_it 1390001/5000000 | lr:7.34e-16 | loss:+1.6517                        
[16:29:19] INFO     (6:06:17) train_it 1395001/5000000 | lr:6.64e-16 | loss:+1.6607                        
[16:29:20] INFO     (6:06:18) Saved latest(it=1395000) checkpoint to                                       
                    opt.ckpt_path=PosixPath('results/BSBUnfold_Z2Jet_KL1_iter5M_6x256_SelfCond')!          
[16:30:38] INFO     (6:07:36) train_it 1400001/5000000 | lr:6.01e-16 | loss:+1.6610                        
[16:31:53] INFO     (6:08:51) train_it 1405001/5000000 | lr:5.43e-16 | loss:+1.6583                        
[16:33:09] INFO     (6:10:07) train_it 1410001/5000000 | lr:4.91e-16 | loss:+1.6563                        
[16:33:10] INFO     (6:10:08) Saved latest(it=1410000) checkpoint to                                       
                    opt.ckpt_path=PosixPath('results/BSBUnfold_Z2Jet_KL1_iter5M_6x256_SelfCond')!          
[16:34:25] INFO     (6:11:23) train_it 1415001/5000000 | lr:4.44e-16 | loss:+1.6593                        
[16:35:41] INFO     (6:12:39) train_it 1420001/5000000 | lr:4.02e-16 | loss:+1.6599                        
[16:36:57] INFO     (6:13:55) train_it 1425001/5000000 | lr:3.63e-16 | loss:+1.6603                        
           INFO     (6:13:55) Saved latest(it=1425000) checkpoint to                                       
                    opt.ckpt_path=PosixPath('results/BSBUnfold_Z2Jet_KL1_iter5M_6x256_SelfCond')!          
[16:38:13] INFO     (6:15:11) train_it 1430001/5000000 | lr:3.29e-16 | loss:+1.6585                        
[16:39:28] INFO     (6:16:26) train_it 1435001/5000000 | lr:2.97e-16 | loss:+1.6579                        
[16:40:46] INFO     (6:17:44) train_it 1440001/5000000 | lr:2.69e-16 | loss:+1.6564                        
           INFO     (6:17:44) Saved latest(it=1440000) checkpoint to                                       
                    opt.ckpt_path=PosixPath('results/BSBUnfold_Z2Jet_KL1_iter5M_6x256_SelfCond')!          
[16:42:07] INFO     (6:19:05) train_it 1445001/5000000 | lr:2.43e-16 | loss:+1.6589                        
[16:43:29] INFO     (6:20:27) train_it 1450001/5000000 | lr:2.20e-16 | loss:+1.6586                        
[16:44:49] INFO     (6:21:46) train_it 1455001/5000000 | lr:1.99e-16 | loss:+1.6588                        
           INFO     (6:21:47) Saved latest(it=1455000) checkpoint to                                       
                    opt.ckpt_path=PosixPath('results/BSBUnfold_Z2Jet_KL1_iter5M_6x256_SelfCond')!          
[16:46:05] INFO     (6:23:03) train_it 1460001/5000000 | lr:1.80e-16 | loss:+1.6575                        
[16:47:21] INFO     (6:24:19) train_it 1465001/5000000 | lr:1.63e-16 | loss:+1.6540                        
[16:48:37] INFO     (6:25:35) train_it 1470001/5000000 | lr:1.47e-16 | loss:+1.6612                        
           INFO     (6:25:35) Saved latest(it=1470000) checkpoint to                                       
                    opt.ckpt_path=PosixPath('results/BSBUnfold_Z2Jet_KL1_iter5M_6x256_SelfCond')!          
[16:49:54] INFO     (6:26:51) train_it 1475001/5000000 | lr:1.33e-16 | loss:+1.6616                        
[16:51:10] INFO     (6:28:08) train_it 1480001/5000000 | lr:1.20e-16 | loss:+1.6564                        
[16:52:26] INFO     (6:29:24) train_it 1485001/5000000 | lr:1.09e-16 | loss:+1.6640                        
[16:52:27] INFO     (6:29:25) Saved latest(it=1485000) checkpoint to                                       
                    opt.ckpt_path=PosixPath('results/BSBUnfold_Z2Jet_KL1_iter5M_6x256_SelfCond')!          
[16:53:46] INFO     (6:30:44) train_it 1490001/5000000 | lr:9.84e-17 | loss:+1.6603                        
[16:55:02] INFO     (6:32:00) train_it 1495001/5000000 | lr:8.90e-17 | loss:+1.6582                        
[16:56:18] INFO     (6:33:16) train_it 1500001/5000000 | lr:8.05e-17 | loss:+1.6574                        
[16:56:19] INFO     (6:33:17) Saved latest(it=1500000) checkpoint to                                       
                    opt.ckpt_path=PosixPath('results/BSBUnfold_Z2Jet_KL1_iter5M_6x256_SelfCond')!          
[16:57:37] INFO     (6:34:35) train_it 1505001/5000000 | lr:7.28e-17 | loss:+1.6598                        
[16:58:58] INFO     (6:35:55) train_it 1510001/5000000 | lr:6.58e-17 | loss:+1.6561                        
[17:00:19] INFO     (6:37:17) train_it 1515001/5000000 | lr:5.95e-17 | loss:+1.6565                        
[17:00:20] INFO     (6:37:17) Saved latest(it=1515000) checkpoint to                                       
                    opt.ckpt_path=PosixPath('results/BSBUnfold_Z2Jet_KL1_iter5M_6x256_SelfCond')!          
[17:01:41] INFO     (6:38:39) train_it 1520001/5000000 | lr:5.38e-17 | loss:+1.6557                        
[17:03:03] INFO     (6:40:01) train_it 1525001/5000000 | lr:4.87e-17 | loss:+1.6646                        
[17:04:18] INFO     (6:41:16) train_it 1530001/5000000 | lr:4.40e-17 | loss:+1.6613                        
[17:04:19] INFO     (6:41:17) Saved latest(it=1530000) checkpoint to                                       
                    opt.ckpt_path=PosixPath('results/BSBUnfold_Z2Jet_KL1_iter5M_6x256_SelfCond')!          
[17:05:35] INFO     (6:42:33) train_it 1535001/5000000 | lr:3.98e-17 | loss:+1.6618                        
[17:06:51] INFO     (6:43:49) train_it 1540001/5000000 | lr:3.60e-17 | loss:+1.6602                        
[17:08:08] INFO     (6:45:06) train_it 1545001/5000000 | lr:3.26e-17 | loss:+1.6598                        
           INFO     (6:45:06) Saved latest(it=1545000) checkpoint to                                       
                    opt.ckpt_path=PosixPath('results/BSBUnfold_Z2Jet_KL1_iter5M_6x256_SelfCond')!          
[17:09:24] INFO     (6:46:22) train_it 1550001/5000000 | lr:2.95e-17 | loss:+1.6601                        
[17:10:40] INFO     (6:47:37) train_it 1555001/5000000 | lr:2.66e-17 | loss:+1.6574                        
[17:11:57] INFO     (6:48:55) train_it 1560001/5000000 | lr:2.41e-17 | loss:+1.6603                        
           INFO     (6:48:55) Saved latest(it=1560000) checkpoint to                                       
                    opt.ckpt_path=PosixPath('results/BSBUnfold_Z2Jet_KL1_iter5M_6x256_SelfCond')!          
[17:13:19] INFO     (6:50:17) train_it 1565001/5000000 | lr:2.18e-17 | loss:+1.6580                        
[17:14:40] INFO     (6:51:38) train_it 1570001/5000000 | lr:1.97e-17 | loss:+1.6606                        
[17:15:56] INFO     (6:52:54) train_it 1575001/5000000 | lr:1.78e-17 | loss:+1.6564                        
[17:15:57] INFO     (6:52:55) Saved latest(it=1575000) checkpoint to                                       
                    opt.ckpt_path=PosixPath('results/BSBUnfold_Z2Jet_KL1_iter5M_6x256_SelfCond')!          
[17:17:12] INFO     (6:54:10) train_it 1580001/5000000 | lr:1.61e-17 | loss:+1.6643                        
[17:18:29] INFO     (6:55:27) train_it 1585001/5000000 | lr:1.46e-17 | loss:+1.6536                        
[17:19:47] INFO     (6:56:45) train_it 1590001/5000000 | lr:1.32e-17 | loss:+1.6587                        
[17:19:48] INFO     (6:56:46) Saved latest(it=1590000) checkpoint to                                       
                    opt.ckpt_path=PosixPath('results/BSBUnfold_Z2Jet_KL1_iter5M_6x256_SelfCond')!          
[17:21:09] INFO     (6:58:07) train_it 1595001/5000000 | lr:1.19e-17 | loss:+1.6548                        
[17:22:25] INFO     (6:59:23) train_it 1600001/5000000 | lr:1.08e-17 | loss:+1.6623                        
[17:23:46] INFO     (7:00:44) train_it 1605001/5000000 | lr:9.75e-18 | loss:+1.6531                        
[17:23:47] INFO     (7:00:45) Saved latest(it=1605000) checkpoint to                                       
                    opt.ckpt_path=PosixPath('results/BSBUnfold_Z2Jet_KL1_iter5M_6x256_SelfCond')!          
[17:25:04] INFO     (7:02:02) train_it 1610001/5000000 | lr:8.82e-18 | loss:+1.6513                        
[17:26:20] INFO     (7:03:18) train_it 1615001/5000000 | lr:7.97e-18 | loss:+1.6610                        
[17:27:36] INFO     (7:04:34) train_it 1620001/5000000 | lr:7.21e-18 | loss:+1.6517                        
           INFO     (7:04:34) Saved latest(it=1620000) checkpoint to                                       
                    opt.ckpt_path=PosixPath('results/BSBUnfold_Z2Jet_KL1_iter5M_6x256_SelfCond')!          
[17:28:52] INFO     (7:05:50) train_it 1625001/5000000 | lr:6.52e-18 | loss:+1.6554                        
[17:30:13] INFO     (7:07:11) train_it 1630001/5000000 | lr:5.90e-18 | loss:+1.6591                        
[17:31:29] INFO     (7:08:27) train_it 1635001/5000000 | lr:5.33e-18 | loss:+1.6533                        
[17:31:30] INFO     (7:08:28) Saved latest(it=1635000) checkpoint to                                       
                    opt.ckpt_path=PosixPath('results/BSBUnfold_Z2Jet_KL1_iter5M_6x256_SelfCond')!          
[17:32:51] INFO     (7:09:49) train_it 1640001/5000000 | lr:4.82e-18 | loss:+1.6558                        
[17:34:12] INFO     (7:11:10) train_it 1645001/5000000 | lr:4.36e-18 | loss:+1.6642                        
[17:35:34] INFO     (7:12:32) train_it 1650001/5000000 | lr:3.95e-18 | loss:+1.6640                        
           INFO     (7:12:32) Saved latest(it=1650000) checkpoint to                                       
                    opt.ckpt_path=PosixPath('results/BSBUnfold_Z2Jet_KL1_iter5M_6x256_SelfCond')!          
[17:36:56] INFO     (7:13:54) train_it 1655001/5000000 | lr:3.57e-18 | loss:+1.6561                        
[17:38:17] INFO     (7:15:15) train_it 1660001/5000000 | lr:3.23e-18 | loss:+1.6570                        
[17:39:39] INFO     (7:16:37) train_it 1665001/5000000 | lr:2.92e-18 | loss:+1.6587                        
           INFO     (7:16:37) Saved latest(it=1665000) checkpoint to                                       
                    opt.ckpt_path=PosixPath('results/BSBUnfold_Z2Jet_KL1_iter5M_6x256_SelfCond')!          
[17:41:01] INFO     (7:17:59) train_it 1670001/5000000 | lr:2.64e-18 | loss:+1.6577                        
[17:42:19] INFO     (7:19:17) train_it 1675001/5000000 | lr:2.39e-18 | loss:+1.6572                        
[17:43:40] INFO     (7:20:38) train_it 1680001/5000000 | lr:2.16e-18 | loss:+1.6579                        
           INFO     (7:20:38) Saved latest(it=1680000) checkpoint to                                       
                    opt.ckpt_path=PosixPath('results/BSBUnfold_Z2Jet_KL1_iter5M_6x256_SelfCond')!          
[17:45:01] INFO     (7:21:59) train_it 1685001/5000000 | lr:1.95e-18 | loss:+1.6623                        
[17:46:20] INFO     (7:23:18) train_it 1690001/5000000 | lr:1.77e-18 | loss:+1.6642                        
[17:47:36] INFO     (7:24:34) train_it 1695001/5000000 | lr:1.60e-18 | loss:+1.6564                        
[17:47:37] INFO     (7:24:35) Saved latest(it=1695000) checkpoint to                                       
                    opt.ckpt_path=PosixPath('results/BSBUnfold_Z2Jet_KL1_iter5M_6x256_SelfCond')!          
[17:48:56] INFO     (7:25:54) train_it 1700001/5000000 | lr:1.44e-18 | loss:+1.6589                        
[17:50:14] INFO     (7:27:12) train_it 1705001/5000000 | lr:1.31e-18 | loss:+1.6597                        
[17:51:35] INFO     (7:28:33) train_it 1710001/5000000 | lr:1.18e-18 | loss:+1.6582                        
           INFO     (7:28:33) Saved latest(it=1710000) checkpoint to                                       
                    opt.ckpt_path=PosixPath('results/BSBUnfold_Z2Jet_KL1_iter5M_6x256_SelfCond')!          
[17:52:57] INFO     (7:29:55) train_it 1715001/5000000 | lr:1.07e-18 | loss:+1.6531                        
[17:54:18] INFO     (7:31:16) train_it 1720001/5000000 | lr:9.66e-19 | loss:+1.6566                        
[17:55:39] INFO     (7:32:37) train_it 1725001/5000000 | lr:8.74e-19 | loss:+1.6594                        
           INFO     (7:32:37) Saved latest(it=1725000) checkpoint to                                       
                    opt.ckpt_path=PosixPath('results/BSBUnfold_Z2Jet_KL1_iter5M_6x256_SelfCond')!          
[17:57:01] INFO     (7:33:59) train_it 1730001/5000000 | lr:7.90e-19 | loss:+1.6566                        
[17:58:22] INFO     (7:35:20) train_it 1735001/5000000 | lr:7.15e-19 | loss:+1.6537                        
[17:59:41] INFO     (7:36:39) train_it 1740001/5000000 | lr:6.46e-19 | loss:+1.6610                        
           INFO     (7:36:39) Saved latest(it=1740000) checkpoint to                                       
                    opt.ckpt_path=PosixPath('results/BSBUnfold_Z2Jet_KL1_iter5M_6x256_SelfCond')!          
[18:00:59] INFO     (7:37:57) train_it 1745001/5000000 | lr:5.85e-19 | loss:+1.6577                        
[18:02:17] INFO     (7:39:15) train_it 1750001/5000000 | lr:5.29e-19 | loss:+1.6605                        
[18:03:33] INFO     (7:40:31) train_it 1755001/5000000 | lr:4.78e-19 | loss:+1.6584                        
           INFO     (7:40:31) Saved latest(it=1755000) checkpoint to                                       
                    opt.ckpt_path=PosixPath('results/BSBUnfold_Z2Jet_KL1_iter5M_6x256_SelfCond')!          
[18:04:53] INFO     (7:41:51) train_it 1760001/5000000 | lr:4.32e-19 | loss:+1.6630                        
[18:06:15] INFO     (7:43:13) train_it 1765001/5000000 | lr:3.91e-19 | loss:+1.6552                        
[18:07:35] INFO     (7:44:33) train_it 1770001/5000000 | lr:3.54e-19 | loss:+1.6580                        
           INFO     (7:44:33) Saved latest(it=1770000) checkpoint to                                       
                    opt.ckpt_path=PosixPath('results/BSBUnfold_Z2Jet_KL1_iter5M_6x256_SelfCond')!          
[18:08:55] INFO     (7:45:53) train_it 1775001/5000000 | lr:3.20e-19 | loss:+1.6600                        
[18:10:15] INFO     (7:47:13) train_it 1780001/5000000 | lr:2.89e-19 | loss:+1.6577                        
[18:11:33] INFO     (7:48:31) train_it 1785001/5000000 | lr:2.62e-19 | loss:+1.6584                        
           INFO     (7:48:31) Saved latest(it=1785000) checkpoint to                                       
                    opt.ckpt_path=PosixPath('results/BSBUnfold_Z2Jet_KL1_iter5M_6x256_SelfCond')!          
[18:12:54] INFO     (7:49:52) train_it 1790001/5000000 | lr:2.37e-19 | loss:+1.6606                        
[18:14:14] INFO     (7:51:12) train_it 1795001/5000000 | lr:2.14e-19 | loss:+1.6593                        
[18:15:35] INFO     (7:52:33) train_it 1800001/5000000 | lr:1.94e-19 | loss:+1.6593                        
           INFO     (7:52:33) Saved latest(it=1800000) checkpoint to                                       
                    opt.ckpt_path=PosixPath('results/BSBUnfold_Z2Jet_KL1_iter5M_6x256_SelfCond')!          
[18:16:54] INFO     (7:53:52) train_it 1805001/5000000 | lr:1.75e-19 | loss:+1.6601                        
[18:18:15] INFO     (7:55:13) train_it 1810001/5000000 | lr:1.58e-19 | loss:+1.6575                        
[18:19:35] INFO     (7:56:33) train_it 1815001/5000000 | lr:1.43e-19 | loss:+1.6614                        
[18:19:36] INFO     (7:56:33) Saved latest(it=1815000) checkpoint to                                       
                    opt.ckpt_path=PosixPath('results/BSBUnfold_Z2Jet_KL1_iter5M_6x256_SelfCond')!          
[18:20:53] INFO     (7:57:51) train_it 1820001/5000000 | lr:1.29e-19 | loss:+1.6595                        
[18:22:10] INFO     (7:59:07) train_it 1825001/5000000 | lr:1.17e-19 | loss:+1.6624                        
[18:23:27] INFO     (8:00:25) train_it 1830001/5000000 | lr:1.06e-19 | loss:+1.6573                        
           INFO     (8:00:25) Saved latest(it=1830000) checkpoint to                                       
                    opt.ckpt_path=PosixPath('results/BSBUnfold_Z2Jet_KL1_iter5M_6x256_SelfCond')!          
[18:24:48] INFO     (8:01:46) train_it 1835001/5000000 | lr:9.58e-20 | loss:+1.6617                        
[18:26:05] INFO     (8:03:03) train_it 1840001/5000000 | lr:8.66e-20 | loss:+1.6603                        
[18:27:20] INFO     (8:04:18) train_it 1845001/5000000 | lr:7.83e-20 | loss:+1.6542                        
[18:27:21] INFO     (8:04:19) Saved latest(it=1845000) checkpoint to                                       
                    opt.ckpt_path=PosixPath('results/BSBUnfold_Z2Jet_KL1_iter5M_6x256_SelfCond')!          
[18:28:36] INFO     (8:05:34) train_it 1850001/5000000 | lr:7.08e-20 | loss:+1.6613                        
[18:29:53] INFO     (8:06:51) train_it 1855001/5000000 | lr:6.41e-20 | loss:+1.6567                        
[18:31:12] INFO     (8:08:10) train_it 1860001/5000000 | lr:5.79e-20 | loss:+1.6626                        
           INFO     (8:08:10) Saved latest(it=1860000) checkpoint to                                       
                    opt.ckpt_path=PosixPath('results/BSBUnfold_Z2Jet_KL1_iter5M_6x256_SelfCond')!          
[18:32:33] INFO     (8:09:31) train_it 1865001/5000000 | lr:5.24e-20 | loss:+1.6597                        
[18:33:55] INFO     (8:10:53) train_it 1870001/5000000 | lr:4.74e-20 | loss:+1.6557                        
[18:35:12] INFO     (8:12:10) train_it 1875001/5000000 | lr:4.29e-20 | loss:+1.6550                        
           INFO     (8:12:10) Saved latest(it=1875000) checkpoint to                                       
                    opt.ckpt_path=PosixPath('results/BSBUnfold_Z2Jet_KL1_iter5M_6x256_SelfCond')!          
[18:36:32] INFO     (8:13:30) train_it 1880001/5000000 | lr:3.88e-20 | loss:+1.6596                        
[18:37:53] INFO     (8:14:51) train_it 1885001/5000000 | lr:3.50e-20 | loss:+1.6599                        
[18:39:15] INFO     (8:16:13) train_it 1890001/5000000 | lr:3.17e-20 | loss:+1.6568                        
           INFO     (8:16:13) Saved latest(it=1890000) checkpoint to                                       
                    opt.ckpt_path=PosixPath('results/BSBUnfold_Z2Jet_KL1_iter5M_6x256_SelfCond')!          
[18:40:36] INFO     (8:17:34) train_it 1895001/5000000 | lr:2.87e-20 | loss:+1.6619                        
[18:41:55] INFO     (8:18:53) train_it 1900001/5000000 | lr:2.59e-20 | loss:+1.6636                        
[18:43:11] INFO     (8:20:09) train_it 1905001/5000000 | lr:2.34e-20 | loss:+1.6604                        
           INFO     (8:20:09) Saved latest(it=1905000) checkpoint to                                       
                    opt.ckpt_path=PosixPath('results/BSBUnfold_Z2Jet_KL1_iter5M_6x256_SelfCond')!          
[18:44:27] INFO     (8:21:25) train_it 1910001/5000000 | lr:2.12e-20 | loss:+1.6563                        
[18:45:43] INFO     (8:22:41) train_it 1915001/5000000 | lr:1.92e-20 | loss:+1.6593                        
[18:47:03] INFO     (8:24:01) train_it 1920001/5000000 | lr:1.73e-20 | loss:+1.6594                        
[18:47:04] INFO     (8:24:01) Saved latest(it=1920000) checkpoint to                                       
                    opt.ckpt_path=PosixPath('results/BSBUnfold_Z2Jet_KL1_iter5M_6x256_SelfCond')!          
[18:48:26] INFO     (8:25:24) train_it 1925001/5000000 | lr:1.57e-20 | loss:+1.6610                        
[18:49:48] INFO     (8:26:46) train_it 1930001/5000000 | lr:1.42e-20 | loss:+1.6609                        
[18:51:10] INFO     (8:28:08) train_it 1935001/5000000 | lr:1.28e-20 | loss:+1.6572                        
           INFO     (8:28:08) Saved latest(it=1935000) checkpoint to                                       
                    opt.ckpt_path=PosixPath('results/BSBUnfold_Z2Jet_KL1_iter5M_6x256_SelfCond')!          
[18:52:32] INFO     (8:29:30) train_it 1940001/5000000 | lr:1.16e-20 | loss:+1.6577                        
[18:53:55] INFO     (8:30:53) train_it 1945001/5000000 | lr:1.05e-20 | loss:+1.6608                        
[18:55:10] INFO     (8:32:08) train_it 1950001/5000000 | lr:9.49e-21 | loss:+1.6580                        
[18:55:11] INFO     (8:32:09) Saved latest(it=1950000) checkpoint to                                       
                    opt.ckpt_path=PosixPath('results/BSBUnfold_Z2Jet_KL1_iter5M_6x256_SelfCond')!          
[18:56:25] INFO     (8:33:23) train_it 1955001/5000000 | lr:8.58e-21 | loss:+1.6592                        
[18:57:41] INFO     (8:34:39) train_it 1960001/5000000 | lr:7.76e-21 | loss:+1.6631                        
[18:59:00] INFO     (8:35:58) train_it 1965001/5000000 | lr:7.02e-21 | loss:+1.6609                        
[18:59:01] INFO     (8:35:59) Saved latest(it=1965000) checkpoint to                                       
                    opt.ckpt_path=PosixPath('results/BSBUnfold_Z2Jet_KL1_iter5M_6x256_SelfCond')!          
[19:00:22] INFO     (8:37:20) train_it 1970001/5000000 | lr:6.35e-21 | loss:+1.6575                        
[19:01:44] INFO     (8:38:42) train_it 1975001/5000000 | lr:5.74e-21 | loss:+1.6635                        
[19:03:04] INFO     (8:40:02) train_it 1980001/5000000 | lr:5.19e-21 | loss:+1.6600                        
           INFO     (8:40:02) Saved latest(it=1980000) checkpoint to                                       
                    opt.ckpt_path=PosixPath('results/BSBUnfold_Z2Jet_KL1_iter5M_6x256_SelfCond')!          
[19:04:23] INFO     (8:41:21) train_it 1985001/5000000 | lr:4.70e-21 | loss:+1.6577                        
[19:05:44] INFO     (8:42:42) train_it 1990001/5000000 | lr:4.25e-21 | loss:+1.6611                        
[19:07:05] INFO     (8:44:03) train_it 1995001/5000000 | lr:3.84e-21 | loss:+1.6600                        
[19:07:06] INFO     (8:44:04) Saved latest(it=1995000) checkpoint to                                       
                    opt.ckpt_path=PosixPath('results/BSBUnfold_Z2Jet_KL1_iter5M_6x256_SelfCond')!          
[19:08:27] INFO     (8:45:25) train_it 2000001/5000000 | lr:3.47e-21 | loss:+1.6558                        
[19:09:49] INFO     (8:46:46) train_it 2005001/5000000 | lr:3.14e-21 | loss:+1.6584                        
[19:11:10] INFO     (8:48:08) train_it 2010001/5000000 | lr:2.84e-21 | loss:+1.6612                        
           INFO     (8:48:08) Saved latest(it=2010000) checkpoint to                                       
                    opt.ckpt_path=PosixPath('results/BSBUnfold_Z2Jet_KL1_iter5M_6x256_SelfCond')!          
[19:12:28] INFO     (8:49:25) train_it 2015001/5000000 | lr:2.57e-21 | loss:+1.6595                        
[19:13:49] INFO     (8:50:47) train_it 2020001/5000000 | lr:2.32e-21 | loss:+1.6600                        
[19:15:09] INFO     (8:52:07) train_it 2025001/5000000 | lr:2.10e-21 | loss:+1.6569                        
           INFO     (8:52:07) Saved latest(it=2025000) checkpoint to                                       
                    opt.ckpt_path=PosixPath('results/BSBUnfold_Z2Jet_KL1_iter5M_6x256_SelfCond')!          
[19:16:30] INFO     (8:53:28) train_it 2030001/5000000 | lr:1.90e-21 | loss:+1.6628                        
[19:17:50] INFO     (8:54:48) train_it 2035001/5000000 | lr:1.72e-21 | loss:+1.6561                        
[19:19:11] INFO     (8:56:09) train_it 2040001/5000000 | lr:1.55e-21 | loss:+1.6576                        
[19:19:12] INFO     (8:56:10) Saved latest(it=2040000) checkpoint to                                       
                    opt.ckpt_path=PosixPath('results/BSBUnfold_Z2Jet_KL1_iter5M_6x256_SelfCond')!          
[19:20:28] INFO     (8:57:26) train_it 2045001/5000000 | lr:1.41e-21 | loss:+1.6641                        
[19:21:43] INFO     (8:58:41) train_it 2050001/5000000 | lr:1.27e-21 | loss:+1.6566                        
[19:23:00] INFO     (8:59:58) train_it 2055001/5000000 | lr:1.15e-21 | loss:+1.6582                        
[19:23:01] INFO     (8:59:59) Saved latest(it=2055000) checkpoint to                                       
                    opt.ckpt_path=PosixPath('results/BSBUnfold_Z2Jet_KL1_iter5M_6x256_SelfCond')!          
[19:24:17] INFO     (9:01:15) train_it 2060001/5000000 | lr:1.04e-21 | loss:+1.6594                        
[19:25:32] INFO     (9:02:30) train_it 2065001/5000000 | lr:9.40e-22 | loss:+1.6606                        
[19:26:52] INFO     (9:03:50) train_it 2070001/5000000 | lr:8.51e-22 | loss:+1.6574                        
           INFO     (9:03:50) Saved latest(it=2070000) checkpoint to                                       
                    opt.ckpt_path=PosixPath('results/BSBUnfold_Z2Jet_KL1_iter5M_6x256_SelfCond')!          
[19:28:13] INFO     (9:05:11) train_it 2075001/5000000 | lr:7.69e-22 | loss:+1.6590                        
[19:29:31] INFO     (9:06:29) train_it 2080001/5000000 | lr:6.96e-22 | loss:+1.6593                        
[19:30:47] INFO     (9:07:45) train_it 2085001/5000000 | lr:6.29e-22 | loss:+1.6585                        
           INFO     (9:07:45) Saved latest(it=2085000) checkpoint to                                       
                    opt.ckpt_path=PosixPath('results/BSBUnfold_Z2Jet_KL1_iter5M_6x256_SelfCond')!          
[19:32:07] INFO     (9:09:05) train_it 2090001/5000000 | lr:5.69e-22 | loss:+1.6630                        
[19:33:22] INFO     (9:10:20) train_it 2095001/5000000 | lr:5.15e-22 | loss:+1.6568                        
[19:34:43] INFO     (9:11:41) train_it 2100001/5000000 | lr:4.65e-22 | loss:+1.6597                        
           INFO     (9:11:41) Saved latest(it=2100000) checkpoint to                                       
                    opt.ckpt_path=PosixPath('results/BSBUnfold_Z2Jet_KL1_iter5M_6x256_SelfCond')!          
[19:36:06] INFO     (9:13:04) train_it 2105001/5000000 | lr:4.21e-22 | loss:+1.6632                        
[19:37:25] INFO     (9:14:23) train_it 2110001/5000000 | lr:3.81e-22 | loss:+1.6588                        
[19:38:41] INFO     (9:15:39) train_it 2115001/5000000 | lr:3.44e-22 | loss:+1.6596                        
           INFO     (9:15:39) Saved latest(it=2115000) checkpoint to                                       
                    opt.ckpt_path=PosixPath('results/BSBUnfold_Z2Jet_KL1_iter5M_6x256_SelfCond')!          
[19:39:58] INFO     (9:16:56) train_it 2120001/5000000 | lr:3.11e-22 | loss:+1.6593                        
[19:41:14] INFO     (9:18:12) train_it 2125001/5000000 | lr:2.82e-22 | loss:+1.6616                        
[19:42:30] INFO     (9:19:28) train_it 2130001/5000000 | lr:2.55e-22 | loss:+1.6590                        
[19:42:31] INFO     (9:19:29) Saved latest(it=2130000) checkpoint to                                       
                    opt.ckpt_path=PosixPath('results/BSBUnfold_Z2Jet_KL1_iter5M_6x256_SelfCond')!          
[19:43:47] INFO     (9:20:45) train_it 2135001/5000000 | lr:2.30e-22 | loss:+1.6579                        
[19:45:03] INFO     (9:22:01) train_it 2140001/5000000 | lr:2.08e-22 | loss:+1.6602                        
[19:46:22] INFO     (9:23:20) train_it 2145001/5000000 | lr:1.88e-22 | loss:+1.6622                        
[19:46:23] INFO     (9:23:21) Saved latest(it=2145000) checkpoint to                                       
                    opt.ckpt_path=PosixPath('results/BSBUnfold_Z2Jet_KL1_iter5M_6x256_SelfCond')!          
[19:47:44] INFO     (9:24:42) train_it 2150001/5000000 | lr:1.70e-22 | loss:+1.6590                        
[19:49:05] INFO     (9:26:03) train_it 2155001/5000000 | lr:1.54e-22 | loss:+1.6533                        
[19:50:27] INFO     (9:27:25) train_it 2160001/5000000 | lr:1.39e-22 | loss:+1.6599                        
           INFO     (9:27:25) Saved latest(it=2160000) checkpoint to                                       
                    opt.ckpt_path=PosixPath('results/BSBUnfold_Z2Jet_KL1_iter5M_6x256_SelfCond')!          
[19:51:43] INFO     (9:28:41) train_it 2165001/5000000 | lr:1.26e-22 | loss:+1.6537                        
[19:53:00] INFO     (9:29:58) train_it 2170001/5000000 | lr:1.14e-22 | loss:+1.6526                        
[19:54:20] INFO     (9:31:18) train_it 2175001/5000000 | lr:1.03e-22 | loss:+1.6583                        
[19:54:21] INFO     (9:31:19) Saved latest(it=2175000) checkpoint to                                       
                    opt.ckpt_path=PosixPath('results/BSBUnfold_Z2Jet_KL1_iter5M_6x256_SelfCond')!          
[19:55:39] INFO     (9:32:37) train_it 2180001/5000000 | lr:9.32e-23 | loss:+1.6554                        
[19:56:55] INFO     (9:33:53) train_it 2185001/5000000 | lr:8.43e-23 | loss:+1.6652                        
[19:58:11] INFO     (9:35:09) train_it 2190001/5000000 | lr:7.62e-23 | loss:+1.6605                        
           INFO     (9:35:09) Saved latest(it=2190000) checkpoint to                                       
                    opt.ckpt_path=PosixPath('results/BSBUnfold_Z2Jet_KL1_iter5M_6x256_SelfCond')!          
[19:59:31] INFO     (9:36:29) train_it 2195001/5000000 | lr:6.89e-23 | loss:+1.6543                        
[20:00:49] INFO     (9:37:47) train_it 2200001/5000000 | lr:6.24e-23 | loss:+1.6563                        
[20:02:04] INFO     (9:39:02) train_it 2205001/5000000 | lr:5.64e-23 | loss:+1.6587                        
[20:02:05] INFO     (9:39:03) Saved latest(it=2205000) checkpoint to                                       
                    opt.ckpt_path=PosixPath('results/BSBUnfold_Z2Jet_KL1_iter5M_6x256_SelfCond')!          
[20:03:20] INFO     (9:40:18) train_it 2210001/5000000 | lr:5.10e-23 | loss:+1.6571                        
[20:04:36] INFO     (9:41:34) train_it 2215001/5000000 | lr:4.61e-23 | loss:+1.6615                        
[20:05:52] INFO     (9:42:50) train_it 2220001/5000000 | lr:4.17e-23 | loss:+1.6582                        
           INFO     (9:42:50) Saved latest(it=2220000) checkpoint to                                       
                    opt.ckpt_path=PosixPath('results/BSBUnfold_Z2Jet_KL1_iter5M_6x256_SelfCond')!          
[20:07:07] INFO     (9:44:05) train_it 2225001/5000000 | lr:3.77e-23 | loss:+1.6589                        
[20:08:23] INFO     (9:45:21) train_it 2230001/5000000 | lr:3.41e-23 | loss:+1.6586                        
[20:09:39] INFO     (9:46:37) train_it 2235001/5000000 | lr:3.09e-23 | loss:+1.6586                        
[20:09:40] INFO     (9:46:38) Saved latest(it=2235000) checkpoint to                                       
                    opt.ckpt_path=PosixPath('results/BSBUnfold_Z2Jet_KL1_iter5M_6x256_SelfCond')!          
[20:10:56] INFO     (9:47:54) train_it 2240001/5000000 | lr:2.79e-23 | loss:+1.6558                        
[20:12:12] INFO     (9:49:10) train_it 2245001/5000000 | lr:2.52e-23 | loss:+1.6566                        
[20:13:32] INFO     (9:50:30) train_it 2250001/5000000 | lr:2.28e-23 | loss:+1.6578                        
[20:13:33] INFO     (9:50:31) Saved latest(it=2250000) checkpoint to                                       
                    opt.ckpt_path=PosixPath('results/BSBUnfold_Z2Jet_KL1_iter5M_6x256_SelfCond')!          
[20:14:48] INFO     (9:51:46) train_it 2255001/5000000 | lr:2.06e-23 | loss:+1.6613                        
[20:16:04] INFO     (9:53:02) train_it 2260001/5000000 | lr:1.87e-23 | loss:+1.6626                        
[20:17:20] INFO     (9:54:18) train_it 2265001/5000000 | lr:1.69e-23 | loss:+1.6583                        
           INFO     (9:54:18) Saved latest(it=2265000) checkpoint to                                       
                    opt.ckpt_path=PosixPath('results/BSBUnfold_Z2Jet_KL1_iter5M_6x256_SelfCond')!          
[20:18:36] INFO     (9:55:34) train_it 2270001/5000000 | lr:1.53e-23 | loss:+1.6612                        
[20:19:55] INFO     (9:56:53) train_it 2275001/5000000 | lr:1.38e-23 | loss:+1.6564                        
[20:21:10] INFO     (9:58:08) train_it 2280001/5000000 | lr:1.25e-23 | loss:+1.6685                        
[20:21:11] INFO     (9:58:09) Saved latest(it=2280000) checkpoint to                                       
                    opt.ckpt_path=PosixPath('results/BSBUnfold_Z2Jet_KL1_iter5M_6x256_SelfCond')!          
[20:22:26] INFO     (9:59:24) train_it 2285001/5000000 | lr:1.13e-23 | loss:+1.6587                        
[20:23:47] INFO     (10:00:45) train_it 2290001/5000000 | lr:1.02e-23 | loss:+1.6593                       
[20:25:08] INFO     (10:02:06) train_it 2295001/5000000 | lr:9.24e-24 | loss:+1.6608                       
           INFO     (10:02:06) Saved latest(it=2295000) checkpoint to                                      
                    opt.ckpt_path=PosixPath('results/BSBUnfold_Z2Jet_KL1_iter5M_6x256_SelfCond')!          
[20:26:29] INFO     (10:03:27) train_it 2300001/5000000 | lr:8.35e-24 | loss:+1.6603                       
[20:27:50] INFO     (10:04:48) train_it 2305001/5000000 | lr:7.56e-24 | loss:+1.6544                       
[20:29:06] INFO     (10:06:04) train_it 2310001/5000000 | lr:6.83e-24 | loss:+1.6601                       
[20:29:07] INFO     (10:06:05) Saved latest(it=2310000) checkpoint to                                      
                    opt.ckpt_path=PosixPath('results/BSBUnfold_Z2Jet_KL1_iter5M_6x256_SelfCond')!          
[20:30:22] INFO     (10:07:20) train_it 2315001/5000000 | lr:6.18e-24 | loss:+1.6565                       
[20:31:38] INFO     (10:08:36) train_it 2320001/5000000 | lr:5.59e-24 | loss:+1.6588                       
[20:32:55] INFO     (10:09:53) train_it 2325001/5000000 | lr:5.05e-24 | loss:+1.6630                       
           INFO     (10:09:53) Saved latest(it=2325000) checkpoint to                                      
                    opt.ckpt_path=PosixPath('results/BSBUnfold_Z2Jet_KL1_iter5M_6x256_SelfCond')!          
[20:34:11] INFO     (10:11:09) train_it 2330001/5000000 | lr:4.57e-24 | loss:+1.6529                       
[20:35:27] INFO     (10:12:25) train_it 2335001/5000000 | lr:4.13e-24 | loss:+1.6586                       
[20:36:47] INFO     (10:13:45) train_it 2340001/5000000 | lr:3.74e-24 | loss:+1.6588                       
[20:36:48] INFO     (10:13:46) Saved latest(it=2340000) checkpoint to                                      
                    opt.ckpt_path=PosixPath('results/BSBUnfold_Z2Jet_KL1_iter5M_6x256_SelfCond')!          
[20:38:04] INFO     (10:15:02) train_it 2345001/5000000 | lr:3.38e-24 | loss:+1.6560                       
[20:39:20] INFO     (10:16:18) train_it 2350001/5000000 | lr:3.06e-24 | loss:+1.6589                       
[20:40:37] INFO     (10:17:35) train_it 2355001/5000000 | lr:2.77e-24 | loss:+1.6584                       
           INFO     (10:17:35) Saved latest(it=2355000) checkpoint to                                      
                    opt.ckpt_path=PosixPath('results/BSBUnfold_Z2Jet_KL1_iter5M_6x256_SelfCond')!          
[20:41:54] INFO     (10:18:52) train_it 2360001/5000000 | lr:2.50e-24 | loss:+1.6629                       
[20:43:15] INFO     (10:20:13) train_it 2365001/5000000 | lr:2.26e-24 | loss:+1.6542                       
[20:44:38] INFO     (10:21:35) train_it 2370001/5000000 | lr:2.05e-24 | loss:+1.6622                       
           INFO     (10:21:36) Saved latest(it=2370000) checkpoint to                                      
                    opt.ckpt_path=PosixPath('results/BSBUnfold_Z2Jet_KL1_iter5M_6x256_SelfCond')!          
[20:46:00] INFO     (10:22:58) train_it 2375001/5000000 | lr:1.85e-24 | loss:+1.6565                       
[20:47:18] INFO     (10:24:16) train_it 2380001/5000000 | lr:1.67e-24 | loss:+1.6603                       
[20:48:34] INFO     (10:25:32) train_it 2385001/5000000 | lr:1.51e-24 | loss:+1.6576                       
[20:48:35] INFO     (10:25:32) Saved latest(it=2385000) checkpoint to                                      
                    opt.ckpt_path=PosixPath('results/BSBUnfold_Z2Jet_KL1_iter5M_6x256_SelfCond')!          
[20:49:51] INFO     (10:26:49) train_it 2390001/5000000 | lr:1.37e-24 | loss:+1.6641                       
[20:51:08] INFO     (10:28:06) train_it 2395001/5000000 | lr:1.24e-24 | loss:+1.6608                       
[20:52:24] INFO     (10:29:22) train_it 2400001/5000000 | lr:1.12e-24 | loss:+1.6579                       
           INFO     (10:29:22) Saved latest(it=2400000) checkpoint to                                      
                    opt.ckpt_path=PosixPath('results/BSBUnfold_Z2Jet_KL1_iter5M_6x256_SelfCond')!          
[20:53:40] INFO     (10:30:38) train_it 2405001/5000000 | lr:1.01e-24 | loss:+1.6646                       
[20:54:56] INFO     (10:31:54) train_it 2410001/5000000 | lr:9.15e-25 | loss:+1.6553                       
[20:56:12] INFO     (10:33:10) train_it 2415001/5000000 | lr:8.28e-25 | loss:+1.6613                       
[20:56:13] INFO     (10:33:11) Saved latest(it=2415000) checkpoint to                                      
                    opt.ckpt_path=PosixPath('results/BSBUnfold_Z2Jet_KL1_iter5M_6x256_SelfCond')!          
[20:57:29] INFO     (10:34:27) train_it 2420001/5000000 | lr:7.49e-25 | loss:+1.6589                       
[20:58:45] INFO     (10:35:43) train_it 2425001/5000000 | lr:6.77e-25 | loss:+1.6633                       
[21:00:01] INFO     (10:36:59) train_it 2430001/5000000 | lr:6.12e-25 | loss:+1.6606                       
[21:00:02] INFO     (10:37:00) Saved latest(it=2430000) checkpoint to                                      
                    opt.ckpt_path=PosixPath('results/BSBUnfold_Z2Jet_KL1_iter5M_6x256_SelfCond')!          
[21:01:18] INFO     (10:38:16) train_it 2435001/5000000 | lr:5.54e-25 | loss:+1.6576                       
[21:02:34] INFO     (10:39:32) train_it 2440001/5000000 | lr:5.01e-25 | loss:+1.6607                       
[21:03:51] INFO     (10:40:49) train_it 2445001/5000000 | lr:4.53e-25 | loss:+1.6634                       
           INFO     (10:40:49) Saved latest(it=2445000) checkpoint to                                      
                    opt.ckpt_path=PosixPath('results/BSBUnfold_Z2Jet_KL1_iter5M_6x256_SelfCond')!          
[21:05:08] INFO     (10:42:06) train_it 2450001/5000000 | lr:4.10e-25 | loss:+1.6557                       
[21:06:26] INFO     (10:43:24) train_it 2455001/5000000 | lr:3.71e-25 | loss:+1.6610                       
[21:07:46] INFO     (10:44:44) train_it 2460001/5000000 | lr:3.35e-25 | loss:+1.6596                       
           INFO     (10:44:44) Saved latest(it=2460000) checkpoint to                                      
                    opt.ckpt_path=PosixPath('results/BSBUnfold_Z2Jet_KL1_iter5M_6x256_SelfCond')!          
[21:09:03] INFO     (10:46:01) train_it 2465001/5000000 | lr:3.03e-25 | loss:+1.6587                       
[21:10:19] INFO     (10:47:17) train_it 2470001/5000000 | lr:2.74e-25 | loss:+1.6632                       
[21:11:36] INFO     (10:48:34) train_it 2475001/5000000 | lr:2.48e-25 | loss:+1.6617                       
           INFO     (10:48:34) Saved latest(it=2475000) checkpoint to                                      
                    opt.ckpt_path=PosixPath('results/BSBUnfold_Z2Jet_KL1_iter5M_6x256_SelfCond')!          
[21:12:52] INFO     (10:49:50) train_it 2480001/5000000 | lr:2.24e-25 | loss:+1.6585                       
[21:14:09] INFO     (10:51:07) train_it 2485001/5000000 | lr:2.03e-25 | loss:+1.6579                       
[21:15:25] INFO     (10:52:23) train_it 2490001/5000000 | lr:1.83e-25 | loss:+1.6623                       
           INFO     (10:52:23) Saved latest(it=2490000) checkpoint to                                      
                    opt.ckpt_path=PosixPath('results/BSBUnfold_Z2Jet_KL1_iter5M_6x256_SelfCond')!          
[21:16:41] INFO     (10:53:39) train_it 2495001/5000000 | lr:1.66e-25 | loss:+1.6569                       
[21:17:58] INFO     (10:54:56) train_it 2500001/5000000 | lr:1.50e-25 | loss:+1.6597                       
[21:19:14] INFO     (10:56:12) train_it 2505001/5000000 | lr:1.36e-25 | loss:+1.6601                       
           INFO     (10:56:12) Saved latest(it=2505000) checkpoint to                                      
                    opt.ckpt_path=PosixPath('results/BSBUnfold_Z2Jet_KL1_iter5M_6x256_SelfCond')!          
[21:20:31] INFO     (10:57:29) train_it 2510001/5000000 | lr:1.23e-25 | loss:+1.6572                       
slurmstepd: error: *** STEP 31609221.0 ON nid002152 CANCELLED AT 2024-10-10T04:21:13 DUE TO TIME LIMIT ***
slurmstepd: error: *** JOB 31609221 ON nid002152 CANCELLED AT 2024-10-10T04:21:13 DUE TO TIME LIMIT ***
