[15:47:33] INFO     (0:00:00) =======================================================                                                              
           INFO     (0:00:00)          Unfolding Schrodinger Bridge                                                                                
           INFO     (0:00:00) =======================================================                                                              
           INFO     (0:00:00) Command used:                                                                                                        
                    train_physics.py --corrupt BSBUnfold_OmniFold_train_small_KL001fix_iter10M_4x45_SelfCond --n-gpu-per-node 1 --beta-max 0.1     
                    --sample-name OmniFold_train_small.h5 --num-itr 1000000 --kl 0.01 --hidden-dim 45 --nresnet 4 --cond-x1                        
           INFO     (0:00:00) Experiment ID: BSBUnfold_OmniFold_train_small_KL001fix_iter10M_4x45_SelfCond                                         
1.0
1.0
[15:47:38] INFO     (0:00:04) Saved options pickle to results/BSBUnfold_OmniFold_train_small_KL001fix_iter10M_4x45_SelfCond/options.pkl!           
           INFO     (0:00:04) [Diffusion] Built I2SB diffusion: steps=1000!                                                                        
           INFO     (0:00:05) [Diffusion] Number of trainable parameters: 52836!                                                                   
[15:47:42] INFO     (0:00:08) [Opt] Built AdamW optimizer optim_dict={'lr': 0.001, 'weight_decay': 0.0}!                                           
           INFO     (0:00:08) [Opt] Built lr step scheduler sched_dict={'step_size': 500, 'gamma': 0.99}!                                          
[15:47:48] INFO     (0:00:14) train_it 1/1000000 | lr:1.00e-03 | loss:+14.5002                                                                     
           INFO     (0:00:14) Saved latest(it=0) checkpoint to                                                                                     
                    opt.ckpt_path=PosixPath('results/BSBUnfold_OmniFold_train_small_KL001fix_iter10M_4x45_SelfCond')!                              
[15:48:53] INFO     (0:01:19) train_it 5001/1000000 | lr:9.04e-04 | loss:+4.7927                                                                   
[15:49:53] INFO     (0:02:19) train_it 10001/1000000 | lr:8.18e-04 | loss:+3.5244                                                                  
[15:50:53] INFO     (0:03:19) train_it 15001/1000000 | lr:7.40e-04 | loss:+3.2888                                                                  
           INFO     (0:03:20) Saved latest(it=15000) checkpoint to                                                                                 
                    opt.ckpt_path=PosixPath('results/BSBUnfold_OmniFold_train_small_KL001fix_iter10M_4x45_SelfCond')!                              
[15:51:57] INFO     (0:04:24) train_it 20001/1000000 | lr:6.69e-04 | loss:+3.1756                                                                  
[15:53:02] INFO     (0:05:29) train_it 25001/1000000 | lr:6.05e-04 | loss:+3.0961                                                                  
[15:54:08] INFO     (0:06:34) train_it 30001/1000000 | lr:5.47e-04 | loss:+3.0551                                                                  
           INFO     (0:06:34) Saved latest(it=30000) checkpoint to                                                                                 
                    opt.ckpt_path=PosixPath('results/BSBUnfold_OmniFold_train_small_KL001fix_iter10M_4x45_SelfCond')!                              
[15:55:13] INFO     (0:07:40) train_it 35001/1000000 | lr:4.95e-04 | loss:+3.0125                                                                  
[15:56:18] INFO     (0:08:45) train_it 40001/1000000 | lr:4.48e-04 | loss:+2.9797                                                                  
[15:57:19] INFO     (0:09:45) train_it 45001/1000000 | lr:4.05e-04 | loss:+2.9539                                                                  
           INFO     (0:09:45) Saved latest(it=45000) checkpoint to                                                                                 
                    opt.ckpt_path=PosixPath('results/BSBUnfold_OmniFold_train_small_KL001fix_iter10M_4x45_SelfCond')!                              
[15:58:19] INFO     (0:10:46) train_it 50001/1000000 | lr:3.66e-04 | loss:+2.9509                                                                  
[15:59:22] INFO     (0:11:49) train_it 55001/1000000 | lr:3.31e-04 | loss:+2.9248                                                                  
[16:00:27] INFO     (0:12:53) train_it 60001/1000000 | lr:2.99e-04 | loss:+2.8995                                                                  
           INFO     (0:12:53) Saved latest(it=60000) checkpoint to                                                                                 
                    opt.ckpt_path=PosixPath('results/BSBUnfold_OmniFold_train_small_KL001fix_iter10M_4x45_SelfCond')!                              
[16:01:32] INFO     (0:13:58) train_it 65001/1000000 | lr:2.71e-04 | loss:+2.8884                                                                  
[16:02:37] INFO     (0:15:03) train_it 70001/1000000 | lr:2.45e-04 | loss:+2.8751                                                                  
[16:03:37] INFO     (0:16:03) train_it 75001/1000000 | lr:2.21e-04 | loss:+2.8745                                                                  
           INFO     (0:16:03) Saved latest(it=75000) checkpoint to                                                                                 
                    opt.ckpt_path=PosixPath('results/BSBUnfold_OmniFold_train_small_KL001fix_iter10M_4x45_SelfCond')!                              
[16:04:39] INFO     (0:17:06) train_it 80001/1000000 | lr:2.00e-04 | loss:+2.8629                                                                  
[16:05:44] INFO     (0:18:11) train_it 85001/1000000 | lr:1.81e-04 | loss:+2.8512                                                                  
[16:06:48] INFO     (0:19:14) train_it 90001/1000000 | lr:1.64e-04 | loss:+2.8460                                                                  
           INFO     (0:19:14) Saved latest(it=90000) checkpoint to                                                                                 
                    opt.ckpt_path=PosixPath('results/BSBUnfold_OmniFold_train_small_KL001fix_iter10M_4x45_SelfCond')!                              
[16:07:47] INFO     (0:20:14) train_it 95001/1000000 | lr:1.48e-04 | loss:+2.8336                                                                  
[16:08:47] INFO     (0:21:13) train_it 100001/1000000 | lr:1.34e-04 | loss:+2.8326                                                                 
[16:09:50] INFO     (0:22:16) train_it 105001/1000000 | lr:1.21e-04 | loss:+2.8216                                                                 
           INFO     (0:22:17) Saved latest(it=105000) checkpoint to                                                                                
                    opt.ckpt_path=PosixPath('results/BSBUnfold_OmniFold_train_small_KL001fix_iter10M_4x45_SelfCond')!                              
[16:10:53] INFO     (0:23:19) train_it 110001/1000000 | lr:1.10e-04 | loss:+2.8237                                                                 
[16:11:53] INFO     (0:24:19) train_it 115001/1000000 | lr:9.91e-05 | loss:+2.8193                                                                 
[16:12:56] INFO     (0:25:22) train_it 120001/1000000 | lr:8.96e-05 | loss:+2.8320                                                                 
           INFO     (0:25:22) Saved latest(it=120000) checkpoint to                                                                                
                    opt.ckpt_path=PosixPath('results/BSBUnfold_OmniFold_train_small_KL001fix_iter10M_4x45_SelfCond')!                              
[16:13:59] INFO     (0:26:25) train_it 125001/1000000 | lr:8.11e-05 | loss:+2.8162                                                                 
[16:14:58] INFO     (0:27:25) train_it 130001/1000000 | lr:7.33e-05 | loss:+2.7987                                                                 
[16:15:58] INFO     (0:28:25) train_it 135001/1000000 | lr:6.63e-05 | loss:+2.7921                                                                 
           INFO     (0:28:25) Saved latest(it=135000) checkpoint to                                                                                
                    opt.ckpt_path=PosixPath('results/BSBUnfold_OmniFold_train_small_KL001fix_iter10M_4x45_SelfCond')!                              
[16:17:03] INFO     (0:29:30) train_it 140001/1000000 | lr:6.00e-05 | loss:+2.7947                                                                 
[16:18:08] INFO     (0:30:34) train_it 145001/1000000 | lr:5.42e-05 | loss:+2.7836                                                                 
[16:19:12] INFO     (0:31:38) train_it 150001/1000000 | lr:4.90e-05 | loss:+2.8032                                                                 
           INFO     (0:31:39) Saved latest(it=150000) checkpoint to                                                                                
                    opt.ckpt_path=PosixPath('results/BSBUnfold_OmniFold_train_small_KL001fix_iter10M_4x45_SelfCond')!                              
[16:20:17] INFO     (0:32:43) train_it 155001/1000000 | lr:4.44e-05 | loss:+2.7803                                                                 
[16:21:21] INFO     (0:33:47) train_it 160001/1000000 | lr:4.01e-05 | loss:+2.7918                                                                 
[16:22:24] INFO     (0:34:51) train_it 165001/1000000 | lr:3.63e-05 | loss:+2.7702                                                                 
           INFO     (0:34:51) Saved latest(it=165000) checkpoint to                                                                                
                    opt.ckpt_path=PosixPath('results/BSBUnfold_OmniFold_train_small_KL001fix_iter10M_4x45_SelfCond')!                              
[16:23:28] INFO     (0:35:54) train_it 170001/1000000 | lr:3.28e-05 | loss:+2.7857                                                                 
[16:24:27] INFO     (0:36:54) train_it 175001/1000000 | lr:2.97e-05 | loss:+2.7881                                                                 
[16:25:27] INFO     (0:37:54) train_it 180001/1000000 | lr:2.68e-05 | loss:+2.7863                                                                 
           INFO     (0:37:54) Saved latest(it=180000) checkpoint to                                                                                
                    opt.ckpt_path=PosixPath('results/BSBUnfold_OmniFold_train_small_KL001fix_iter10M_4x45_SelfCond')!                              
[16:26:27] INFO     (0:38:53) train_it 185001/1000000 | lr:2.43e-05 | loss:+2.7797                                                                 
[16:27:27] INFO     (0:39:53) train_it 190001/1000000 | lr:2.19e-05 | loss:+2.7884                                                                 
[16:28:27] INFO     (0:40:53) train_it 195001/1000000 | lr:1.98e-05 | loss:+2.7735                                                                 
           INFO     (0:40:53) Saved latest(it=195000) checkpoint to                                                                                
                    opt.ckpt_path=PosixPath('results/BSBUnfold_OmniFold_train_small_KL001fix_iter10M_4x45_SelfCond')!                              
[16:29:27] INFO     (0:41:53) train_it 200001/1000000 | lr:1.80e-05 | loss:+2.7797                                                                 
[16:30:27] INFO     (0:42:53) train_it 205001/1000000 | lr:1.62e-05 | loss:+2.7784                                                                 
[16:31:27] INFO     (0:43:53) train_it 210001/1000000 | lr:1.47e-05 | loss:+2.7765                                                                 
           INFO     (0:43:53) Saved latest(it=210000) checkpoint to                                                                                
                    opt.ckpt_path=PosixPath('results/BSBUnfold_OmniFold_train_small_KL001fix_iter10M_4x45_SelfCond')!                              
[16:32:27] INFO     (0:44:54) train_it 215001/1000000 | lr:1.33e-05 | loss:+2.7705                                                                 
[16:33:31] INFO     (0:45:57) train_it 220001/1000000 | lr:1.20e-05 | loss:+2.7832                                                                 
[16:34:35] INFO     (0:47:01) train_it 225001/1000000 | lr:1.09e-05 | loss:+2.7722                                                                 
           INFO     (0:47:01) Saved latest(it=225000) checkpoint to                                                                                
                    opt.ckpt_path=PosixPath('results/BSBUnfold_OmniFold_train_small_KL001fix_iter10M_4x45_SelfCond')!                              
[16:35:39] INFO     (0:48:05) train_it 230001/1000000 | lr:9.82e-06 | loss:+2.7739                                                                 
[16:36:43] INFO     (0:49:10) train_it 235001/1000000 | lr:8.88e-06 | loss:+2.7685                                                                 
[16:37:47] INFO     (0:50:13) train_it 240001/1000000 | lr:8.03e-06 | loss:+2.7814                                                                 
           INFO     (0:50:13) Saved latest(it=240000) checkpoint to                                                                                
                    opt.ckpt_path=PosixPath('results/BSBUnfold_OmniFold_train_small_KL001fix_iter10M_4x45_SelfCond')!                              
[16:38:51] INFO     (0:51:17) train_it 245001/1000000 | lr:7.27e-06 | loss:+2.7768                                                                 
[16:39:53] INFO     (0:52:19) train_it 250001/1000000 | lr:6.57e-06 | loss:+2.7770                                                                 
[16:40:52] INFO     (0:53:19) train_it 255001/1000000 | lr:5.94e-06 | loss:+2.7806                                                                 
           INFO     (0:53:19) Saved latest(it=255000) checkpoint to                                                                                
                    opt.ckpt_path=PosixPath('results/BSBUnfold_OmniFold_train_small_KL001fix_iter10M_4x45_SelfCond')!                              
[16:41:52] INFO     (0:54:18) train_it 260001/1000000 | lr:5.37e-06 | loss:+2.7648                                                                 
[16:42:52] INFO     (0:55:18) train_it 265001/1000000 | lr:4.86e-06 | loss:+2.7636                                                                 
[16:43:52] INFO     (0:56:18) train_it 270001/1000000 | lr:4.40e-06 | loss:+2.7838                                                                 
           INFO     (0:56:18) Saved latest(it=270000) checkpoint to                                                                                
                    opt.ckpt_path=PosixPath('results/BSBUnfold_OmniFold_train_small_KL001fix_iter10M_4x45_SelfCond')!                              
[16:44:51] INFO     (0:57:17) train_it 275001/1000000 | lr:3.98e-06 | loss:+2.7722                                                                 
[16:45:50] INFO     (0:58:16) train_it 280001/1000000 | lr:3.60e-06 | loss:+2.7736                                                                 
[16:46:49] INFO     (0:59:15) train_it 285001/1000000 | lr:3.25e-06 | loss:+2.7826                                                                 
           INFO     (0:59:15) Saved latest(it=285000) checkpoint to                                                                                
                    opt.ckpt_path=PosixPath('results/BSBUnfold_OmniFold_train_small_KL001fix_iter10M_4x45_SelfCond')!                              
[16:47:48] INFO     (1:00:15) train_it 290001/1000000 | lr:2.94e-06 | loss:+2.7784                                                                 
[16:48:48] INFO     (1:01:14) train_it 295001/1000000 | lr:2.66e-06 | loss:+2.7792                                                                 
[16:49:47] INFO     (1:02:13) train_it 300001/1000000 | lr:2.41e-06 | loss:+2.7751                                                                 
           INFO     (1:02:13) Saved latest(it=300000) checkpoint to                                                                                
                    opt.ckpt_path=PosixPath('results/BSBUnfold_OmniFold_train_small_KL001fix_iter10M_4x45_SelfCond')!                              
[16:50:46] INFO     (1:03:13) train_it 305001/1000000 | lr:2.18e-06 | loss:+2.7712                                                                 
[16:51:45] INFO     (1:04:12) train_it 310001/1000000 | lr:1.97e-06 | loss:+2.7730                                                                 
[16:52:44] INFO     (1:05:11) train_it 315001/1000000 | lr:1.78e-06 | loss:+2.7737                                                                 
[16:52:45] INFO     (1:05:11) Saved latest(it=315000) checkpoint to                                                                                
                    opt.ckpt_path=PosixPath('results/BSBUnfold_OmniFold_train_small_KL001fix_iter10M_4x45_SelfCond')!                              
[16:53:44] INFO     (1:06:11) train_it 320001/1000000 | lr:1.61e-06 | loss:+2.7759                                                                 
[16:54:47] INFO     (1:07:13) train_it 325001/1000000 | lr:1.46e-06 | loss:+2.7760                                                                 
[16:55:46] INFO     (1:08:12) train_it 330001/1000000 | lr:1.32e-06 | loss:+2.7871                                                                 
           INFO     (1:08:12) Saved latest(it=330000) checkpoint to                                                                                
                    opt.ckpt_path=PosixPath('results/BSBUnfold_OmniFold_train_small_KL001fix_iter10M_4x45_SelfCond')!                              
[16:56:45] INFO     (1:09:11) train_it 335001/1000000 | lr:1.19e-06 | loss:+2.7666                                                                 
[16:57:45] INFO     (1:10:11) train_it 340001/1000000 | lr:1.08e-06 | loss:+2.7634                                                                 
[16:58:44] INFO     (1:11:10) train_it 345001/1000000 | lr:9.73e-07 | loss:+2.7639                                                                 
           INFO     (1:11:10) Saved latest(it=345000) checkpoint to                                                                                
                    opt.ckpt_path=PosixPath('results/BSBUnfold_OmniFold_train_small_KL001fix_iter10M_4x45_SelfCond')!                              
[16:59:43] INFO     (1:12:10) train_it 350001/1000000 | lr:8.80e-07 | loss:+2.7704                                                                 
[17:00:46] INFO     (1:13:12) train_it 355001/1000000 | lr:7.96e-07 | loss:+2.7728                                                                 
[17:01:50] INFO     (1:14:17) train_it 360001/1000000 | lr:7.20e-07 | loss:+2.7757                                                                 
           INFO     (1:14:17) Saved latest(it=360000) checkpoint to                                                                                
                    opt.ckpt_path=PosixPath('results/BSBUnfold_OmniFold_train_small_KL001fix_iter10M_4x45_SelfCond')!                              
[17:02:54] INFO     (1:15:21) train_it 365001/1000000 | lr:6.51e-07 | loss:+2.7665                                                                 
[17:03:59] INFO     (1:16:25) train_it 370001/1000000 | lr:5.89e-07 | loss:+2.7578                                                                 
[17:05:03] INFO     (1:17:29) train_it 375001/1000000 | lr:5.33e-07 | loss:+2.7681                                                                 
           INFO     (1:17:29) Saved latest(it=375000) checkpoint to                                                                                
                    opt.ckpt_path=PosixPath('results/BSBUnfold_OmniFold_train_small_KL001fix_iter10M_4x45_SelfCond')!                              
[17:06:07] INFO     (1:18:33) train_it 380001/1000000 | lr:4.82e-07 | loss:+2.7799                                                                 
[17:07:08] INFO     (1:19:35) train_it 385001/1000000 | lr:4.36e-07 | loss:+2.7647                                                                 
[17:08:08] INFO     (1:20:35) train_it 390001/1000000 | lr:3.94e-07 | loss:+2.7724                                                                 
           INFO     (1:20:35) Saved latest(it=390000) checkpoint to                                                                                
                    opt.ckpt_path=PosixPath('results/BSBUnfold_OmniFold_train_small_KL001fix_iter10M_4x45_SelfCond')!                              
[17:09:08] INFO     (1:21:35) train_it 395001/1000000 | lr:3.56e-07 | loss:+2.7663                                                                 
[17:10:08] INFO     (1:22:34) train_it 400001/1000000 | lr:3.22e-07 | loss:+2.7691                                                                 
[17:11:11] INFO     (1:23:37) train_it 405001/1000000 | lr:2.91e-07 | loss:+2.7762                                                                 
           INFO     (1:23:37) Saved latest(it=405000) checkpoint to                                                                                
                    opt.ckpt_path=PosixPath('results/BSBUnfold_OmniFold_train_small_KL001fix_iter10M_4x45_SelfCond')!                              
[17:12:15] INFO     (1:24:41) train_it 410001/1000000 | lr:2.64e-07 | loss:+2.7725                                                                 
[17:13:18] INFO     (1:25:44) train_it 415001/1000000 | lr:2.38e-07 | loss:+2.7744                                                                 
[17:14:22] INFO     (1:26:49) train_it 420001/1000000 | lr:2.16e-07 | loss:+2.7685                                                                 
           INFO     (1:26:49) Saved latest(it=420000) checkpoint to                                                                                
                    opt.ckpt_path=PosixPath('results/BSBUnfold_OmniFold_train_small_KL001fix_iter10M_4x45_SelfCond')!                              
[17:15:27] INFO     (1:27:54) train_it 425001/1000000 | lr:1.95e-07 | loss:+2.7796                                                                 
[17:16:32] INFO     (1:28:59) train_it 430001/1000000 | lr:1.76e-07 | loss:+2.7736                                                                 
[17:17:38] INFO     (1:30:04) train_it 435001/1000000 | lr:1.59e-07 | loss:+2.7630                                                                 
           INFO     (1:30:04) Saved latest(it=435000) checkpoint to                                                                                
                    opt.ckpt_path=PosixPath('results/BSBUnfold_OmniFold_train_small_KL001fix_iter10M_4x45_SelfCond')!                              
[17:18:43] INFO     (1:31:09) train_it 440001/1000000 | lr:1.44e-07 | loss:+2.7734                                                                 
[17:19:47] INFO     (1:32:13) train_it 445001/1000000 | lr:1.30e-07 | loss:+2.7629                                                                 
[17:20:51] INFO     (1:33:18) train_it 450001/1000000 | lr:1.18e-07 | loss:+2.7771                                                                 
           INFO     (1:33:18) Saved latest(it=450000) checkpoint to                                                                                
                    opt.ckpt_path=PosixPath('results/BSBUnfold_OmniFold_train_small_KL001fix_iter10M_4x45_SelfCond')!                              
[17:21:56] INFO     (1:34:23) train_it 455001/1000000 | lr:1.07e-07 | loss:+2.7593                                                                 
[17:23:01] INFO     (1:35:27) train_it 460001/1000000 | lr:9.65e-08 | loss:+2.7705                                                                 
[17:24:06] INFO     (1:36:33) train_it 465001/1000000 | lr:8.72e-08 | loss:+2.7633                                                                 
           INFO     (1:36:33) Saved latest(it=465000) checkpoint to                                                                                
                    opt.ckpt_path=PosixPath('results/BSBUnfold_OmniFold_train_small_KL001fix_iter10M_4x45_SelfCond')!                              
[17:25:11] INFO     (1:37:38) train_it 470001/1000000 | lr:7.89e-08 | loss:+2.7691                                                                 
[17:26:16] INFO     (1:38:42) train_it 475001/1000000 | lr:7.14e-08 | loss:+2.7627                                                                 
[17:27:21] INFO     (1:39:47) train_it 480001/1000000 | lr:6.45e-08 | loss:+2.7758                                                                 
           INFO     (1:39:48) Saved latest(it=480000) checkpoint to                                                                                
                    opt.ckpt_path=PosixPath('results/BSBUnfold_OmniFold_train_small_KL001fix_iter10M_4x45_SelfCond')!                              
[17:28:26] INFO     (1:40:53) train_it 485001/1000000 | lr:5.84e-08 | loss:+2.7680                                                                 
[17:29:31] INFO     (1:41:58) train_it 490001/1000000 | lr:5.28e-08 | loss:+2.7798                                                                 
[17:30:36] INFO     (1:43:03) train_it 495001/1000000 | lr:4.77e-08 | loss:+2.7729                                                                 
[17:30:37] INFO     (1:43:03) Saved latest(it=495000) checkpoint to                                                                                
                    opt.ckpt_path=PosixPath('results/BSBUnfold_OmniFold_train_small_KL001fix_iter10M_4x45_SelfCond')!                              
[17:31:41] INFO     (1:44:08) train_it 500001/1000000 | lr:4.32e-08 | loss:+2.7676                                                                 
[17:32:46] INFO     (1:45:13) train_it 505001/1000000 | lr:3.90e-08 | loss:+2.7692                                                                 
[17:33:49] INFO     (1:46:16) train_it 510001/1000000 | lr:3.53e-08 | loss:+2.7647                                                                 
[17:33:50] INFO     (1:46:16) Saved latest(it=510000) checkpoint to                                                                                
                    opt.ckpt_path=PosixPath('results/BSBUnfold_OmniFold_train_small_KL001fix_iter10M_4x45_SelfCond')!                              
[17:34:50] INFO     (1:47:16) train_it 515001/1000000 | lr:3.19e-08 | loss:+2.7760                                                                 
[17:35:54] INFO     (1:48:20) train_it 520001/1000000 | lr:2.89e-08 | loss:+2.7760                                                                 
[17:36:55] INFO     (1:49:21) train_it 525001/1000000 | lr:2.61e-08 | loss:+2.7736                                                                 
           INFO     (1:49:22) Saved latest(it=525000) checkpoint to                                                                                
                    opt.ckpt_path=PosixPath('results/BSBUnfold_OmniFold_train_small_KL001fix_iter10M_4x45_SelfCond')!                              
[17:38:00] INFO     (1:50:26) train_it 530001/1000000 | lr:2.36e-08 | loss:+2.7739                                                                 
[17:39:01] INFO     (1:51:27) train_it 535001/1000000 | lr:2.14e-08 | loss:+2.7624                                                                 
[17:40:06] INFO     (1:52:32) train_it 540001/1000000 | lr:1.93e-08 | loss:+2.7697                                                                 
           INFO     (1:52:32) Saved latest(it=540000) checkpoint to                                                                                
                    opt.ckpt_path=PosixPath('results/BSBUnfold_OmniFold_train_small_KL001fix_iter10M_4x45_SelfCond')!                              
[17:41:11] INFO     (1:53:37) train_it 545001/1000000 | lr:1.75e-08 | loss:+2.7662                                                                 
[17:42:16] INFO     (1:54:42) train_it 550001/1000000 | lr:1.58e-08 | loss:+2.7688                                                                 
[17:43:21] INFO     (1:55:47) train_it 555001/1000000 | lr:1.43e-08 | loss:+2.7634                                                                 
           INFO     (1:55:47) Saved latest(it=555000) checkpoint to                                                                                
                    opt.ckpt_path=PosixPath('results/BSBUnfold_OmniFold_train_small_KL001fix_iter10M_4x45_SelfCond')!                              
[17:44:26] INFO     (1:56:52) train_it 560001/1000000 | lr:1.29e-08 | loss:+2.7678                                                                 
[17:45:31] INFO     (1:57:57) train_it 565001/1000000 | lr:1.17e-08 | loss:+2.7825                                                                 
[17:46:35] INFO     (1:59:01) train_it 570001/1000000 | lr:1.06e-08 | loss:+2.7640                                                                 
           INFO     (1:59:01) Saved latest(it=570000) checkpoint to                                                                                
                    opt.ckpt_path=PosixPath('results/BSBUnfold_OmniFold_train_small_KL001fix_iter10M_4x45_SelfCond')!                              
[17:47:38] INFO     (2:00:05) train_it 575001/1000000 | lr:9.56e-09 | loss:+2.7644                                                                 
[17:48:42] INFO     (2:01:08) train_it 580001/1000000 | lr:8.65e-09 | loss:+2.7687                                                                 
[17:49:44] INFO     (2:02:10) train_it 585001/1000000 | lr:7.82e-09 | loss:+2.7757                                                                 
           INFO     (2:02:11) Saved latest(it=585000) checkpoint to                                                                                
                    opt.ckpt_path=PosixPath('results/BSBUnfold_OmniFold_train_small_KL001fix_iter10M_4x45_SelfCond')!                              
[17:50:44] INFO     (2:03:10) train_it 590001/1000000 | lr:7.07e-09 | loss:+2.7701                                                                 
[17:51:44] INFO     (2:04:10) train_it 595001/1000000 | lr:6.40e-09 | loss:+2.7740                                                                 
[17:52:44] INFO     (2:05:10) train_it 600001/1000000 | lr:5.78e-09 | loss:+2.7839                                                                 
           INFO     (2:05:11) Saved latest(it=600000) checkpoint to                                                                                
                    opt.ckpt_path=PosixPath('results/BSBUnfold_OmniFold_train_small_KL001fix_iter10M_4x45_SelfCond')!                              
[17:53:49] INFO     (2:06:16) train_it 605001/1000000 | lr:5.23e-09 | loss:+2.7662                                                                 
[17:54:55] INFO     (2:07:21) train_it 610001/1000000 | lr:4.73e-09 | loss:+2.7661                                                                 
[17:56:00] INFO     (2:08:26) train_it 615001/1000000 | lr:4.28e-09 | loss:+2.7731                                                                 
           INFO     (2:08:26) Saved latest(it=615000) checkpoint to                                                                                
                    opt.ckpt_path=PosixPath('results/BSBUnfold_OmniFold_train_small_KL001fix_iter10M_4x45_SelfCond')!                              
[17:57:04] INFO     (2:09:31) train_it 620001/1000000 | lr:3.87e-09 | loss:+2.7705                                                                 
[17:58:04] INFO     (2:10:31) train_it 625001/1000000 | lr:3.50e-09 | loss:+2.7708                                                                 
[17:59:09] INFO     (2:11:35) train_it 630001/1000000 | lr:3.16e-09 | loss:+2.7705                                                                 
           INFO     (2:11:35) Saved latest(it=630000) checkpoint to                                                                                
                    opt.ckpt_path=PosixPath('results/BSBUnfold_OmniFold_train_small_KL001fix_iter10M_4x45_SelfCond')!                              
[18:00:11] INFO     (2:12:37) train_it 635001/1000000 | lr:2.86e-09 | loss:+2.7761                                                                 
[18:01:13] INFO     (2:13:39) train_it 640001/1000000 | lr:2.59e-09 | loss:+2.7713                                                                 
[18:02:13] INFO     (2:14:39) train_it 645001/1000000 | lr:2.34e-09 | loss:+2.7725                                                                 
           INFO     (2:14:39) Saved latest(it=645000) checkpoint to                                                                                
                    opt.ckpt_path=PosixPath('results/BSBUnfold_OmniFold_train_small_KL001fix_iter10M_4x45_SelfCond')!                              
[18:03:14] INFO     (2:15:40) train_it 650001/1000000 | lr:2.12e-09 | loss:+2.7722                                                                 
[18:04:13] INFO     (2:16:40) train_it 655001/1000000 | lr:1.91e-09 | loss:+2.7810                                                                 
[18:05:17] INFO     (2:17:43) train_it 660001/1000000 | lr:1.73e-09 | loss:+2.7746                                                                 
           INFO     (2:17:43) Saved latest(it=660000) checkpoint to                                                                                
                    opt.ckpt_path=PosixPath('results/BSBUnfold_OmniFold_train_small_KL001fix_iter10M_4x45_SelfCond')!                              
[18:06:21] INFO     (2:18:47) train_it 665001/1000000 | lr:1.57e-09 | loss:+2.7675                                                                 
[18:07:25] INFO     (2:19:51) train_it 670001/1000000 | lr:1.42e-09 | loss:+2.7571                                                                 
[18:08:24] INFO     (2:20:51) train_it 675001/1000000 | lr:1.28e-09 | loss:+2.7716                                                                 
           INFO     (2:20:51) Saved latest(it=675000) checkpoint to                                                                                
                    opt.ckpt_path=PosixPath('results/BSBUnfold_OmniFold_train_small_KL001fix_iter10M_4x45_SelfCond')!                              
[18:09:24] INFO     (2:21:51) train_it 680001/1000000 | lr:1.16e-09 | loss:+2.7641                                                                 
[18:10:24] INFO     (2:22:50) train_it 685001/1000000 | lr:1.05e-09 | loss:+2.7737                                                                 
[18:11:24] INFO     (2:23:50) train_it 690001/1000000 | lr:9.47e-10 | loss:+2.7670                                                                 
           INFO     (2:23:50) Saved latest(it=690000) checkpoint to                                                                                
                    opt.ckpt_path=PosixPath('results/BSBUnfold_OmniFold_train_small_KL001fix_iter10M_4x45_SelfCond')!                              
[18:12:24] INFO     (2:24:50) train_it 695001/1000000 | lr:8.57e-10 | loss:+2.7734                                                                 
[18:13:24] INFO     (2:25:50) train_it 700001/1000000 | lr:7.75e-10 | loss:+2.7779                                                                 
[18:14:23] INFO     (2:26:50) train_it 705001/1000000 | lr:7.01e-10 | loss:+2.7732                                                                 
[18:14:24] INFO     (2:26:50) Saved latest(it=705000) checkpoint to                                                                                
                    opt.ckpt_path=PosixPath('results/BSBUnfold_OmniFold_train_small_KL001fix_iter10M_4x45_SelfCond')!                              
[18:15:26] INFO     (2:27:52) train_it 710001/1000000 | lr:6.34e-10 | loss:+2.7731                                                                 
[18:16:30] INFO     (2:28:57) train_it 715001/1000000 | lr:5.73e-10 | loss:+2.7777                                                                 
[18:17:35] INFO     (2:30:02) train_it 720001/1000000 | lr:5.18e-10 | loss:+2.7725                                                                 
           INFO     (2:30:02) Saved latest(it=720000) checkpoint to                                                                                
                    opt.ckpt_path=PosixPath('results/BSBUnfold_OmniFold_train_small_KL001fix_iter10M_4x45_SelfCond')!                              
[18:18:40] INFO     (2:31:06) train_it 725001/1000000 | lr:4.69e-10 | loss:+2.7754                                                                 
[18:19:45] INFO     (2:32:12) train_it 730001/1000000 | lr:4.24e-10 | loss:+2.7636                                                                 
[18:20:51] INFO     (2:33:17) train_it 735001/1000000 | lr:3.83e-10 | loss:+2.7643                                                                 
           INFO     (2:33:17) Saved latest(it=735000) checkpoint to                                                                                
                    opt.ckpt_path=PosixPath('results/BSBUnfold_OmniFold_train_small_KL001fix_iter10M_4x45_SelfCond')!                              
[18:21:56] INFO     (2:34:23) train_it 740001/1000000 | lr:3.47e-10 | loss:+2.7751                                                                 
[18:23:02] INFO     (2:35:29) train_it 745001/1000000 | lr:3.14e-10 | loss:+2.7691                                                                 
[18:24:07] INFO     (2:36:33) train_it 750001/1000000 | lr:2.84e-10 | loss:+2.7703                                                                 
           INFO     (2:36:33) Saved latest(it=750000) checkpoint to                                                                                
                    opt.ckpt_path=PosixPath('results/BSBUnfold_OmniFold_train_small_KL001fix_iter10M_4x45_SelfCond')!                              
[18:25:11] INFO     (2:37:38) train_it 755001/1000000 | lr:2.57e-10 | loss:+2.7646                                                                 
[18:26:15] INFO     (2:38:41) train_it 760001/1000000 | lr:2.32e-10 | loss:+2.7686                                                                 
[18:27:14] INFO     (2:39:40) train_it 765001/1000000 | lr:2.10e-10 | loss:+2.7654                                                                 
           INFO     (2:39:41) Saved latest(it=765000) checkpoint to                                                                                
                    opt.ckpt_path=PosixPath('results/BSBUnfold_OmniFold_train_small_KL001fix_iter10M_4x45_SelfCond')!                              
[18:28:16] INFO     (2:40:43) train_it 770001/1000000 | lr:1.90e-10 | loss:+2.7626                                                                 
[18:29:16] INFO     (2:41:43) train_it 775001/1000000 | lr:1.72e-10 | loss:+2.7712                                                                 
[18:30:15] INFO     (2:42:42) train_it 780001/1000000 | lr:1.55e-10 | loss:+2.7654                                                                 
[18:30:16] INFO     (2:42:42) Saved latest(it=780000) checkpoint to                                                                                
                    opt.ckpt_path=PosixPath('results/BSBUnfold_OmniFold_train_small_KL001fix_iter10M_4x45_SelfCond')!                              
[18:31:15] INFO     (2:43:41) train_it 785001/1000000 | lr:1.40e-10 | loss:+2.7731                                                                 
[18:32:15] INFO     (2:44:42) train_it 790001/1000000 | lr:1.27e-10 | loss:+2.7590                                                                 
[18:33:15] INFO     (2:45:41) train_it 795001/1000000 | lr:1.15e-10 | loss:+2.7670                                                                 
           INFO     (2:45:41) Saved latest(it=795000) checkpoint to                                                                                
                    opt.ckpt_path=PosixPath('results/BSBUnfold_OmniFold_train_small_KL001fix_iter10M_4x45_SelfCond')!                              
[18:34:15] INFO     (2:46:41) train_it 800001/1000000 | lr:1.04e-10 | loss:+2.7695                                                                 
[18:35:18] INFO     (2:47:45) train_it 805001/1000000 | lr:9.39e-11 | loss:+2.7782                                                                 
[18:36:23] INFO     (2:48:49) train_it 810001/1000000 | lr:8.49e-11 | loss:+2.7680                                                                 
           INFO     (2:48:49) Saved latest(it=810000) checkpoint to                                                                                
                    opt.ckpt_path=PosixPath('results/BSBUnfold_OmniFold_train_small_KL001fix_iter10M_4x45_SelfCond')!                              
[18:37:27] INFO     (2:49:54) train_it 815001/1000000 | lr:7.68e-11 | loss:+2.7685                                                                 
[18:38:32] INFO     (2:50:58) train_it 820001/1000000 | lr:6.95e-11 | loss:+2.7713                                                                 
[18:39:34] INFO     (2:52:01) train_it 825001/1000000 | lr:6.28e-11 | loss:+2.7774                                                                 
[18:39:35] INFO     (2:52:01) Saved latest(it=825000) checkpoint to                                                                                
                    opt.ckpt_path=PosixPath('results/BSBUnfold_OmniFold_train_small_KL001fix_iter10M_4x45_SelfCond')!                              
[18:40:38] INFO     (2:53:05) train_it 830001/1000000 | lr:5.68e-11 | loss:+2.7702                                                                 
[18:41:41] INFO     (2:54:07) train_it 835001/1000000 | lr:5.14e-11 | loss:+2.7732                                                                 
[18:42:44] INFO     (2:55:11) train_it 840001/1000000 | lr:4.65e-11 | loss:+2.7742                                                                 
[18:42:45] INFO     (2:55:11) Saved latest(it=840000) checkpoint to                                                                                
                    opt.ckpt_path=PosixPath('results/BSBUnfold_OmniFold_train_small_KL001fix_iter10M_4x45_SelfCond')!                              
[18:43:48] INFO     (2:56:14) train_it 845001/1000000 | lr:4.20e-11 | loss:+2.7703                                                                 
[18:44:49] INFO     (2:57:15) train_it 850001/1000000 | lr:3.80e-11 | loss:+2.7708                                                                 
[18:45:48] INFO     (2:58:15) train_it 855001/1000000 | lr:3.44e-11 | loss:+2.7751                                                                 
[18:45:49] INFO     (2:58:15) Saved latest(it=855000) checkpoint to                                                                                
                    opt.ckpt_path=PosixPath('results/BSBUnfold_OmniFold_train_small_KL001fix_iter10M_4x45_SelfCond')!                              
[18:46:49] INFO     (2:59:15) train_it 860001/1000000 | lr:3.11e-11 | loss:+2.7672                                                                 
[18:47:49] INFO     (3:00:15) train_it 865001/1000000 | lr:2.81e-11 | loss:+2.7683                                                                 
[18:48:48] INFO     (3:01:15) train_it 870001/1000000 | lr:2.54e-11 | loss:+2.7762                                                                 
[18:48:49] INFO     (3:01:15) Saved latest(it=870000) checkpoint to                                                                                
                    opt.ckpt_path=PosixPath('results/BSBUnfold_OmniFold_train_small_KL001fix_iter10M_4x45_SelfCond')!                              
[18:49:49] INFO     (3:02:16) train_it 875001/1000000 | lr:2.30e-11 | loss:+2.7684                                                                 
[18:50:49] INFO     (3:03:15) train_it 880001/1000000 | lr:2.08e-11 | loss:+2.7670                                                                 
[18:51:50] INFO     (3:04:17) train_it 885001/1000000 | lr:1.88e-11 | loss:+2.7629                                                                 
[18:51:51] INFO     (3:04:17) Saved latest(it=885000) checkpoint to                                                                                
                    opt.ckpt_path=PosixPath('results/BSBUnfold_OmniFold_train_small_KL001fix_iter10M_4x45_SelfCond')!                              
[18:52:54] INFO     (3:05:21) train_it 890001/1000000 | lr:1.70e-11 | loss:+2.7681                                                                 
[18:53:58] INFO     (3:06:25) train_it 895001/1000000 | lr:1.54e-11 | loss:+2.7679                                                                 
[18:55:03] INFO     (3:07:29) train_it 900001/1000000 | lr:1.39e-11 | loss:+2.7656                                                                 
           INFO     (3:07:29) Saved latest(it=900000) checkpoint to                                                                                
                    opt.ckpt_path=PosixPath('results/BSBUnfold_OmniFold_train_small_KL001fix_iter10M_4x45_SelfCond')!                              
[18:56:07] INFO     (3:08:33) train_it 905001/1000000 | lr:1.26e-11 | loss:+2.7734                                                                 
[18:57:11] INFO     (3:09:37) train_it 910001/1000000 | lr:1.14e-11 | loss:+2.7657                                                                 
[18:58:14] INFO     (3:10:41) train_it 915001/1000000 | lr:1.03e-11 | loss:+2.7592                                                                 
           INFO     (3:10:41) Saved latest(it=915000) checkpoint to                                                                                
                    opt.ckpt_path=PosixPath('results/BSBUnfold_OmniFold_train_small_KL001fix_iter10M_4x45_SelfCond')!                              
[18:59:15] INFO     (3:11:42) train_it 920001/1000000 | lr:9.31e-12 | loss:+2.7767                                                                 
[19:00:18] INFO     (3:12:44) train_it 925001/1000000 | lr:8.42e-12 | loss:+2.7670                                                                 
[19:01:22] INFO     (3:13:48) train_it 930001/1000000 | lr:7.61e-12 | loss:+2.7775                                                                 
           INFO     (3:13:48) Saved latest(it=930000) checkpoint to                                                                                
                    opt.ckpt_path=PosixPath('results/BSBUnfold_OmniFold_train_small_KL001fix_iter10M_4x45_SelfCond')!                              
[19:02:26] INFO     (3:14:52) train_it 935001/1000000 | lr:6.88e-12 | loss:+2.7728                                                                 
[19:03:27] INFO     (3:15:54) train_it 940001/1000000 | lr:6.23e-12 | loss:+2.7683                                                                 
[19:04:26] INFO     (3:16:53) train_it 945001/1000000 | lr:5.63e-12 | loss:+2.7737                                                                 
           INFO     (3:16:53) Saved latest(it=945000) checkpoint to                                                                                
                    opt.ckpt_path=PosixPath('results/BSBUnfold_OmniFold_train_small_KL001fix_iter10M_4x45_SelfCond')!                              
[19:05:29] INFO     (3:17:55) train_it 950001/1000000 | lr:5.09e-12 | loss:+2.7596                                                                 
[19:06:31] INFO     (3:18:58) train_it 955001/1000000 | lr:4.60e-12 | loss:+2.7706                                                                 
[19:07:31] INFO     (3:19:57) train_it 960001/1000000 | lr:4.16e-12 | loss:+2.7728                                                                 
           INFO     (3:19:57) Saved latest(it=960000) checkpoint to                                                                                
                    opt.ckpt_path=PosixPath('results/BSBUnfold_OmniFold_train_small_KL001fix_iter10M_4x45_SelfCond')!                              
[19:08:31] INFO     (3:20:57) train_it 965001/1000000 | lr:3.77e-12 | loss:+2.7577                                                                 
[19:09:31] INFO     (3:21:58) train_it 970001/1000000 | lr:3.41e-12 | loss:+2.7649                                                                 
[19:10:30] INFO     (3:22:57) train_it 975001/1000000 | lr:3.08e-12 | loss:+2.7607                                                                 
           INFO     (3:22:57) Saved latest(it=975000) checkpoint to                                                                                
                    opt.ckpt_path=PosixPath('results/BSBUnfold_OmniFold_train_small_KL001fix_iter10M_4x45_SelfCond')!                              
[19:11:31] INFO     (3:23:57) train_it 980001/1000000 | lr:2.79e-12 | loss:+2.7783                                                                 
[19:12:31] INFO     (3:24:57) train_it 985001/1000000 | lr:2.52e-12 | loss:+2.7652                                                                 
[19:13:30] INFO     (3:25:57) train_it 990001/1000000 | lr:2.28e-12 | loss:+2.7808                                                                 
           INFO     (3:25:57) Saved latest(it=990000) checkpoint to                                                                                
                    opt.ckpt_path=PosixPath('results/BSBUnfold_OmniFold_train_small_KL001fix_iter10M_4x45_SelfCond')!                              
[19:14:30] INFO     (3:26:56) train_it 995001/1000000 | lr:2.06e-12 | loss:+2.7655                                                                 
[19:15:30] INFO     (3:27:56) Finish!                                                                                                              
srun: Job 26183193 step creation temporarily disabled, retrying (Requested nodes are busy)
srun: Step created for StepId=26183193.1
usage: sample.py [-h] [--seed SEED] [--n-gpu-per-node N_GPU_PER_NODE] [--master-address MASTER_ADDRESS] [--node-rank NODE_RANK]
                 [--num-proc-node NUM_PROC_NODE] [--partition PARTITION] [--sample-name SAMPLE_NAME] [--batch-size BATCH_SIZE] [--ckpt CKPT]
                 [--nfe NFE] [--clip-denoise] [--use-fp16] [--n-ensemble N_ENSEMBLE] [--n-ensemble-start N_ENSEMBLE_START] [--n-eval N_EVAL]
                 [--save-target SAVE_TARGET] [--hidden-dim HIDDEN_DIM] [--nresnet NRESNET] [--bnn-map]
sample.py: error: unrecognized arguments: --cond-x1
srun: error: nid003904: task 0: Exited with exit code 2
srun: Terminating StepId=26183193.1
